#
# A fatal error has been detected by the Java Runtime Environment:
#
#  SIGSEGV (0xb) at pc=0x00007f21f6ff82f6, pid=16049, tid=139783314450176
#
# JRE version: OpenJDK Runtime Environment (7.0_111-b01) (build 1.7.0_111-b01)
# Java VM: OpenJDK 64-Bit Server VM (24.111-b01 mixed mode linux-amd64 compressed oops)
# Derivative: IcedTea 2.6.7
# Distribution: Debian GNU/Linux 8.5 (jessie), package 7u111-2.6.7-1~deb8u1
# Problematic frame:
# V  [libjvm.so+0x9822f6]
#
# Failed to write core dump. Core dumps have been disabled. To enable core dumping, try "ulimit -c unlimited" before starting Java again
#
# If you would like to submit a bug report, please include
# instructions on how to reproduce the bug and visit:
#   http://icedtea.classpath.org/bugzilla
#

---------------  T H R E A D  ---------------

Current thread (0x00007f21f00b5000):  JavaThread "JDWP Transport Listener: dt_socket" daemon [_thread_in_vm, id=16067, stack(0x00007f21d6bda000,0x00007f21d6cdb000)]

siginfo:si_signo=SIGSEGV: si_errno=0, si_code=2 (SEGV_ACCERR), si_addr=0x00007f21f81b8ff0

Registers:
RAX=0x00000007d747c248, RBX=0x00007f21b0086690, RCX=0x000000000000fca0, RDX=0x000000000000fc9f
RSP=0x00007f21d6cd91a0, RBP=0x00007f21d6cd9250, RSI=0x0000000000000000, RDI=0x0000000000000020
R8 =0x00007f21c4299390, R9 =0x0000000000000000, R10=0x00007f21c4000000, R11=0x0000000000000206
R12=0x00007f21b0086c90, R13=0x00007f21f81b8fe8, R14=0x00007f21d6cd91e0, R15=0x0000000000000000
RIP=0x00007f21f6ff82f6, EFLAGS=0x0000000000010246, CSGSFS=0x0000000000000033, ERR=0x0000000000000004
  TRAPNO=0x000000000000000e

Top of Stack: (sp=0x00007f21d6cd91a0)
0x00007f21d6cd91a0:   0000000000000000 00007f21c41d8070
0x00007f21d6cd91b0:   00007f21f82b59f0 00007f21ed0061f0
0x00007f21d6cd91c0:   00007f21ed005310 00007f2100000000
0x00007f21d6cd91d0:   00007f21f82b5a38 00007f21f82b59f8
0x00007f21d6cd91e0:   00007f21f82b59f0 00007f21ed0061f0
0x00007f21d6cd91f0:   00007f21ed005310 00007f2100000000
0x00007f21d6cd9200:   00007f21f82b5a38 00007f21f82b59f8
0x00007f21d6cd9210:   00007f21f00ace70 d3ce1eef3ec72b00
0x00007f21d6cd9220:   0000000000000000 00007f21f00ace70
0x00007f21d6cd9230:   0000000000000000 00007f21f000c800
0x00007f21d6cd9240:   00007f21c4005fd0 00007f21f000c800
0x00007f21d6cd9250:   00007f21d6cd9330 00007f21f6d2f4a8
0x00007f21d6cd9260:   00007f21d6cd92d0 00007f21f6facb39
0x00007f21d6cd9270:   00007f21f82b59f8 d3ce1eef3ec72b00
0x00007f21d6cd9280:   00000000000083b0 000000013ec72b00
0x00007f21d6cd9290:   00007f21f00b5000 00007f21b008e068
0x00007f21d6cd92a0:   00007f21b0086c90 00007f21b0086080
0x00007f21d6cd92b0:   00007f21f0003a20 00007f21f00ace70
0x00007f21d6cd92c0:   00007f21d6cd9330 00007f21f6facb39
0x00007f21d6cd92d0:   00007f21f82b59a0 d3ce1eef3ec72b00
0x00007f21d6cd92e0:   00007f21ed005310 0000000000000001
0x00007f21d6cd92f0:   00007f21f7475f38 d3ce1eef3ec72b00
0x00007f21d6cd9300:   00007f21c4005fd0 0000000000000001
0x00007f21d6cd9310:   00007f21f7475f38 00007f21f000c800
0x00007f21d6cd9320:   00007f21c4005fd0 00007f21b0086690
0x00007f21d6cd9330:   00007f21d6cd99c0 00007f21f6d2f915
0x00007f21d6cd9340:   00007f21d6cd93e0 00000000000003d8
0x00007f21d6cd9350:   00007f21f00ace70 00007f21f00b5998
0x00007f21d6cd9360:   00007f21f00b55c0 00007f21c4005fd0
0x00007f21d6cd9370:   00007f21d6cd9390 00007f21f00b55b0
0x00007f21d6cd9380:   00007f21f00b5000 00007f21f0003a20
0x00007f21d6cd9390:   00007f21f00b5000 00007f21f00b59a0 

Instructions: (pc=0x00007f21f6ff82f6)
0x00007f21f6ff82d6:   89 45 b0 48 8b 43 30 48 89 45 b8 e8 8a 95 ba ff
0x00007f21f6ff82e6:   49 39 c5 0f 82 11 01 00 00 31 f6 bf 20 00 00 00
0x00007f21f6ff82f6:   4d 8b 7d 08 e8 21 73 f0 ff 48 85 c0 49 89 c0 74
0x00007f21f6ff8306:   17 4c 89 38 48 c7 40 10 00 00 00 00 4c 89 68 08 

Register to memory mapping:

RAX=0x00000007d747c248 is an oop
com.mysql.jdbc.MysqlDataTruncation 
 - klass: 'com/mysql/jdbc/MysqlDataTruncation'
RBX=0x00007f21b0086690 is an unknown value
RCX=0x000000000000fca0 is an unknown value
RDX=0x000000000000fc9f is an unknown value
RSP=0x00007f21d6cd91a0 is pointing into the stack for thread: 0x00007f21f00b5000
RBP=0x00007f21d6cd9250 is pointing into the stack for thread: 0x00007f21f00b5000
RSI=0x0000000000000000 is an unknown value
RDI=0x0000000000000020 is an unknown value
R8 =0x00007f21c4299390 is an unknown value
R9 =0x0000000000000000 is an unknown value
R10=0x00007f21c4000000 is an unknown value
R11=0x0000000000000206 is an unknown value
R12=0x00007f21b0086c90 is an unknown value
R13=0x00007f21f81b8fe8 is pointing into the stack for thread: 0x00007f21f000c800
R14=0x00007f21d6cd91e0 is pointing into the stack for thread: 0x00007f21f00b5000
R15=0x0000000000000000 is an unknown value


Stack: [0x00007f21d6bda000,0x00007f21d6cdb000],  sp=0x00007f21d6cd91a0,  free space=1020k
Native frames: (J=compiled Java code, j=interpreted, Vv=VM code, C=native code)
V  [libjvm.so+0x9822f6]
V  [libjvm.so+0x6b94a8]
V  [libjvm.so+0x6b9915]
V  [libjvm.so+0x6ae8ce]
V  [libjvm.so+0x669dc7]
C  [libjdwp.so+0xa3f6]
C  [libjdwp.so+0x11b18]
C  [libjdwp.so+0x23f65]
V  [libjvm.so+0x6cf580]
V  [libjvm.so+0x939148]
V  [libjvm.so+0x9393f0]
V  [libjvm.so+0x7fc142]


---------------  P R O C E S S  ---------------

Java Threads: ( => current thread )
  0x00007f21f0260000 JavaThread "MySQL Statement Cancellation Timer" daemon [_thread_blocked, id=16078, stack(0x00007f21d4a15000,0x00007f21d4b16000)]
  0x00007f21f00c0000 JavaThread "Service Thread" daemon [_thread_blocked, id=16076, stack(0x00007f21d66d5000,0x00007f21d67d6000)]
  0x00007f21f00be000 JavaThread "C2 CompilerThread1" daemon [_thread_blocked, id=16075, stack(0x00007f21d67d6000,0x00007f21d68d7000)]
  0x00007f21f00bb000 JavaThread "C2 CompilerThread0" daemon [_thread_blocked, id=16074, stack(0x00007f21d68d7000,0x00007f21d69d8000)]
  0x00007f21c4001000 JavaThread "JDWP Command Reader" daemon [_thread_in_native, id=16071, stack(0x00007f21d69d8000,0x00007f21d6ad9000)]
  0x00007f21f00b8800 JavaThread "JDWP Event Helper Thread" daemon [_thread_blocked, id=16068, stack(0x00007f21d6ad9000,0x00007f21d6bda000)]
=>0x00007f21f00b5000 JavaThread "JDWP Transport Listener: dt_socket" daemon [_thread_in_vm, id=16067, stack(0x00007f21d6bda000,0x00007f21d6cdb000)]
  0x00007f21f00a8000 JavaThread "Signal Dispatcher" daemon [_thread_blocked, id=16065, stack(0x00007f21d6ee0000,0x00007f21d6fe1000)]
  0x00007f21f007e800 JavaThread "Finalizer" daemon [_thread_blocked, id=16063, stack(0x00007f21d6fe1000,0x00007f21d70e2000)]
  0x00007f21f007c000 JavaThread "Reference Handler" daemon [_thread_blocked, id=16062, stack(0x00007f21d70e2000,0x00007f21d71e3000)]
  0x00007f21f000c800 JavaThread "main" [_thread_blocked, id=16056, stack(0x00007f21f81b6000,0x00007f21f82b7000)]

Other Threads:
  0x00007f21f0078000 VMThread [stack: 0x00007f21d71e3000,0x00007f21d72e4000] [id=16061]
  0x00007f21f00ca800 WatcherThread [stack: 0x00007f21d65d4000,0x00007f21d66d5000] [id=16077]

VM state:not at safepoint (normal execution)

VM Mutex/Monitor currently owned by a thread: None

Heap
 PSYoungGen      total 37376K, used 6231K [0x00000007d6e80000, 0x00000007d9800000, 0x0000000800000000)
  eden space 32256K, 19% used [0x00000007d6e80000,0x00000007d7495f58,0x00000007d8e00000)
  from space 5120K, 0% used [0x00000007d9300000,0x00000007d9300000,0x00000007d9800000)
  to   space 5120K, 0% used [0x00000007d8e00000,0x00000007d8e00000,0x00000007d9300000)
 ParOldGen       total 83968K, used 0K [0x0000000784c00000, 0x0000000789e00000, 0x00000007d6e80000)
  object space 83968K, 0% used [0x0000000784c00000,0x0000000784c00000,0x0000000789e00000)
 PSPermGen       total 21504K, used 6109K [0x000000077a600000, 0x000000077bb00000, 0x0000000784c00000)
  object space 21504K, 28% used [0x000000077a600000,0x000000077abf76b0,0x000000077bb00000)

Card table byte_map: [0x00007f21f43d3000,0x00007f21f4801000] byte_map_base: 0x00007f21f0800000

Polling page: 0x00007f21f82d5000

Code Cache  [0x00007f21ed000000, 0x00007f21ed270000, 0x00007f21f0000000)
 total_blobs=275 nmethods=22 adapters=215 free_code_cache=48692Kb largest_free_block=49840384

Compilation events (10 events):
Event: 0,327 Thread 0x00007f21f00bb000   18             java.lang.Math::min (11 bytes)
Event: 0,327 Thread 0x00007f21f00bb000 nmethod 18 0x00007f21ed062f50 code [0x00007f21ed063080, 0x00007f21ed0630b8]
Event: 0,336 Thread 0x00007f21f00be000   19             com.mysql.jdbc.SingleByteCharsetConverter::toString (53 bytes)
Event: 0,350 Thread 0x00007f21f00be000 nmethod 19 0x00007f21ed0738d0 code [0x00007f21ed073a40, 0x00007f21ed0740f8]
Event: 0,350 Thread 0x00007f21f00bb000   20             java.util.TreeMap::parentOf (13 bytes)
Event: 0,351 Thread 0x00007f21f00bb000 nmethod 20 0x00007f21ed075090 code [0x00007f21ed0751c0, 0x00007f21ed075218]
Event: 0,351 Thread 0x00007f21f00be000   21             java.lang.CharacterData::of (120 bytes)
Event: 0,351 Thread 0x00007f21f00bb000   22             java.lang.CharacterDataLatin1::getProperties (11 bytes)
Event: 0,352 Thread 0x00007f21f00be000 nmethod 21 0x00007f21ed074e50 code [0x00007f21ed074f80, 0x00007f21ed074ff8]
Event: 0,352 Thread 0x00007f21f00bb000 nmethod 22 0x00007f21ed074c10 code [0x00007f21ed074d40, 0x00007f21ed074dd8]

GC Heap History (0 events):
No events

Deoptimization events (7 events):
Event: 0,169 Thread 0x00007f21f000c800 Uncommon trap: reason=class_check action=maybe_recompile pc=0x00007f21ed06002c method=java.util.Properties$LineReader.readLine()I @ 62
Event: 0,169 Thread 0x00007f21f000c800 Uncommon trap: reason=class_check action=maybe_recompile pc=0x00007f21ed06002c method=java.util.Properties$LineReader.readLine()I @ 62
Event: 0,176 Thread 0x00007f21f000c800 Uncommon trap: reason=unstable_if action=reinterpret pc=0x00007f21ed05f31c method=java.lang.String.indexOf(II)I @ 49
Event: 0,223 Thread 0x00007f21f000c800 Uncommon trap: reason=unstable_if action=reinterpret pc=0x00007f21ed067d2c method=java.lang.String.indexOf([CII[CIII)I @ 3
Event: 0,240 Thread 0x00007f21f000c800 Uncommon trap: reason=class_check action=maybe_recompile pc=0x00007f21ed06002c method=java.util.Properties$LineReader.readLine()I @ 62
Event: 0,240 Thread 0x00007f21f000c800 Uncommon trap: reason=unstable_if action=reinterpret pc=0x00007f21ed05ffd8 method=java.util.Properties$LineReader.readLine()I @ 424
Event: 0,303 Thread 0x00007f21f000c800 Uncommon trap: reason=unstable_if action=reinterpret pc=0x00007f21ed0710f4 method=com.mysql.jdbc.SingleByteCharsetConverter.<clinit>()V @ 63

Internal exceptions (10 events):
Event: 0,329 Thread 0x00007f21f000c800 Threw 0x00000007d7401188 at /home/jmm/jdk/openjdk-7-7u111-2.6.7/build/openjdk/hotspot/src/share/vm/prims/jvm.cpp:1322
Event: 0,330 Thread 0x00007f21f000c800 Threw 0x00000007d7407488 at /home/jmm/jdk/openjdk-7-7u111-2.6.7/build/openjdk/hotspot/src/share/vm/prims/jvm.cpp:1322
Event: 0,358 Thread 0x00007f21f000c800 Threw 0x00000007d744ced0 at /home/jmm/jdk/openjdk-7-7u111-2.6.7/build/openjdk/hotspot/src/share/vm/prims/jvm.cpp:1322
Event: 0,359 Thread 0x00007f21f000c800 Threw 0x00000007d7453ed8 at /home/jmm/jdk/openjdk-7-7u111-2.6.7/build/openjdk/hotspot/src/share/vm/prims/jvm.cpp:1322
Event: 0,360 Thread 0x00007f21f000c800 Threw 0x00000007d7461b70 at /home/jmm/jdk/openjdk-7-7u111-2.6.7/build/openjdk/hotspot/src/share/vm/prims/jvm.cpp:1322
Event: 0,361 Thread 0x00007f21f000c800 Threw 0x00000007d7465990 at /home/jmm/jdk/openjdk-7-7u111-2.6.7/build/openjdk/hotspot/src/share/vm/prims/jvm.cpp:1322
Event: 0,361 Thread 0x00007f21f000c800 Threw 0x00000007d7469440 at /home/jmm/jdk/openjdk-7-7u111-2.6.7/build/openjdk/hotspot/src/share/vm/prims/jvm.cpp:1322
Event: 0,361 Thread 0x00007f21f000c800 Threw 0x00000007d746d388 at /home/jmm/jdk/openjdk-7-7u111-2.6.7/build/openjdk/hotspot/src/share/vm/prims/jvm.cpp:1322
Event: 0,362 Thread 0x00007f21f000c800 Threw 0x00000007d7471350 at /home/jmm/jdk/openjdk-7-7u111-2.6.7/build/openjdk/hotspot/src/share/vm/prims/jvm.cpp:1322
Event: 0,362 Thread 0x00007f21f000c800 Threw 0x00000007d7475138 at /home/jmm/jdk/openjdk-7-7u111-2.6.7/build/openjdk/hotspot/src/share/vm/prims/jvm.cpp:1322

Events (10 events):
Event: 92,935 Executing VM operation: RedefineClasses
Event: 92,936 Executing VM operation: RedefineClasses done
Event: 92,937 Executing VM operation: EnterInterpOnlyMode
Event: 92,937 Executing VM operation: EnterInterpOnlyMode done
Event: 92,937 Executing VM operation: GetCurrentLocation
Event: 92,937 Executing VM operation: GetCurrentLocation done
Event: 92,937 Executing VM operation: ChangeSingleStep
Event: 92,937 Executing VM operation: ChangeSingleStep done
Event: 92,937 Executing VM operation: ChangeSingleStep
Event: 92,937 Executing VM operation: ChangeSingleStep done


Dynamic libraries:
00400000-00401000 r-xp 00000000 08:04 396247                             /usr/lib/jvm/java-7-openjdk-amd64/jre/bin/java
00600000-00601000 r--p 00000000 08:04 396247                             /usr/lib/jvm/java-7-openjdk-amd64/jre/bin/java
00601000-00602000 rw-p 00001000 08:04 396247                             /usr/lib/jvm/java-7-openjdk-amd64/jre/bin/java
0242c000-0244d000 rw-p 00000000 00:00 0                                  [heap]
77a600000-77bb00000 rw-p 00000000 00:00 0 
77bb00000-784c00000 rw-p 00000000 00:00 0 
784c00000-789e00000 rw-p 00000000 00:00 0 
789e00000-7d6e80000 rw-p 00000000 00:00 0 
7d6e80000-7d9800000 rw-p 00000000 00:00 0 
7d9800000-800000000 rw-p 00000000 00:00 0 
7f21a0000000-7f21a0021000 rw-p 00000000 00:00 0 
7f21a0021000-7f21a4000000 ---p 00000000 00:00 0 
7f21a8000000-7f21a8021000 rw-p 00000000 00:00 0 
7f21a8021000-7f21ac000000 ---p 00000000 00:00 0 
7f21ac000000-7f21ac021000 rw-p 00000000 00:00 0 
7f21ac021000-7f21b0000000 ---p 00000000 00:00 0 
7f21b0000000-7f21b0116000 rw-p 00000000 00:00 0 
7f21b0116000-7f21b4000000 ---p 00000000 00:00 0 
7f21b4000000-7f21b40d0000 rw-p 00000000 00:00 0 
7f21b40d0000-7f21b8000000 ---p 00000000 00:00 0 
7f21b8000000-7f21b8021000 rw-p 00000000 00:00 0 
7f21b8021000-7f21bc000000 ---p 00000000 00:00 0 
7f21bc000000-7f21bc021000 rw-p 00000000 00:00 0 
7f21bc021000-7f21c0000000 ---p 00000000 00:00 0 
7f21c0000000-7f21c0021000 rw-p 00000000 00:00 0 
7f21c0021000-7f21c4000000 ---p 00000000 00:00 0 
7f21c4000000-7f21c42a3000 rw-p 00000000 00:00 0 
7f21c42a3000-7f21c8000000 ---p 00000000 00:00 0 
7f21c8000000-7f21c8021000 rw-p 00000000 00:00 0 
7f21c8021000-7f21cc000000 ---p 00000000 00:00 0 
7f21cc000000-7f21cc021000 rw-p 00000000 00:00 0 
7f21cc021000-7f21d0000000 ---p 00000000 00:00 0 
7f21d0000000-7f21d0021000 rw-p 00000000 00:00 0 
7f21d0021000-7f21d4000000 ---p 00000000 00:00 0 
7f21d4974000-7f21d4a15000 rw-p 00000000 00:00 0 
7f21d4a15000-7f21d4a18000 ---p 00000000 00:00 0 
7f21d4a18000-7f21d4e17000 rw-p 00000000 00:00 0                          [stack:16078]
7f21d4e17000-7f21d4e83000 r-xp 00000000 08:04 4325422                    /lib/x86_64-linux-gnu/libpcre.so.3.13.1
7f21d4e83000-7f21d5083000 ---p 0006c000 08:04 4325422                    /lib/x86_64-linux-gnu/libpcre.so.3.13.1
7f21d5083000-7f21d5084000 r--p 0006c000 08:04 4325422                    /lib/x86_64-linux-gnu/libpcre.so.3.13.1
7f21d5084000-7f21d5085000 rw-p 0006d000 08:04 4325422                    /lib/x86_64-linux-gnu/libpcre.so.3.13.1
7f21d5085000-7f21d508c000 r-xp 00000000 08:04 6295829                    /usr/lib/x86_64-linux-gnu/libffi.so.6.0.2
7f21d508c000-7f21d528b000 ---p 00007000 08:04 6295829                    /usr/lib/x86_64-linux-gnu/libffi.so.6.0.2
7f21d528b000-7f21d528c000 r--p 00006000 08:04 6295829                    /usr/lib/x86_64-linux-gnu/libffi.so.6.0.2
7f21d528c000-7f21d528d000 rw-p 00007000 08:04 6295829                    /usr/lib/x86_64-linux-gnu/libffi.so.6.0.2
7f21d528d000-7f21d52a1000 r-xp 00000000 08:04 4328444                    /lib/x86_64-linux-gnu/libresolv-2.19.so
7f21d52a1000-7f21d54a0000 ---p 00014000 08:04 4328444                    /lib/x86_64-linux-gnu/libresolv-2.19.so
7f21d54a0000-7f21d54a1000 r--p 00013000 08:04 4328444                    /lib/x86_64-linux-gnu/libresolv-2.19.so
7f21d54a1000-7f21d54a2000 rw-p 00014000 08:04 4328444                    /lib/x86_64-linux-gnu/libresolv-2.19.so
7f21d54a2000-7f21d54a4000 rw-p 00000000 00:00 0 
7f21d54a4000-7f21d54c5000 r-xp 00000000 08:04 4325475                    /lib/x86_64-linux-gnu/libselinux.so.1
7f21d54c5000-7f21d56c5000 ---p 00021000 08:04 4325475                    /lib/x86_64-linux-gnu/libselinux.so.1
7f21d56c5000-7f21d56c6000 r--p 00021000 08:04 4325475                    /lib/x86_64-linux-gnu/libselinux.so.1
7f21d56c6000-7f21d56c7000 rw-p 00022000 08:04 4325475                    /lib/x86_64-linux-gnu/libselinux.so.1
7f21d56c7000-7f21d56c9000 rw-p 00000000 00:00 0 
7f21d56c9000-7f21d56cc000 r-xp 00000000 08:04 6298806                    /usr/lib/x86_64-linux-gnu/libgmodule-2.0.so.0.4200.1
7f21d56cc000-7f21d58cb000 ---p 00003000 08:04 6298806                    /usr/lib/x86_64-linux-gnu/libgmodule-2.0.so.0.4200.1
7f21d58cb000-7f21d58cc000 r--p 00002000 08:04 6298806                    /usr/lib/x86_64-linux-gnu/libgmodule-2.0.so.0.4200.1
7f21d58cc000-7f21d58cd000 rw-p 00003000 08:04 6298806                    /usr/lib/x86_64-linux-gnu/libgmodule-2.0.so.0.4200.1
7f21d58cd000-7f21d59d9000 r-xp 00000000 08:04 4325884                    /lib/x86_64-linux-gnu/libglib-2.0.so.0.4200.1
7f21d59d9000-7f21d5bd9000 ---p 0010c000 08:04 4325884                    /lib/x86_64-linux-gnu/libglib-2.0.so.0.4200.1
7f21d5bd9000-7f21d5bda000 r--p 0010c000 08:04 4325884                    /lib/x86_64-linux-gnu/libglib-2.0.so.0.4200.1
7f21d5bda000-7f21d5bdb000 rw-p 0010d000 08:04 4325884                    /lib/x86_64-linux-gnu/libglib-2.0.so.0.4200.1
7f21d5bdb000-7f21d5bdc000 rw-p 00000000 00:00 0 
7f21d5bdc000-7f21d5c2d000 r-xp 00000000 08:04 6298805                    /usr/lib/x86_64-linux-gnu/libgobject-2.0.so.0.4200.1
7f21d5c2d000-7f21d5e2d000 ---p 00051000 08:04 6298805                    /usr/lib/x86_64-linux-gnu/libgobject-2.0.so.0.4200.1
7f21d5e2d000-7f21d5e2e000 r--p 00051000 08:04 6298805                    /usr/lib/x86_64-linux-gnu/libgobject-2.0.so.0.4200.1
7f21d5e2e000-7f21d5e2f000 rw-p 00052000 08:04 6298805                    /usr/lib/x86_64-linux-gnu/libgobject-2.0.so.0.4200.1
7f21d5e2f000-7f21d5fa1000 r-xp 00000000 08:04 6298808                    /usr/lib/x86_64-linux-gnu/libgio-2.0.so.0.4200.1
7f21d5fa1000-7f21d61a1000 ---p 00172000 08:04 6298808                    /usr/lib/x86_64-linux-gnu/libgio-2.0.so.0.4200.1
7f21d61a1000-7f21d61a5000 r--p 00172000 08:04 6298808                    /usr/lib/x86_64-linux-gnu/libgio-2.0.so.0.4200.1
7f21d61a5000-7f21d61a7000 rw-p 00176000 08:04 6298808                    /usr/lib/x86_64-linux-gnu/libgio-2.0.so.0.4200.1
7f21d61a7000-7f21d61a9000 rw-p 00000000 00:00 0 
7f21d61a9000-7f21d61c1000 r-xp 00000000 08:04 396185                     /usr/lib/jvm/java-7-openjdk-amd64/jre/lib/amd64/libnet.so
7f21d61c1000-7f21d63c0000 ---p 00018000 08:04 396185                     /usr/lib/jvm/java-7-openjdk-amd64/jre/lib/amd64/libnet.so
7f21d63c0000-7f21d63c1000 r--p 00017000 08:04 396185                     /usr/lib/jvm/java-7-openjdk-amd64/jre/lib/amd64/libnet.so
7f21d63c1000-7f21d63c2000 rw-p 00018000 08:04 396185                     /usr/lib/jvm/java-7-openjdk-amd64/jre/lib/amd64/libnet.so
7f21d63c2000-7f21d63d3000 r-xp 00000000 08:04 396188                     /usr/lib/jvm/java-7-openjdk-amd64/jre/lib/amd64/libnio.so
7f21d63d3000-7f21d65d2000 ---p 00011000 08:04 396188                     /usr/lib/jvm/java-7-openjdk-amd64/jre/lib/amd64/libnio.so
7f21d65d2000-7f21d65d3000 r--p 00010000 08:04 396188                     /usr/lib/jvm/java-7-openjdk-amd64/jre/lib/amd64/libnio.so
7f21d65d3000-7f21d65d4000 rw-p 00011000 08:04 396188                     /usr/lib/jvm/java-7-openjdk-amd64/jre/lib/amd64/libnio.so
7f21d65d4000-7f21d65d5000 ---p 00000000 00:00 0 
7f21d65d5000-7f21d66d5000 rw-p 00000000 00:00 0                          [stack:16077]
7f21d66d5000-7f21d66d8000 ---p 00000000 00:00 0 
7f21d66d8000-7f21d67d6000 rw-p 00000000 00:00 0                          [stack:16076]
7f21d67d6000-7f21d67d9000 ---p 00000000 00:00 0 
7f21d67d9000-7f21d68d7000 rw-p 00000000 00:00 0                          [stack:16075]
7f21d68d7000-7f21d68da000 ---p 00000000 00:00 0 
7f21d68da000-7f21d69d8000 rw-p 00000000 00:00 0                          [stack:16074]
7f21d69d8000-7f21d69db000 ---p 00000000 00:00 0 
7f21d69db000-7f21d6ad9000 rw-p 00000000 00:00 0                          [stack:16071]
7f21d6ad9000-7f21d6adc000 ---p 00000000 00:00 0 
7f21d6adc000-7f21d6bda000 rw-p 00000000 00:00 0                          [stack:16068]
7f21d6bda000-7f21d6bdd000 ---p 00000000 00:00 0 
7f21d6bdd000-7f21d6cdb000 rw-p 00000000 00:00 0                          [stack:16067]
7f21d6cdb000-7f21d6cdf000 r-xp 00000000 08:04 396197                     /usr/lib/jvm/java-7-openjdk-amd64/jre/lib/amd64/libdt_socket.so
7f21d6cdf000-7f21d6ede000 ---p 00004000 08:04 396197                     /usr/lib/jvm/java-7-openjdk-amd64/jre/lib/amd64/libdt_socket.so
7f21d6ede000-7f21d6edf000 r--p 00003000 08:04 396197                     /usr/lib/jvm/java-7-openjdk-amd64/jre/lib/amd64/libdt_socket.so
7f21d6edf000-7f21d6ee0000 rw-p 00004000 08:04 396197                     /usr/lib/jvm/java-7-openjdk-amd64/jre/lib/amd64/libdt_socket.so
7f21d6ee0000-7f21d6ee3000 ---p 00000000 00:00 0 
7f21d6ee3000-7f21d6fe1000 rw-p 00000000 00:00 0                          [stack:16065]
7f21d6fe1000-7f21d6fe4000 ---p 00000000 00:00 0 
7f21d6fe4000-7f21d70e2000 rw-p 00000000 00:00 0                          [stack:16063]
7f21d70e2000-7f21d70e5000 ---p 00000000 00:00 0 
7f21d70e5000-7f21d71e3000 rw-p 00000000 00:00 0                          [stack:16062]
7f21d71e3000-7f21d71e4000 ---p 00000000 00:00 0 
7f21d71e4000-7f21dc000000 rw-p 00000000 00:00 0                          [stack:16061]
7f21dc000000-7f21dc021000 rw-p 00000000 00:00 0 
7f21dc021000-7f21e0000000 ---p 00000000 00:00 0 
7f21e0000000-7f21e0021000 rw-p 00000000 00:00 0 
7f21e0021000-7f21e4000000 ---p 00000000 00:00 0 
7f21e4000000-7f21e4021000 rw-p 00000000 00:00 0 
7f21e4021000-7f21e8000000 ---p 00000000 00:00 0 
7f21e8000000-7f21e8021000 rw-p 00000000 00:00 0 
7f21e8021000-7f21ec000000 ---p 00000000 00:00 0 
7f21ec016000-7f21ec5a6000 rw-p 00000000 00:00 0 
7f21ec5a6000-7f21ec759000 r--s 01d3d000 08:04 396206                     /usr/lib/jvm/java-7-openjdk-amd64/jre/lib/rt.jar
7f21ec759000-7f21ecbfc000 rw-p 00000000 00:00 0 
7f21ecbfc000-7f21ecbfd000 ---p 00000000 00:00 0 
7f21ecbfd000-7f21eccfd000 rw-p 00000000 00:00 0                          [stack:16060]
7f21eccfd000-7f21eccfe000 ---p 00000000 00:00 0 
7f21eccfe000-7f21ecdfe000 rw-p 00000000 00:00 0                          [stack:16059]
7f21ecdfe000-7f21ecdff000 ---p 00000000 00:00 0 
7f21ecdff000-7f21eceff000 rw-p 00000000 00:00 0                          [stack:16058]
7f21eceff000-7f21ecf00000 ---p 00000000 00:00 0 
7f21ecf00000-7f21ed000000 rw-p 00000000 00:00 0                          [stack:16057]
7f21ed000000-7f21ed270000 rwxp 00000000 00:00 0 
7f21ed270000-7f21f033b000 rw-p 00000000 00:00 0 
7f21f033b000-7f21f4000000 ---p 00000000 00:00 0 
7f21f4020000-7f21f40f9000 rw-p 00000000 00:00 0 
7f21f40f9000-7f21f4141000 rw-p 00000000 00:00 0 
7f21f4141000-7f21f416a000 rw-p 00000000 00:00 0 
7f21f416a000-7f21f43d3000 rw-p 00000000 00:00 0 
7f21f43d3000-7f21f43de000 rw-p 00000000 00:00 0 
7f21f43de000-7f21f4426000 rw-p 00000000 00:00 0 
7f21f4426000-7f21f444f000 rw-p 00000000 00:00 0 
7f21f444f000-7f21f46b7000 rw-p 00000000 00:00 0 
7f21f46b7000-7f21f46cc000 rw-p 00000000 00:00 0 
7f21f46cc000-7f21f4800000 rw-p 00000000 00:00 0 
7f21f4800000-7f21f4801000 rw-p 00000000 00:00 0 
7f21f4801000-7f21f4809000 r-xp 00000000 08:04 396166                     /usr/lib/jvm/java-7-openjdk-amd64/jre/lib/amd64/libzip.so
7f21f4809000-7f21f4a08000 ---p 00008000 08:04 396166                     /usr/lib/jvm/java-7-openjdk-amd64/jre/lib/amd64/libzip.so
7f21f4a08000-7f21f4a09000 r--p 00007000 08:04 396166                     /usr/lib/jvm/java-7-openjdk-amd64/jre/lib/amd64/libzip.so
7f21f4a09000-7f21f4a0a000 rw-p 00008000 08:04 396166                     /usr/lib/jvm/java-7-openjdk-amd64/jre/lib/amd64/libzip.so
7f21f4a0a000-7f21f4a15000 r-xp 00000000 08:04 4328439                    /lib/x86_64-linux-gnu/libnss_files-2.19.so
7f21f4a15000-7f21f4c14000 ---p 0000b000 08:04 4328439                    /lib/x86_64-linux-gnu/libnss_files-2.19.so
7f21f4c14000-7f21f4c15000 r--p 0000a000 08:04 4328439                    /lib/x86_64-linux-gnu/libnss_files-2.19.so
7f21f4c15000-7f21f4c16000 rw-p 0000b000 08:04 4328439                    /lib/x86_64-linux-gnu/libnss_files-2.19.so
7f21f4c16000-7f21f4c20000 r-xp 00000000 08:04 4328441                    /lib/x86_64-linux-gnu/libnss_nis-2.19.so
7f21f4c20000-7f21f4e1f000 ---p 0000a000 08:04 4328441                    /lib/x86_64-linux-gnu/libnss_nis-2.19.so
7f21f4e1f000-7f21f4e20000 r--p 00009000 08:04 4328441                    /lib/x86_64-linux-gnu/libnss_nis-2.19.so
7f21f4e20000-7f21f4e21000 rw-p 0000a000 08:04 4328441                    /lib/x86_64-linux-gnu/libnss_nis-2.19.so
7f21f4e21000-7f21f4e36000 r-xp 00000000 08:04 4328436                    /lib/x86_64-linux-gnu/libnsl-2.19.so
7f21f4e36000-7f21f5035000 ---p 00015000 08:04 4328436                    /lib/x86_64-linux-gnu/libnsl-2.19.so
7f21f5035000-7f21f5036000 r--p 00014000 08:04 4328436                    /lib/x86_64-linux-gnu/libnsl-2.19.so
7f21f5036000-7f21f5037000 rw-p 00015000 08:04 4328436                    /lib/x86_64-linux-gnu/libnsl-2.19.so
7f21f5037000-7f21f5039000 rw-p 00000000 00:00 0 
7f21f5039000-7f21f5040000 r-xp 00000000 08:04 4328437                    /lib/x86_64-linux-gnu/libnss_compat-2.19.so
7f21f5040000-7f21f523f000 ---p 00007000 08:04 4328437                    /lib/x86_64-linux-gnu/libnss_compat-2.19.so
7f21f523f000-7f21f5240000 r--p 00006000 08:04 4328437                    /lib/x86_64-linux-gnu/libnss_compat-2.19.so
7f21f5240000-7f21f5241000 rw-p 00007000 08:04 4328437                    /lib/x86_64-linux-gnu/libnss_compat-2.19.so
7f21f5241000-7f21f53ca000 r--p 00000000 08:04 6294920                    /usr/lib/locale/locale-archive
7f21f53ca000-7f21f53cc000 r-xp 00000000 08:04 396182                     /usr/lib/jvm/java-7-openjdk-amd64/jre/lib/amd64/libnpt.so
7f21f53cc000-7f21f55cc000 ---p 00002000 08:04 396182                     /usr/lib/jvm/java-7-openjdk-amd64/jre/lib/amd64/libnpt.so
7f21f55cc000-7f21f55cd000 r--p 00002000 08:04 396182                     /usr/lib/jvm/java-7-openjdk-amd64/jre/lib/amd64/libnpt.so
7f21f55cd000-7f21f55ce000 rw-p 00003000 08:04 396182                     /usr/lib/jvm/java-7-openjdk-amd64/jre/lib/amd64/libnpt.so
7f21f55ce000-7f21f5609000 r-xp 00000000 08:04 396193                     /usr/lib/jvm/java-7-openjdk-amd64/jre/lib/amd64/libjdwp.so
7f21f5609000-7f21f5808000 ---p 0003b000 08:04 396193                     /usr/lib/jvm/java-7-openjdk-amd64/jre/lib/amd64/libjdwp.so
7f21f5808000-7f21f5809000 r--p 0003a000 08:04 396193                     /usr/lib/jvm/java-7-openjdk-amd64/jre/lib/amd64/libjdwp.so
7f21f5809000-7f21f580a000 rw-p 0003b000 08:04 396193                     /usr/lib/jvm/java-7-openjdk-amd64/jre/lib/amd64/libjdwp.so
7f21f580a000-7f21f580b000 rw-p 00000000 00:00 0 
7f21f580b000-7f21f5838000 r-xp 00000000 08:04 396192                     /usr/lib/jvm/java-7-openjdk-amd64/jre/lib/amd64/libjava.so
7f21f5838000-7f21f5a37000 ---p 0002d000 08:04 396192                     /usr/lib/jvm/java-7-openjdk-amd64/jre/lib/amd64/libjava.so
7f21f5a37000-7f21f5a38000 r--p 0002c000 08:04 396192                     /usr/lib/jvm/java-7-openjdk-amd64/jre/lib/amd64/libjava.so
7f21f5a38000-7f21f5a3a000 rw-p 0002d000 08:04 396192                     /usr/lib/jvm/java-7-openjdk-amd64/jre/lib/amd64/libjava.so
7f21f5a3a000-7f21f5a49000 r-xp 00000000 08:04 396196                     /usr/lib/jvm/java-7-openjdk-amd64/jre/lib/amd64/libverify.so
7f21f5a49000-7f21f5c48000 ---p 0000f000 08:04 396196                     /usr/lib/jvm/java-7-openjdk-amd64/jre/lib/amd64/libverify.so
7f21f5c48000-7f21f5c4b000 r--p 0000e000 08:04 396196                     /usr/lib/jvm/java-7-openjdk-amd64/jre/lib/amd64/libverify.so
7f21f5c4b000-7f21f5c4c000 rw-p 00011000 08:04 396196                     /usr/lib/jvm/java-7-openjdk-amd64/jre/lib/amd64/libverify.so
7f21f5c4c000-7f21f5c53000 r-xp 00000000 08:04 4328445                    /lib/x86_64-linux-gnu/librt-2.19.so
7f21f5c53000-7f21f5e52000 ---p 00007000 08:04 4328445                    /lib/x86_64-linux-gnu/librt-2.19.so
7f21f5e52000-7f21f5e53000 r--p 00006000 08:04 4328445                    /lib/x86_64-linux-gnu/librt-2.19.so
7f21f5e53000-7f21f5e54000 rw-p 00007000 08:04 4328445                    /lib/x86_64-linux-gnu/librt-2.19.so
7f21f5e54000-7f21f5e6a000 r-xp 00000000 08:04 4325380                    /lib/x86_64-linux-gnu/libgcc_s.so.1
7f21f5e6a000-7f21f6069000 ---p 00016000 08:04 4325380                    /lib/x86_64-linux-gnu/libgcc_s.so.1
7f21f6069000-7f21f606a000 rw-p 00015000 08:04 4325380                    /lib/x86_64-linux-gnu/libgcc_s.so.1
7f21f606a000-7f21f616a000 r-xp 00000000 08:04 4328434                    /lib/x86_64-linux-gnu/libm-2.19.so
7f21f616a000-7f21f6369000 ---p 00100000 08:04 4328434                    /lib/x86_64-linux-gnu/libm-2.19.so
7f21f6369000-7f21f636a000 r--p 000ff000 08:04 4328434                    /lib/x86_64-linux-gnu/libm-2.19.so
7f21f636a000-7f21f636b000 rw-p 00100000 08:04 4328434                    /lib/x86_64-linux-gnu/libm-2.19.so
7f21f636b000-7f21f6457000 r-xp 00000000 08:04 6296240                    /usr/lib/x86_64-linux-gnu/libstdc++.so.6.0.20
7f21f6457000-7f21f6657000 ---p 000ec000 08:04 6296240                    /usr/lib/x86_64-linux-gnu/libstdc++.so.6.0.20
7f21f6657000-7f21f665f000 r--p 000ec000 08:04 6296240                    /usr/lib/x86_64-linux-gnu/libstdc++.so.6.0.20
7f21f665f000-7f21f6661000 rw-p 000f4000 08:04 6296240                    /usr/lib/x86_64-linux-gnu/libstdc++.so.6.0.20
7f21f6661000-7f21f6676000 rw-p 00000000 00:00 0 
7f21f6676000-7f21f71d3000 r-xp 00000000 08:04 396161                     /usr/lib/jvm/java-7-openjdk-amd64/jre/lib/amd64/server/libjvm.so
7f21f71d3000-7f21f73d3000 ---p 00b5d000 08:04 396161                     /usr/lib/jvm/java-7-openjdk-amd64/jre/lib/amd64/server/libjvm.so
7f21f73d3000-7f21f7472000 r--p 00b5d000 08:04 396161                     /usr/lib/jvm/java-7-openjdk-amd64/jre/lib/amd64/server/libjvm.so
7f21f7472000-7f21f7495000 rw-p 00bfc000 08:04 396161                     /usr/lib/jvm/java-7-openjdk-amd64/jre/lib/amd64/server/libjvm.so
7f21f7495000-7f21f74c3000 rw-p 00000000 00:00 0 
7f21f74c3000-7f21f74dd000 r-xp 00000000 08:04 4325476                    /lib/x86_64-linux-gnu/libz.so.1.2.8
7f21f74dd000-7f21f76dc000 ---p 0001a000 08:04 4325476                    /lib/x86_64-linux-gnu/libz.so.1.2.8
7f21f76dc000-7f21f76dd000 r--p 00019000 08:04 4325476                    /lib/x86_64-linux-gnu/libz.so.1.2.8
7f21f76dd000-7f21f76de000 rw-p 0001a000 08:04 4325476                    /lib/x86_64-linux-gnu/libz.so.1.2.8
7f21f76de000-7f21f787f000 r-xp 00000000 08:04 4328430                    /lib/x86_64-linux-gnu/libc-2.19.so
7f21f787f000-7f21f7a7f000 ---p 001a1000 08:04 4328430                    /lib/x86_64-linux-gnu/libc-2.19.so
7f21f7a7f000-7f21f7a83000 r--p 001a1000 08:04 4328430                    /lib/x86_64-linux-gnu/libc-2.19.so
7f21f7a83000-7f21f7a85000 rw-p 001a5000 08:04 4328430                    /lib/x86_64-linux-gnu/libc-2.19.so
7f21f7a85000-7f21f7a89000 rw-p 00000000 00:00 0 
7f21f7a89000-7f21f7a8c000 r-xp 00000000 08:04 4328433                    /lib/x86_64-linux-gnu/libdl-2.19.so
7f21f7a8c000-7f21f7c8b000 ---p 00003000 08:04 4328433                    /lib/x86_64-linux-gnu/libdl-2.19.so
7f21f7c8b000-7f21f7c8c000 r--p 00002000 08:04 4328433                    /lib/x86_64-linux-gnu/libdl-2.19.so
7f21f7c8c000-7f21f7c8d000 rw-p 00003000 08:04 4328433                    /lib/x86_64-linux-gnu/libdl-2.19.so
7f21f7c8d000-7f21f7c9a000 r-xp 00000000 08:04 396191                     /usr/lib/jvm/java-7-openjdk-amd64/jre/lib/amd64/jli/libjli.so
7f21f7c9a000-7f21f7e99000 ---p 0000d000 08:04 396191                     /usr/lib/jvm/java-7-openjdk-amd64/jre/lib/amd64/jli/libjli.so
7f21f7e99000-7f21f7e9a000 r--p 0000c000 08:04 396191                     /usr/lib/jvm/java-7-openjdk-amd64/jre/lib/amd64/jli/libjli.so
7f21f7e9a000-7f21f7e9b000 rw-p 0000d000 08:04 396191                     /usr/lib/jvm/java-7-openjdk-amd64/jre/lib/amd64/jli/libjli.so
7f21f7e9b000-7f21f7eb3000 r-xp 00000000 08:04 4328426                    /lib/x86_64-linux-gnu/libpthread-2.19.so
7f21f7eb3000-7f21f80b2000 ---p 00018000 08:04 4328426                    /lib/x86_64-linux-gnu/libpthread-2.19.so
7f21f80b2000-7f21f80b3000 r--p 00017000 08:04 4328426                    /lib/x86_64-linux-gnu/libpthread-2.19.so
7f21f80b3000-7f21f80b4000 rw-p 00018000 08:04 4328426                    /lib/x86_64-linux-gnu/libpthread-2.19.so
7f21f80b4000-7f21f80b8000 rw-p 00000000 00:00 0 
7f21f80b8000-7f21f80d8000 r-xp 00000000 08:04 4328427                    /lib/x86_64-linux-gnu/ld-2.19.so
7f21f80e7000-7f21f80e8000 rw-p 00000000 00:00 0 
7f21f80e8000-7f21f80ec000 r--s 0004f000 08:04 396137                     /usr/lib/jvm/java-7-openjdk-amd64/jre/lib/jsse.jar
7f21f80ec000-7f21f80f2000 r--s 0007f000 08:04 4990645                    /home/wellysson/workspace/TBD_Map/lib/mysql-connector-java-5.0.8-bin.jar
7f21f80f2000-7f21f80f4000 r--s 00006000 08:04 137545                     /usr/share/java/java-atk-wrapper.jar
7f21f80f4000-7f21f80f6000 r--s 00012000 08:04 396214                     /usr/lib/jvm/java-7-openjdk-amd64/jre/lib/ext/zipfs.jar
7f21f80f6000-7f21f8100000 rw-p 00000000 00:00 0 
7f21f8100000-7f21f81b6000 rw-p 00000000 00:00 0 
7f21f81b6000-7f21f81b9000 ---p 00000000 00:00 0 
7f21f81b9000-7f21f82bd000 rw-p 00000000 00:00 0                          [stack:16056]
7f21f82bd000-7f21f82c0000 r--s 0000f000 08:04 396212                     /usr/lib/jvm/java-7-openjdk-amd64/jre/lib/ext/icedtea-sound.jar
7f21f82c0000-7f21f82c4000 r--s 00085000 08:04 396211                     /usr/lib/jvm/java-7-openjdk-amd64/jre/lib/ext/localedata.jar
7f21f82c4000-7f21f82c5000 r--s 00002000 08:04 396213                     /usr/lib/jvm/java-7-openjdk-amd64/jre/lib/ext/dnsns.jar
7f21f82c5000-7f21f82c8000 r--s 0003d000 08:04 396210                     /usr/lib/jvm/java-7-openjdk-amd64/jre/lib/ext/sunpkcs11.jar
7f21f82c8000-7f21f82cc000 r--s 00034000 08:04 396215                     /usr/lib/jvm/java-7-openjdk-amd64/jre/lib/ext/sunjce_provider.jar
7f21f82cc000-7f21f82d4000 rw-s 00000000 08:04 803230                     /tmp/hsperfdata_wellysson/16049
7f21f82d4000-7f21f82d5000 rw-p 00000000 00:00 0 
7f21f82d5000-7f21f82d6000 r--p 00000000 00:00 0 
7f21f82d6000-7f21f82d8000 rw-p 00000000 00:00 0 
7f21f82d8000-7f21f82d9000 r--p 00020000 08:04 4328427                    /lib/x86_64-linux-gnu/ld-2.19.so
7f21f82d9000-7f21f82da000 rw-p 00021000 08:04 4328427                    /lib/x86_64-linux-gnu/ld-2.19.so
7f21f82da000-7f21f82db000 rw-p 00000000 00:00 0 
7fffcce49000-7fffcce6a000 rw-p 00000000 00:00 0                          [stack]
7fffccf94000-7fffccf96000 r-xp 00000000 00:00 0                          [vdso]
7fffccf96000-7fffccf98000 r--p 00000000 00:00 0                          [vvar]
ffffffffff600000-ffffffffff601000 r-xp 00000000 00:00 0                  [vsyscall]

VM Arguments:
jvm_args: -agentlib:jdwp=transport=dt_socket,suspend=y,address=localhost:50310 -Dfile.encoding=UTF-8 
java_command: br.ufpi.tbd.initial.Main
Launcher Type: SUN_STANDARD

Environment Variables:
PATH=/usr/local/bin:/usr/bin:/bin:/usr/local/games:/usr/games
USERNAME=wellysson
SHELL=/bin/bash
DISPLAY=:0.0

Signal Handlers:
SIGSEGV: [libjvm.so+0x98ed60], sa_mask[0]=0x7ffbfeff, sa_flags=0x10000004
SIGBUS: [libjvm.so+0x98ed60], sa_mask[0]=0x7ffbfeff, sa_flags=0x10000004
SIGFPE: [libjvm.so+0x7fa580], sa_mask[0]=0x7ffbfeff, sa_flags=0x10000004
SIGPIPE: [libjvm.so+0x7fa580], sa_mask[0]=0x7ffbfeff, sa_flags=0x10000004
SIGXFSZ: [libjvm.so+0x7fa580], sa_mask[0]=0x7ffbfeff, sa_flags=0x10000004
SIGILL: [libjvm.so+0x7fa580], sa_mask[0]=0x7ffbfeff, sa_flags=0x10000004
SIGUSR1: SIG_DFL, sa_mask[0]=0x00000000, sa_flags=0x00000000
SIGUSR2: [libjvm.so+0x7fa6b0], sa_mask[0]=0x00000004, sa_flags=0x10000004
SIGHUP: [libjvm.so+0x7fa600], sa_mask[0]=0x7ffbfeff, sa_flags=0x10000004
SIGINT: [libjvm.so+0x7fa600], sa_mask[0]=0x7ffbfeff, sa_flags=0x10000004
SIGTERM: [libjvm.so+0x7fa600], sa_mask[0]=0x7ffbfeff, sa_flags=0x10000004
SIGQUIT: [libjvm.so+0x7fa600], sa_mask[0]=0x7ffbfeff, sa_flags=0x10000004
SIGTRAP: SIG_DFL, sa_mask[0]=0x00000000, sa_flags=0x00000000


---------------  S Y S T E M  ---------------

OS:8.6

uname:Linux 3.16.0-4-amd64 #1 SMP Debian 3.16.36-1+deb8u1 (2016-09-03) x86_64
libc:glibc 2.19 NPTL 2.19 
rlimit: STACK 8192k, CORE 0k, NPROC 30723, NOFILE 65536, AS infinity
load average:0,14 0,18 0,30

/proc/meminfo:
MemTotal:        8077076 kB
MemFree:          207600 kB
MemAvailable:    2166068 kB
Buffers:          150276 kB
Cached:          3237520 kB
SwapCached:            0 kB
Active:          5051848 kB
Inactive:        2297516 kB
Active(anon):    4116624 kB
Inactive(anon):  1367028 kB
Active(file):     935224 kB
Inactive(file):   930488 kB
Unevictable:         232 kB
Mlocked:             232 kB
SwapTotal:             0 kB
SwapFree:              0 kB
Dirty:               112 kB
Writeback:             0 kB
AnonPages:       3962092 kB
Mapped:          1480024 kB
Shmem:           1522084 kB
Slab:             396880 kB
SReclaimable:     346172 kB
SUnreclaim:        50708 kB
KernelStack:       12288 kB
PageTables:        59808 kB
NFS_Unstable:          0 kB
Bounce:                0 kB
WritebackTmp:          0 kB
CommitLimit:     4038536 kB
Committed_AS:   12608764 kB
VmallocTotal:   34359738367 kB
VmallocUsed:      354416 kB
VmallocChunk:   34359304128 kB
HardwareCorrupted:     0 kB
AnonHugePages:         0 kB
HugePages_Total:       0
HugePages_Free:        0
HugePages_Rsvd:        0
HugePages_Surp:        0
Hugepagesize:       2048 kB
DirectMap4k:      104620 kB
DirectMap2M:     7116800 kB
DirectMap1G:     1048576 kB


CPU:total 4 (2 cores per cpu, 2 threads per core) family 6 model 69 stepping 1, cmov, cx8, fxsr, mmx, sse, sse2, sse3, ssse3, sse4.1, sse4.2, popcnt, avx, avx2, aes, erms, ht, tsc, tscinvbit

/proc/cpuinfo:
processor	: 0
vendor_id	: GenuineIntel
cpu family	: 6
model		: 69
model name	: Intel(R) Core(TM) i5-4200U CPU @ 1.60GHz
stepping	: 1
microcode	: 0x17
cpu MHz		: 2300.000
cache size	: 3072 KB
physical id	: 0
siblings	: 4
core id		: 0
cpu cores	: 2
apicid		: 0
initial apicid	: 0
fpu		: yes
fpu_exception	: yes
cpuid level	: 13
wp		: yes
flags		: fpu vme de pse tsc msr pae mce cx8 apic sep mtrr pge mca cmov pat pse36 clflush dts acpi mmx fxsr sse sse2 ss ht tm pbe syscall nx pdpe1gb rdtscp lm constant_tsc arch_perfmon pebs bts rep_good nopl xtopology nonstop_tsc aperfmperf eagerfpu pni pclmulqdq dtes64 monitor ds_cpl vmx est tm2 ssse3 fma cx16 xtpr pdcm pcid sse4_1 sse4_2 movbe popcnt tsc_deadline_timer aes xsave avx f16c rdrand lahf_lm abm ida arat epb xsaveopt pln pts dtherm tpr_shadow vnmi flexpriority ept vpid fsgsbase tsc_adjust bmi1 avx2 smep bmi2 erms invpcid
bogomips	: 4589.31
clflush size	: 64
cache_alignment	: 64
address sizes	: 39 bits physical, 48 bits virtual
power management:

processor	: 1
vendor_id	: GenuineIntel
cpu family	: 6
model		: 69
model name	: Intel(R) Core(TM) i5-4200U CPU @ 1.60GHz
stepping	: 1
microcode	: 0x17
cpu MHz		: 2377.804
cache size	: 3072 KB
physical id	: 0
siblings	: 4
core id		: 1
cpu cores	: 2
apicid		: 2
initial apicid	: 2
fpu		: yes
fpu_exception	: yes
cpuid level	: 13
wp		: yes
flags		: fpu vme de pse tsc msr pae mce cx8 apic sep mtrr pge mca cmov pat pse36 clflush dts acpi mmx fxsr sse sse2 ss ht tm pbe syscall nx pdpe1gb rdtscp lm constant_tsc arch_perfmon pebs bts rep_good nopl xtopology nonstop_tsc aperfmperf eagerfpu pni pclmulqdq dtes64 monitor ds_cpl vmx est tm2 ssse3 fma cx16 xtpr pdcm pcid sse4_1 sse4_2 movbe popcnt tsc_deadline_timer aes xsave avx f16c rdrand lahf_lm abm ida arat epb xsaveopt pln pts dtherm tpr_shadow vnmi flexpriority ept vpid fsgsbase tsc_adjust bmi1 avx2 smep bmi2 erms invpcid
bogomips	: 4589.31
clflush size	: 64
cache_alignment	: 64
address sizes	: 39 bits physical, 48 bits virtual
power management:

processor	: 2
vendor_id	: GenuineIntel
cpu family	: 6
model		: 69
model name	: Intel(R) Core(TM) i5-4200U CPU @ 1.60GHz
stepping	: 1
microcode	: 0x17
cpu MHz		: 2398.917
cache size	: 3072 KB
physical id	: 0
siblings	: 4
core id		: 0
cpu cores	: 2
apicid		: 1
initial apicid	: 1
fpu		: yes
fpu_exception	: yes
cpuid level	: 13
wp		: yes
flags		: fpu vme de pse tsc msr pae mce cx8 apic sep mtrr pge mca cmov pat pse36 clflush dts acpi mmx fxsr sse sse2 ss ht tm pbe syscall nx pdpe1gb rdtscp lm constant_tsc arch_perfmon pebs bts rep_good nopl xtopology nonstop_tsc aperfmperf eagerfpu pni pclmulqdq dtes64 monitor ds_cpl vmx est tm2 ssse3 fma cx16 xtpr pdcm pcid sse4_1 sse4_2 movbe popcnt tsc_deadline_timer aes xsave avx f16c rdrand lahf_lm abm ida arat epb xsaveopt pln pts dtherm tpr_shadow vnmi flexpriority ept vpid fsgsbase tsc_adjust bmi1 avx2 smep bmi2 erms invpcid
bogomips	: 4589.31
clflush size	: 64
cache_alignment	: 64
address sizes	: 39 bits physical, 48 bits virtual
power management:

processor	: 3
vendor_id	: GenuineIntel
cpu family	: 6
model		: 69
model name	: Intel(R) Core(TM) i5-4200U CPU @ 1.60GHz
stepping	: 1
microcode	: 0x17
cpu MHz		: 2300.000
cache size	: 3072 KB
physical id	: 0
siblings	: 4
core id		: 1
cpu cores	: 2
apicid		: 3
initial apicid	: 3
fpu		: yes
fpu_exception	: yes
cpuid level	: 13
wp		: yes
flags		: fpu vme de pse tsc msr pae mce cx8 apic sep mtrr pge mca cmov pat pse36 clflush dts acpi mmx fxsr sse sse2 ss ht tm pbe syscall nx pdpe1gb rdtscp lm constant_tsc arch_perfmon pebs bts rep_good nopl xtopology nonstop_tsc aperfmperf eagerfpu pni pclmulqdq dtes64 monitor ds_cpl vmx est tm2 ssse3 fma cx16 xtpr pdcm pcid sse4_1 sse4_2 movbe popcnt tsc_deadline_timer aes xsave avx f16c rdrand lahf_lm abm ida arat epb xsaveopt pln pts dtherm tpr_shadow vnmi flexpriority ept vpid fsgsbase tsc_adjust bmi1 avx2 smep bmi2 erms invpcid
bogomips	: 4589.31
clflush size	: 64
cache_alignment	: 64
address sizes	: 39 bits physical, 48 bits virtual
power management:



Memory: 4k page, physical 8077076k(207600k free), swap 0k(0k free)

vm_info: OpenJDK 64-Bit Server VM (24.111-b01) for linux-amd64 JRE (1.7.0_111-b01), built on Jul 31 2016 18:05:06 by "jmm" with gcc 4.9.2

time: Tue Nov 15 12:02:17 2016
elapsed time: 92 seconds

