#
# A fatal error has been detected by the Java Runtime Environment:
#
#  SIGSEGV (0xb) at pc=0x00007fc2652522f6, pid=4044, tid=140472695854848
#
# JRE version: OpenJDK Runtime Environment (7.0_111-b01) (build 1.7.0_111-b01)
# Java VM: OpenJDK 64-Bit Server VM (24.111-b01 mixed mode linux-amd64 compressed oops)
# Derivative: IcedTea 2.6.7
# Distribution: Debian GNU/Linux 8.5 (jessie), package 7u111-2.6.7-1~deb8u1
# Problematic frame:
# V  [libjvm.so+0x9822f6]
#
# Failed to write core dump. Core dumps have been disabled. To enable core dumping, try "ulimit -c unlimited" before starting Java again
#
# If you would like to submit a bug report, please include
# instructions on how to reproduce the bug and visit:
#   http://icedtea.classpath.org/bugzilla
#

---------------  T H R E A D  ---------------

Current thread (0x00007fc2600b5000):  JavaThread "JDWP Transport Listener: dt_socket" daemon [_thread_in_vm, id=4061, stack(0x00007fc259131000,0x00007fc259232000)]

siginfo:si_signo=SIGSEGV: si_errno=0, si_code=2 (SEGV_ACCERR), si_addr=0x00007fc266411ff8

Registers:
RAX=0x00000007d7486fc0, RBX=0x00007fc21c025d80, RCX=0x000000000000fc99, RDX=0x000000000000fc98
RSP=0x00007fc2592301a0, RBP=0x00007fc259230250, RSI=0x0000000000000000, RDI=0x0000000000000020
R8 =0x00007fc220221e90, R9 =0x0000000000000000, R10=0x00007fc220000000, R11=0x0000000000000206
R12=0x00007fc21c026380, R13=0x00007fc266411ff0, R14=0x00007fc2592301e0, R15=0x0000000000000000
RIP=0x00007fc2652522f6, EFLAGS=0x0000000000010246, CSGSFS=0x0000000000000033, ERR=0x0000000000000004
  TRAPNO=0x000000000000000e

Top of Stack: (sp=0x00007fc2592301a0)
0x00007fc2592301a0:   0000000000000000 00007fc220160c50
0x00007fc2592301b0:   00007fc26650e960 00007fc25b9b33cb
0x00007fc2592301c0:   00007fc25b9b2310 00007fc200000000
0x00007fc2592301d0:   00007fc26650e9d0 00007fc26650e990
0x00007fc2592301e0:   00007fc26650e960 00007fc25b9b33cb
0x00007fc2592301f0:   00007fc25b9b2310 00007fc200000000
0x00007fc259230200:   00007fc26650e9d0 00007fc26650e990
0x00007fc259230210:   00007fc2600acf00 7b7f4bac2479e400
0x00007fc259230220:   0000000000000000 00007fc2600acf00
0x00007fc259230230:   0000000000000000 00007fc26000c800
0x00007fc259230240:   00007fc220003ee0 00007fc26000c800
0x00007fc259230250:   00007fc259230330 00007fc264f894a8
0x00007fc259230260:   00007fc2592302d0 00007fc265206b39
0x00007fc259230270:   00007fc26650e990 7b7f4bac2479e400
0x00007fc259230280:   00000000000083b0 000000012479e400
0x00007fc259230290:   00007fc2600b5000 00007fc21c02d758
0x00007fc2592302a0:   00007fc21c026380 00007fc21c025770
0x00007fc2592302b0:   00007fc260003a80 00007fc2600acf00
0x00007fc2592302c0:   00007fc259230330 00007fc265206b39
0x00007fc2592302d0:   00007fc26650e910 7b7f4bac2479e400
0x00007fc2592302e0:   00007fc25b9b2310 0000000000000001
0x00007fc2592302f0:   00007fc2656cff38 7b7f4bac2479e400
0x00007fc259230300:   00007fc220003ee0 0000000000000001
0x00007fc259230310:   00007fc2656cff38 00007fc26000c800
0x00007fc259230320:   00007fc220003ee0 00007fc21c025d80
0x00007fc259230330:   00007fc2592309c0 00007fc264f89915
0x00007fc259230340:   00007fc2592303e0 00000000000003d8
0x00007fc259230350:   00007fc2600acf00 00007fc2600b5a28
0x00007fc259230360:   00007fc2600b5650 00007fc220003ee0
0x00007fc259230370:   00007fc259230390 00007fc2600b5640
0x00007fc259230380:   00007fc2600b5000 00007fc260003a80
0x00007fc259230390:   00007fc2600b5000 00007fc2600b5a30 

Instructions: (pc=0x00007fc2652522f6)
0x00007fc2652522d6:   89 45 b0 48 8b 43 30 48 89 45 b8 e8 8a 95 ba ff
0x00007fc2652522e6:   49 39 c5 0f 82 11 01 00 00 31 f6 bf 20 00 00 00
0x00007fc2652522f6:   4d 8b 7d 08 e8 21 73 f0 ff 48 85 c0 49 89 c0 74
0x00007fc265252306:   17 4c 89 38 48 c7 40 10 00 00 00 00 4c 89 68 08 

Register to memory mapping:

RAX=0x00000007d7486fc0 is an oop
org.postgresql.util.PSQLException 
 - klass: 'org/postgresql/util/PSQLException'
RBX=0x00007fc21c025d80 is an unknown value
RCX=0x000000000000fc99 is an unknown value
RDX=0x000000000000fc98 is an unknown value
RSP=0x00007fc2592301a0 is pointing into the stack for thread: 0x00007fc2600b5000
RBP=0x00007fc259230250 is pointing into the stack for thread: 0x00007fc2600b5000
RSI=0x0000000000000000 is an unknown value
RDI=0x0000000000000020 is an unknown value
R8 =0x00007fc220221e90 is an unknown value
R9 =0x0000000000000000 is an unknown value
R10=0x00007fc220000000 is an unknown value
R11=0x0000000000000206 is an unknown value
R12=0x00007fc21c026380 is an unknown value
R13=0x00007fc266411ff0 is pointing into the stack for thread: 0x00007fc26000c800
R14=0x00007fc2592301e0 is pointing into the stack for thread: 0x00007fc2600b5000
R15=0x0000000000000000 is an unknown value


Stack: [0x00007fc259131000,0x00007fc259232000],  sp=0x00007fc2592301a0,  free space=1020k
Native frames: (J=compiled Java code, j=interpreted, Vv=VM code, C=native code)
V  [libjvm.so+0x9822f6]
V  [libjvm.so+0x6b94a8]
V  [libjvm.so+0x6b9915]
V  [libjvm.so+0x6ae8ce]
V  [libjvm.so+0x669dc7]
C  [libjdwp.so+0xa3f6]
C  [libjdwp.so+0x11b18]
C  [libjdwp.so+0x23f65]
V  [libjvm.so+0x6cf580]
V  [libjvm.so+0x939148]
V  [libjvm.so+0x9393f0]
V  [libjvm.so+0x7fc142]


---------------  P R O C E S S  ---------------

Java Threads: ( => current thread )
  0x00007fc2600c0000 JavaThread "Service Thread" daemon [_thread_blocked, id=4070, stack(0x00007fc258c2c000,0x00007fc258d2d000)]
  0x00007fc2600be000 JavaThread "C2 CompilerThread1" daemon [_thread_blocked, id=4069, stack(0x00007fc258d2d000,0x00007fc258e2e000)]
  0x00007fc2600bb000 JavaThread "C2 CompilerThread0" daemon [_thread_blocked, id=4068, stack(0x00007fc258e2e000,0x00007fc258f2f000)]
  0x00007fc220001000 JavaThread "JDWP Command Reader" daemon [_thread_in_native, id=4065, stack(0x00007fc258f2f000,0x00007fc259030000)]
  0x00007fc2600b8800 JavaThread "JDWP Event Helper Thread" daemon [_thread_blocked, id=4062, stack(0x00007fc259030000,0x00007fc259131000)]
=>0x00007fc2600b5000 JavaThread "JDWP Transport Listener: dt_socket" daemon [_thread_in_vm, id=4061, stack(0x00007fc259131000,0x00007fc259232000)]
  0x00007fc2600a8000 JavaThread "Signal Dispatcher" daemon [_thread_blocked, id=4059, stack(0x00007fc259437000,0x00007fc259538000)]
  0x00007fc26007e800 JavaThread "Finalizer" daemon [_thread_blocked, id=4057, stack(0x00007fc259538000,0x00007fc259639000)]
  0x00007fc26007c800 JavaThread "Reference Handler" daemon [_thread_blocked, id=4056, stack(0x00007fc259639000,0x00007fc25973a000)]
  0x00007fc26000c800 JavaThread "main" [_thread_blocked, id=4049, stack(0x00007fc26640f000,0x00007fc266510000)]

Other Threads:
  0x00007fc260078000 VMThread [stack: 0x00007fc25973a000,0x00007fc25983b000] [id=4055]
  0x00007fc2600cb000 WatcherThread [stack: 0x00007fc258b2b000,0x00007fc258c2c000] [id=4071]

VM state:not at safepoint (normal execution)

VM Mutex/Monitor currently owned by a thread: None

Heap
 PSYoungGen      total 37376K, used 6536K [0x00000007d6e80000, 0x00000007d9800000, 0x0000000800000000)
  eden space 32256K, 20% used [0x00000007d6e80000,0x00000007d74e2100,0x00000007d8e00000)
  from space 5120K, 0% used [0x00000007d9300000,0x00000007d9300000,0x00000007d9800000)
  to   space 5120K, 0% used [0x00000007d8e00000,0x00000007d8e00000,0x00000007d9300000)
 ParOldGen       total 83968K, used 0K [0x0000000784c00000, 0x0000000789e00000, 0x00000007d6e80000)
  object space 83968K, 0% used [0x0000000784c00000,0x0000000784c00000,0x0000000789e00000)
 PSPermGen       total 21504K, used 6166K [0x000000077a600000, 0x000000077bb00000, 0x0000000784c00000)
  object space 21504K, 28% used [0x000000077a600000,0x000000077ac058e0,0x000000077bb00000)

Card table byte_map: [0x00007fc25b57f000,0x00007fc25b9ad000] byte_map_base: 0x00007fc2579ac000

Polling page: 0x00007fc26652f000

Code Cache  [0x00007fc25b9ad000, 0x00007fc25bc1d000, 0x00007fc25e9ad000)
 total_blobs=254 nmethods=16 adapters=200 free_code_cache=48712Kb largest_free_block=49864576

Compilation events (10 events):
Event: 0,272 Thread 0x00007fc2600bb000 nmethod 12 0x00007fc25ba11d90 code [0x00007fc25ba11ee0, 0x00007fc25ba121b8]
Event: 0,272 Thread 0x00007fc2600bb000   13             java.lang.String::replace (127 bytes)
Event: 0,273 Thread 0x00007fc2600be000 nmethod 10 0x00007fc25ba11650 code [0x00007fc25ba117a0, 0x00007fc25ba11b58]
Event: 0,273 Thread 0x00007fc2600be000   14             java.lang.String::length (6 bytes)
Event: 0,274 Thread 0x00007fc2600be000 nmethod 14 0x00007fc25ba17b10 code [0x00007fc25ba17c60, 0x00007fc25ba17cf8]
Event: 0,281 Thread 0x00007fc2600bb000 nmethod 13 0x00007fc25ba19390 code [0x00007fc25ba19500, 0x00007fc25ba19a58]
Event: 0,287 Thread 0x00007fc2600be000   15             sun.net.www.ParseUtil::encodePath (336 bytes)
Event: 0,289 Thread 0x00007fc2600bb000   16             java.lang.Math::min (11 bytes)
Event: 0,289 Thread 0x00007fc2600bb000 nmethod 16 0x00007fc25ba11290 code [0x00007fc25ba113c0, 0x00007fc25ba113f8]
Event: 0,300 Thread 0x00007fc2600be000 nmethod 15 0x00007fc25ba1a490 code [0x00007fc25ba1a660, 0x00007fc25ba1b148]

GC Heap History (0 events):
No events

Deoptimization events (1 events):
Event: 0,338 Thread 0x00007fc26000c800 Uncommon trap: reason=unstable_if action=reinterpret pc=0x00007fc25ba1ae2c method=sun.net.www.ParseUtil.encodePath(Ljava/lang/String;Z)Ljava/lang/String; @ 109

Internal exceptions (10 events):
Event: 0,298 Thread 0x00007fc26000c800 Threw 0x00000007d7442330 at /home/jmm/jdk/openjdk-7-7u111-2.6.7/build/openjdk/hotspot/src/share/vm/prims/jvm.cpp:1322
Event: 0,307 Thread 0x00007fc26000c800 Threw 0x00000007d7460988 at /home/jmm/jdk/openjdk-7-7u111-2.6.7/build/openjdk/hotspot/src/share/vm/prims/jvm.cpp:1322
Event: 0,336 Thread 0x00007fc26000c800 Threw 0x00000007d7485280 at /home/jmm/jdk/openjdk-7-7u111-2.6.7/build/openjdk/hotspot/src/share/vm/prims/jvm.cpp:1322
Event: 0,336 Thread 0x00007fc26000c800 Threw 0x00000007d7487a70 at /home/jmm/jdk/openjdk-7-7u111-2.6.7/build/openjdk/hotspot/src/share/vm/prims/jvm.cpp:1322
Event: 0,337 Thread 0x00007fc26000c800 Threw 0x00000007d748bee8 at /home/jmm/jdk/openjdk-7-7u111-2.6.7/build/openjdk/hotspot/src/share/vm/prims/jvm.cpp:1322
Event: 0,337 Thread 0x00007fc26000c800 Threw 0x00000007d748cf48 at /home/jmm/jdk/openjdk-7-7u111-2.6.7/build/openjdk/hotspot/src/share/vm/prims/jvm.cpp:1322
Event: 0,337 Thread 0x00007fc26000c800 Threw 0x00000007d748f9e8 at /home/jmm/jdk/openjdk-7-7u111-2.6.7/build/openjdk/hotspot/src/share/vm/prims/jvm.cpp:1322
Event: 0,338 Thread 0x00007fc26000c800 Threw 0x00000007d7490a90 at /home/jmm/jdk/openjdk-7-7u111-2.6.7/build/openjdk/hotspot/src/share/vm/prims/jvm.cpp:1322
Event: 0,338 Thread 0x00007fc26000c800 Threw 0x00000007d7493540 at /home/jmm/jdk/openjdk-7-7u111-2.6.7/build/openjdk/hotspot/src/share/vm/prims/jvm.cpp:1322
Event: 0,340 Thread 0x00007fc26000c800 Threw 0x00000007d74bb300 at /home/jmm/jdk/openjdk-7-7u111-2.6.7/build/openjdk/hotspot/src/share/vm/prims/jvm.cpp:1322

Events (10 events):
Event: 188,533 Executing VM operation: RedefineClasses
Event: 188,534 Executing VM operation: RedefineClasses done
Event: 188,534 Executing VM operation: EnterInterpOnlyMode
Event: 188,534 Executing VM operation: EnterInterpOnlyMode done
Event: 188,534 Executing VM operation: GetCurrentLocation
Event: 188,534 Executing VM operation: GetCurrentLocation done
Event: 188,534 Executing VM operation: ChangeSingleStep
Event: 188,534 Executing VM operation: ChangeSingleStep done
Event: 188,535 Executing VM operation: ChangeSingleStep
Event: 188,535 Executing VM operation: ChangeSingleStep done


Dynamic libraries:
00400000-00401000 r-xp 00000000 08:04 396247                             /usr/lib/jvm/java-7-openjdk-amd64/jre/bin/java
00600000-00601000 r--p 00000000 08:04 396247                             /usr/lib/jvm/java-7-openjdk-amd64/jre/bin/java
00601000-00602000 rw-p 00001000 08:04 396247                             /usr/lib/jvm/java-7-openjdk-amd64/jre/bin/java
017e5000-01806000 rw-p 00000000 00:00 0                                  [heap]
77a600000-77bb00000 rw-p 00000000 00:00 0 
77bb00000-784c00000 rw-p 00000000 00:00 0 
784c00000-789e00000 rw-p 00000000 00:00 0 
789e00000-7d6e80000 rw-p 00000000 00:00 0 
7d6e80000-7d9800000 rw-p 00000000 00:00 0 
7d9800000-800000000 rw-p 00000000 00:00 0 
7fc208000000-7fc208021000 rw-p 00000000 00:00 0 
7fc208021000-7fc20c000000 ---p 00000000 00:00 0 
7fc210000000-7fc210123000 rw-p 00000000 00:00 0 
7fc210123000-7fc214000000 ---p 00000000 00:00 0 
7fc214000000-7fc214021000 rw-p 00000000 00:00 0 
7fc214021000-7fc218000000 ---p 00000000 00:00 0 
7fc218000000-7fc218021000 rw-p 00000000 00:00 0 
7fc218021000-7fc21c000000 ---p 00000000 00:00 0 
7fc21c000000-7fc21c0e3000 rw-p 00000000 00:00 0 
7fc21c0e3000-7fc220000000 ---p 00000000 00:00 0 
7fc220000000-7fc22022b000 rw-p 00000000 00:00 0 
7fc22022b000-7fc224000000 ---p 00000000 00:00 0 
7fc224000000-7fc224021000 rw-p 00000000 00:00 0 
7fc224021000-7fc228000000 ---p 00000000 00:00 0 
7fc228000000-7fc228021000 rw-p 00000000 00:00 0 
7fc228021000-7fc22c000000 ---p 00000000 00:00 0 
7fc22c000000-7fc22c021000 rw-p 00000000 00:00 0 
7fc22c021000-7fc230000000 ---p 00000000 00:00 0 
7fc230000000-7fc230021000 rw-p 00000000 00:00 0 
7fc230021000-7fc234000000 ---p 00000000 00:00 0 
7fc237d30000-7fc23c000000 rw-p 00000000 00:00 0 
7fc23c000000-7fc23c021000 rw-p 00000000 00:00 0 
7fc23c021000-7fc240000000 ---p 00000000 00:00 0 
7fc240000000-7fc240021000 rw-p 00000000 00:00 0 
7fc240021000-7fc244000000 ---p 00000000 00:00 0 
7fc244000000-7fc244021000 rw-p 00000000 00:00 0 
7fc244021000-7fc248000000 ---p 00000000 00:00 0 
7fc24c000000-7fc24c021000 rw-p 00000000 00:00 0 
7fc24c021000-7fc250000000 ---p 00000000 00:00 0 
7fc252e99000-7fc25323b000 rw-p 00000000 00:00 0 
7fc25323b000-7fc2532a7000 r-xp 00000000 08:04 4325422                    /lib/x86_64-linux-gnu/libpcre.so.3.13.1
7fc2532a7000-7fc2534a7000 ---p 0006c000 08:04 4325422                    /lib/x86_64-linux-gnu/libpcre.so.3.13.1
7fc2534a7000-7fc2534a8000 r--p 0006c000 08:04 4325422                    /lib/x86_64-linux-gnu/libpcre.so.3.13.1
7fc2534a8000-7fc2534a9000 rw-p 0006d000 08:04 4325422                    /lib/x86_64-linux-gnu/libpcre.so.3.13.1
7fc2534a9000-7fc2534b0000 r-xp 00000000 08:04 6295829                    /usr/lib/x86_64-linux-gnu/libffi.so.6.0.2
7fc2534b0000-7fc2536af000 ---p 00007000 08:04 6295829                    /usr/lib/x86_64-linux-gnu/libffi.so.6.0.2
7fc2536af000-7fc2536b0000 r--p 00006000 08:04 6295829                    /usr/lib/x86_64-linux-gnu/libffi.so.6.0.2
7fc2536b0000-7fc2536b1000 rw-p 00007000 08:04 6295829                    /usr/lib/x86_64-linux-gnu/libffi.so.6.0.2
7fc2536b1000-7fc2536c5000 r-xp 00000000 08:04 4328444                    /lib/x86_64-linux-gnu/libresolv-2.19.so
7fc2536c5000-7fc2538c4000 ---p 00014000 08:04 4328444                    /lib/x86_64-linux-gnu/libresolv-2.19.so
7fc2538c4000-7fc2538c5000 r--p 00013000 08:04 4328444                    /lib/x86_64-linux-gnu/libresolv-2.19.so
7fc2538c5000-7fc2538c6000 rw-p 00014000 08:04 4328444                    /lib/x86_64-linux-gnu/libresolv-2.19.so
7fc2538c6000-7fc2538c8000 rw-p 00000000 00:00 0 
7fc2538c8000-7fc2538e9000 r-xp 00000000 08:04 4325475                    /lib/x86_64-linux-gnu/libselinux.so.1
7fc2538e9000-7fc253ae9000 ---p 00021000 08:04 4325475                    /lib/x86_64-linux-gnu/libselinux.so.1
7fc253ae9000-7fc253aea000 r--p 00021000 08:04 4325475                    /lib/x86_64-linux-gnu/libselinux.so.1
7fc253aea000-7fc253aeb000 rw-p 00022000 08:04 4325475                    /lib/x86_64-linux-gnu/libselinux.so.1
7fc253aeb000-7fc253aed000 rw-p 00000000 00:00 0 
7fc253aed000-7fc253af0000 r-xp 00000000 08:04 6298806                    /usr/lib/x86_64-linux-gnu/libgmodule-2.0.so.0.4200.1
7fc253af0000-7fc253cef000 ---p 00003000 08:04 6298806                    /usr/lib/x86_64-linux-gnu/libgmodule-2.0.so.0.4200.1
7fc253cef000-7fc253cf0000 r--p 00002000 08:04 6298806                    /usr/lib/x86_64-linux-gnu/libgmodule-2.0.so.0.4200.1
7fc253cf0000-7fc253cf1000 rw-p 00003000 08:04 6298806                    /usr/lib/x86_64-linux-gnu/libgmodule-2.0.so.0.4200.1
7fc253cf1000-7fc253dfd000 r-xp 00000000 08:04 4325884                    /lib/x86_64-linux-gnu/libglib-2.0.so.0.4200.1
7fc253dfd000-7fc253ffd000 ---p 0010c000 08:04 4325884                    /lib/x86_64-linux-gnu/libglib-2.0.so.0.4200.1
7fc253ffd000-7fc253ffe000 r--p 0010c000 08:04 4325884                    /lib/x86_64-linux-gnu/libglib-2.0.so.0.4200.1
7fc253ffe000-7fc253fff000 rw-p 0010d000 08:04 4325884                    /lib/x86_64-linux-gnu/libglib-2.0.so.0.4200.1
7fc253fff000-7fc254000000 rw-p 00000000 00:00 0 
7fc254000000-7fc254021000 rw-p 00000000 00:00 0 
7fc254021000-7fc258000000 ---p 00000000 00:00 0 
7fc25809e000-7fc258118000 rw-p 00000000 00:00 0 
7fc258118000-7fc258169000 r-xp 00000000 08:04 6298805                    /usr/lib/x86_64-linux-gnu/libgobject-2.0.so.0.4200.1
7fc258169000-7fc258369000 ---p 00051000 08:04 6298805                    /usr/lib/x86_64-linux-gnu/libgobject-2.0.so.0.4200.1
7fc258369000-7fc25836a000 r--p 00051000 08:04 6298805                    /usr/lib/x86_64-linux-gnu/libgobject-2.0.so.0.4200.1
7fc25836a000-7fc25836b000 rw-p 00052000 08:04 6298805                    /usr/lib/x86_64-linux-gnu/libgobject-2.0.so.0.4200.1
7fc25836b000-7fc2584dd000 r-xp 00000000 08:04 6298808                    /usr/lib/x86_64-linux-gnu/libgio-2.0.so.0.4200.1
7fc2584dd000-7fc2586dd000 ---p 00172000 08:04 6298808                    /usr/lib/x86_64-linux-gnu/libgio-2.0.so.0.4200.1
7fc2586dd000-7fc2586e1000 r--p 00172000 08:04 6298808                    /usr/lib/x86_64-linux-gnu/libgio-2.0.so.0.4200.1
7fc2586e1000-7fc2586e3000 rw-p 00176000 08:04 6298808                    /usr/lib/x86_64-linux-gnu/libgio-2.0.so.0.4200.1
7fc2586e3000-7fc2586e5000 rw-p 00000000 00:00 0 
7fc258700000-7fc258718000 r-xp 00000000 08:04 396185                     /usr/lib/jvm/java-7-openjdk-amd64/jre/lib/amd64/libnet.so
7fc258718000-7fc258917000 ---p 00018000 08:04 396185                     /usr/lib/jvm/java-7-openjdk-amd64/jre/lib/amd64/libnet.so
7fc258917000-7fc258918000 r--p 00017000 08:04 396185                     /usr/lib/jvm/java-7-openjdk-amd64/jre/lib/amd64/libnet.so
7fc258918000-7fc258919000 rw-p 00018000 08:04 396185                     /usr/lib/jvm/java-7-openjdk-amd64/jre/lib/amd64/libnet.so
7fc258919000-7fc25892a000 r-xp 00000000 08:04 396188                     /usr/lib/jvm/java-7-openjdk-amd64/jre/lib/amd64/libnio.so
7fc25892a000-7fc258b29000 ---p 00011000 08:04 396188                     /usr/lib/jvm/java-7-openjdk-amd64/jre/lib/amd64/libnio.so
7fc258b29000-7fc258b2a000 r--p 00010000 08:04 396188                     /usr/lib/jvm/java-7-openjdk-amd64/jre/lib/amd64/libnio.so
7fc258b2a000-7fc258b2b000 rw-p 00011000 08:04 396188                     /usr/lib/jvm/java-7-openjdk-amd64/jre/lib/amd64/libnio.so
7fc258b2b000-7fc258b2c000 ---p 00000000 00:00 0 
7fc258b2c000-7fc258c2c000 rw-p 00000000 00:00 0                          [stack:4071]
7fc258c2c000-7fc258c2f000 ---p 00000000 00:00 0 
7fc258c2f000-7fc258d2d000 rw-p 00000000 00:00 0                          [stack:4070]
7fc258d2d000-7fc258d30000 ---p 00000000 00:00 0 
7fc258d30000-7fc258e2e000 rw-p 00000000 00:00 0                          [stack:4069]
7fc258e2e000-7fc258e31000 ---p 00000000 00:00 0 
7fc258e31000-7fc258f2f000 rw-p 00000000 00:00 0                          [stack:4068]
7fc258f2f000-7fc258f32000 ---p 00000000 00:00 0 
7fc258f32000-7fc259030000 rw-p 00000000 00:00 0                          [stack:4065]
7fc259030000-7fc259033000 ---p 00000000 00:00 0 
7fc259033000-7fc259131000 rw-p 00000000 00:00 0                          [stack:4062]
7fc259131000-7fc259134000 ---p 00000000 00:00 0 
7fc259134000-7fc259232000 rw-p 00000000 00:00 0                          [stack:4061]
7fc259232000-7fc259236000 r-xp 00000000 08:04 396197                     /usr/lib/jvm/java-7-openjdk-amd64/jre/lib/amd64/libdt_socket.so
7fc259236000-7fc259435000 ---p 00004000 08:04 396197                     /usr/lib/jvm/java-7-openjdk-amd64/jre/lib/amd64/libdt_socket.so
7fc259435000-7fc259436000 r--p 00003000 08:04 396197                     /usr/lib/jvm/java-7-openjdk-amd64/jre/lib/amd64/libdt_socket.so
7fc259436000-7fc259437000 rw-p 00004000 08:04 396197                     /usr/lib/jvm/java-7-openjdk-amd64/jre/lib/amd64/libdt_socket.so
7fc259437000-7fc25943a000 ---p 00000000 00:00 0 
7fc25943a000-7fc259538000 rw-p 00000000 00:00 0                          [stack:4059]
7fc259538000-7fc25953b000 ---p 00000000 00:00 0 
7fc25953b000-7fc259639000 rw-p 00000000 00:00 0                          [stack:4057]
7fc259639000-7fc25963c000 ---p 00000000 00:00 0 
7fc25963c000-7fc25973a000 rw-p 00000000 00:00 0                          [stack:4056]
7fc25973a000-7fc25973b000 ---p 00000000 00:00 0 
7fc25973b000-7fc25a838000 rw-p 00000000 00:00 0                          [stack:4055]
7fc25a838000-7fc25a9eb000 r--s 01d3d000 08:04 396206                     /usr/lib/jvm/java-7-openjdk-amd64/jre/lib/rt.jar
7fc25a9eb000-7fc25aee9000 rw-p 00000000 00:00 0 
7fc25aee9000-7fc25aeea000 ---p 00000000 00:00 0 
7fc25aeea000-7fc25afea000 rw-p 00000000 00:00 0                          [stack:4053]
7fc25afea000-7fc25afeb000 ---p 00000000 00:00 0 
7fc25afeb000-7fc25b0eb000 rw-p 00000000 00:00 0                          [stack:4052]
7fc25b0eb000-7fc25b0ec000 ---p 00000000 00:00 0 
7fc25b0ec000-7fc25b1ec000 rw-p 00000000 00:00 0                          [stack:4051]
7fc25b1ec000-7fc25b1ed000 ---p 00000000 00:00 0 
7fc25b1ed000-7fc25b316000 rw-p 00000000 00:00 0                          [stack:4050]
7fc25b316000-7fc25b57f000 rw-p 00000000 00:00 0 
7fc25b57f000-7fc25b58a000 rw-p 00000000 00:00 0 
7fc25b58a000-7fc25b5d2000 rw-p 00000000 00:00 0 
7fc25b5d2000-7fc25b5fb000 rw-p 00000000 00:00 0 
7fc25b5fb000-7fc25b863000 rw-p 00000000 00:00 0 
7fc25b863000-7fc25b878000 rw-p 00000000 00:00 0 
7fc25b878000-7fc25b9ac000 rw-p 00000000 00:00 0 
7fc25b9ac000-7fc25b9ad000 rw-p 00000000 00:00 0 
7fc25b9ad000-7fc25bc1d000 rwxp 00000000 00:00 0 
7fc25bc1d000-7fc25e9ad000 rw-p 00000000 00:00 0 
7fc25e9ad000-7fc25e9b5000 r-xp 00000000 08:04 396166                     /usr/lib/jvm/java-7-openjdk-amd64/jre/lib/amd64/libzip.so
7fc25e9b5000-7fc25ebb4000 ---p 00008000 08:04 396166                     /usr/lib/jvm/java-7-openjdk-amd64/jre/lib/amd64/libzip.so
7fc25ebb4000-7fc25ebb5000 r--p 00007000 08:04 396166                     /usr/lib/jvm/java-7-openjdk-amd64/jre/lib/amd64/libzip.so
7fc25ebb5000-7fc25ebb6000 rw-p 00008000 08:04 396166                     /usr/lib/jvm/java-7-openjdk-amd64/jre/lib/amd64/libzip.so
7fc25ebb6000-7fc25ebc1000 r-xp 00000000 08:04 4328439                    /lib/x86_64-linux-gnu/libnss_files-2.19.so
7fc25ebc1000-7fc25edc0000 ---p 0000b000 08:04 4328439                    /lib/x86_64-linux-gnu/libnss_files-2.19.so
7fc25edc0000-7fc25edc1000 r--p 0000a000 08:04 4328439                    /lib/x86_64-linux-gnu/libnss_files-2.19.so
7fc25edc1000-7fc25edc2000 rw-p 0000b000 08:04 4328439                    /lib/x86_64-linux-gnu/libnss_files-2.19.so
7fc25edc2000-7fc25edcc000 r-xp 00000000 08:04 4328441                    /lib/x86_64-linux-gnu/libnss_nis-2.19.so
7fc25edcc000-7fc25efcb000 ---p 0000a000 08:04 4328441                    /lib/x86_64-linux-gnu/libnss_nis-2.19.so
7fc25efcb000-7fc25efcc000 r--p 00009000 08:04 4328441                    /lib/x86_64-linux-gnu/libnss_nis-2.19.so
7fc25efcc000-7fc25efcd000 rw-p 0000a000 08:04 4328441                    /lib/x86_64-linux-gnu/libnss_nis-2.19.so
7fc25efcd000-7fc25efe2000 r-xp 00000000 08:04 4328436                    /lib/x86_64-linux-gnu/libnsl-2.19.so
7fc25efe2000-7fc25f1e1000 ---p 00015000 08:04 4328436                    /lib/x86_64-linux-gnu/libnsl-2.19.so
7fc25f1e1000-7fc25f1e2000 r--p 00014000 08:04 4328436                    /lib/x86_64-linux-gnu/libnsl-2.19.so
7fc25f1e2000-7fc25f1e3000 rw-p 00015000 08:04 4328436                    /lib/x86_64-linux-gnu/libnsl-2.19.so
7fc25f1e3000-7fc25f1e5000 rw-p 00000000 00:00 0 
7fc25f1e5000-7fc25f1ec000 r-xp 00000000 08:04 4328437                    /lib/x86_64-linux-gnu/libnss_compat-2.19.so
7fc25f1ec000-7fc25f3eb000 ---p 00007000 08:04 4328437                    /lib/x86_64-linux-gnu/libnss_compat-2.19.so
7fc25f3eb000-7fc25f3ec000 r--p 00006000 08:04 4328437                    /lib/x86_64-linux-gnu/libnss_compat-2.19.so
7fc25f3ec000-7fc25f3ed000 rw-p 00007000 08:04 4328437                    /lib/x86_64-linux-gnu/libnss_compat-2.19.so
7fc25f3ed000-7fc25f576000 r--p 00000000 08:04 6294920                    /usr/lib/locale/locale-archive
7fc25f576000-7fc25f578000 r-xp 00000000 08:04 396182                     /usr/lib/jvm/java-7-openjdk-amd64/jre/lib/amd64/libnpt.so
7fc25f578000-7fc25f778000 ---p 00002000 08:04 396182                     /usr/lib/jvm/java-7-openjdk-amd64/jre/lib/amd64/libnpt.so
7fc25f778000-7fc25f779000 r--p 00002000 08:04 396182                     /usr/lib/jvm/java-7-openjdk-amd64/jre/lib/amd64/libnpt.so
7fc25f779000-7fc25f77a000 rw-p 00003000 08:04 396182                     /usr/lib/jvm/java-7-openjdk-amd64/jre/lib/amd64/libnpt.so
7fc25f77a000-7fc25f7b5000 r-xp 00000000 08:04 396193                     /usr/lib/jvm/java-7-openjdk-amd64/jre/lib/amd64/libjdwp.so
7fc25f7b5000-7fc25f9b4000 ---p 0003b000 08:04 396193                     /usr/lib/jvm/java-7-openjdk-amd64/jre/lib/amd64/libjdwp.so
7fc25f9b4000-7fc25f9b5000 r--p 0003a000 08:04 396193                     /usr/lib/jvm/java-7-openjdk-amd64/jre/lib/amd64/libjdwp.so
7fc25f9b5000-7fc25f9b6000 rw-p 0003b000 08:04 396193                     /usr/lib/jvm/java-7-openjdk-amd64/jre/lib/amd64/libjdwp.so
7fc25f9b6000-7fc25f9b7000 rw-p 00000000 00:00 0 
7fc25f9b7000-7fc25f9e4000 r-xp 00000000 08:04 396192                     /usr/lib/jvm/java-7-openjdk-amd64/jre/lib/amd64/libjava.so
7fc25f9e4000-7fc25fbe3000 ---p 0002d000 08:04 396192                     /usr/lib/jvm/java-7-openjdk-amd64/jre/lib/amd64/libjava.so
7fc25fbe3000-7fc25fbe4000 r--p 0002c000 08:04 396192                     /usr/lib/jvm/java-7-openjdk-amd64/jre/lib/amd64/libjava.so
7fc25fbe4000-7fc25fbe6000 rw-p 0002d000 08:04 396192                     /usr/lib/jvm/java-7-openjdk-amd64/jre/lib/amd64/libjava.so
7fc25fbe6000-7fc25fbf5000 r-xp 00000000 08:04 396196                     /usr/lib/jvm/java-7-openjdk-amd64/jre/lib/amd64/libverify.so
7fc25fbf5000-7fc25fdf4000 ---p 0000f000 08:04 396196                     /usr/lib/jvm/java-7-openjdk-amd64/jre/lib/amd64/libverify.so
7fc25fdf4000-7fc25fdf7000 r--p 0000e000 08:04 396196                     /usr/lib/jvm/java-7-openjdk-amd64/jre/lib/amd64/libverify.so
7fc25fdf7000-7fc25fdf8000 rw-p 00011000 08:04 396196                     /usr/lib/jvm/java-7-openjdk-amd64/jre/lib/amd64/libverify.so
7fc25fdf8000-7fc25fdff000 r-xp 00000000 08:04 4328445                    /lib/x86_64-linux-gnu/librt-2.19.so
7fc25fdff000-7fc25fffe000 ---p 00007000 08:04 4328445                    /lib/x86_64-linux-gnu/librt-2.19.so
7fc25fffe000-7fc25ffff000 r--p 00006000 08:04 4328445                    /lib/x86_64-linux-gnu/librt-2.19.so
7fc25ffff000-7fc260000000 rw-p 00007000 08:04 4328445                    /lib/x86_64-linux-gnu/librt-2.19.so
7fc260000000-7fc260267000 rw-p 00000000 00:00 0 
7fc260267000-7fc264000000 ---p 00000000 00:00 0 
7fc264009000-7fc264066000 rw-p 00000000 00:00 0 
7fc264066000-7fc2640ae000 rw-p 00000000 00:00 0 
7fc2640ae000-7fc2640c4000 r-xp 00000000 08:04 4325380                    /lib/x86_64-linux-gnu/libgcc_s.so.1
7fc2640c4000-7fc2642c3000 ---p 00016000 08:04 4325380                    /lib/x86_64-linux-gnu/libgcc_s.so.1
7fc2642c3000-7fc2642c4000 rw-p 00015000 08:04 4325380                    /lib/x86_64-linux-gnu/libgcc_s.so.1
7fc2642c4000-7fc2643c4000 r-xp 00000000 08:04 4328434                    /lib/x86_64-linux-gnu/libm-2.19.so
7fc2643c4000-7fc2645c3000 ---p 00100000 08:04 4328434                    /lib/x86_64-linux-gnu/libm-2.19.so
7fc2645c3000-7fc2645c4000 r--p 000ff000 08:04 4328434                    /lib/x86_64-linux-gnu/libm-2.19.so
7fc2645c4000-7fc2645c5000 rw-p 00100000 08:04 4328434                    /lib/x86_64-linux-gnu/libm-2.19.so
7fc2645c5000-7fc2646b1000 r-xp 00000000 08:04 6296240                    /usr/lib/x86_64-linux-gnu/libstdc++.so.6.0.20
7fc2646b1000-7fc2648b1000 ---p 000ec000 08:04 6296240                    /usr/lib/x86_64-linux-gnu/libstdc++.so.6.0.20
7fc2648b1000-7fc2648b9000 r--p 000ec000 08:04 6296240                    /usr/lib/x86_64-linux-gnu/libstdc++.so.6.0.20
7fc2648b9000-7fc2648bb000 rw-p 000f4000 08:04 6296240                    /usr/lib/x86_64-linux-gnu/libstdc++.so.6.0.20
7fc2648bb000-7fc2648d0000 rw-p 00000000 00:00 0 
7fc2648d0000-7fc26542d000 r-xp 00000000 08:04 396161                     /usr/lib/jvm/java-7-openjdk-amd64/jre/lib/amd64/server/libjvm.so
7fc26542d000-7fc26562d000 ---p 00b5d000 08:04 396161                     /usr/lib/jvm/java-7-openjdk-amd64/jre/lib/amd64/server/libjvm.so
7fc26562d000-7fc2656cc000 r--p 00b5d000 08:04 396161                     /usr/lib/jvm/java-7-openjdk-amd64/jre/lib/amd64/server/libjvm.so
7fc2656cc000-7fc2656ef000 rw-p 00bfc000 08:04 396161                     /usr/lib/jvm/java-7-openjdk-amd64/jre/lib/amd64/server/libjvm.so
7fc2656ef000-7fc26571d000 rw-p 00000000 00:00 0 
7fc26571d000-7fc265737000 r-xp 00000000 08:04 4325476                    /lib/x86_64-linux-gnu/libz.so.1.2.8
7fc265737000-7fc265936000 ---p 0001a000 08:04 4325476                    /lib/x86_64-linux-gnu/libz.so.1.2.8
7fc265936000-7fc265937000 r--p 00019000 08:04 4325476                    /lib/x86_64-linux-gnu/libz.so.1.2.8
7fc265937000-7fc265938000 rw-p 0001a000 08:04 4325476                    /lib/x86_64-linux-gnu/libz.so.1.2.8
7fc265938000-7fc265ad9000 r-xp 00000000 08:04 4328430                    /lib/x86_64-linux-gnu/libc-2.19.so
7fc265ad9000-7fc265cd9000 ---p 001a1000 08:04 4328430                    /lib/x86_64-linux-gnu/libc-2.19.so
7fc265cd9000-7fc265cdd000 r--p 001a1000 08:04 4328430                    /lib/x86_64-linux-gnu/libc-2.19.so
7fc265cdd000-7fc265cdf000 rw-p 001a5000 08:04 4328430                    /lib/x86_64-linux-gnu/libc-2.19.so
7fc265cdf000-7fc265ce3000 rw-p 00000000 00:00 0 
7fc265ce3000-7fc265ce6000 r-xp 00000000 08:04 4328433                    /lib/x86_64-linux-gnu/libdl-2.19.so
7fc265ce6000-7fc265ee5000 ---p 00003000 08:04 4328433                    /lib/x86_64-linux-gnu/libdl-2.19.so
7fc265ee5000-7fc265ee6000 r--p 00002000 08:04 4328433                    /lib/x86_64-linux-gnu/libdl-2.19.so
7fc265ee6000-7fc265ee7000 rw-p 00003000 08:04 4328433                    /lib/x86_64-linux-gnu/libdl-2.19.so
7fc265ee7000-7fc265ef4000 r-xp 00000000 08:04 396191                     /usr/lib/jvm/java-7-openjdk-amd64/jre/lib/amd64/jli/libjli.so
7fc265ef4000-7fc2660f3000 ---p 0000d000 08:04 396191                     /usr/lib/jvm/java-7-openjdk-amd64/jre/lib/amd64/jli/libjli.so
7fc2660f3000-7fc2660f4000 r--p 0000c000 08:04 396191                     /usr/lib/jvm/java-7-openjdk-amd64/jre/lib/amd64/jli/libjli.so
7fc2660f4000-7fc2660f5000 rw-p 0000d000 08:04 396191                     /usr/lib/jvm/java-7-openjdk-amd64/jre/lib/amd64/jli/libjli.so
7fc2660f5000-7fc26610d000 r-xp 00000000 08:04 4328426                    /lib/x86_64-linux-gnu/libpthread-2.19.so
7fc26610d000-7fc26630c000 ---p 00018000 08:04 4328426                    /lib/x86_64-linux-gnu/libpthread-2.19.so
7fc26630c000-7fc26630d000 r--p 00017000 08:04 4328426                    /lib/x86_64-linux-gnu/libpthread-2.19.so
7fc26630d000-7fc26630e000 rw-p 00018000 08:04 4328426                    /lib/x86_64-linux-gnu/libpthread-2.19.so
7fc26630e000-7fc266312000 rw-p 00000000 00:00 0 
7fc266312000-7fc266332000 r-xp 00000000 08:04 4328427                    /lib/x86_64-linux-gnu/ld-2.19.so
7fc266340000-7fc266342000 rw-p 00000000 00:00 0 
7fc266342000-7fc266346000 r--s 0004f000 08:04 396137                     /usr/lib/jvm/java-7-openjdk-amd64/jre/lib/jsse.jar
7fc266346000-7fc26634d000 r--s 0009f000 08:04 3319695                    /home/wellysson/Dropbox/UFPI/UFPI-2016.2/Top_BD/trabalho2/material_postgresql_postgis/postgresql-9.4.1212.jre6.jar
7fc26634d000-7fc26634f000 r--s 00006000 08:04 137545                     /usr/share/java/java-atk-wrapper.jar
7fc26634f000-7fc266359000 rw-p 00000000 00:00 0 
7fc266359000-7fc26640f000 rw-p 00000000 00:00 0 
7fc26640f000-7fc266412000 ---p 00000000 00:00 0 
7fc266412000-7fc266515000 rw-p 00000000 00:00 0                          [stack:4049]
7fc266515000-7fc266517000 r--s 00012000 08:04 396214                     /usr/lib/jvm/java-7-openjdk-amd64/jre/lib/ext/zipfs.jar
7fc266517000-7fc26651a000 r--s 0000f000 08:04 396212                     /usr/lib/jvm/java-7-openjdk-amd64/jre/lib/ext/icedtea-sound.jar
7fc26651a000-7fc26651e000 r--s 00085000 08:04 396211                     /usr/lib/jvm/java-7-openjdk-amd64/jre/lib/ext/localedata.jar
7fc26651e000-7fc26651f000 r--s 00002000 08:04 396213                     /usr/lib/jvm/java-7-openjdk-amd64/jre/lib/ext/dnsns.jar
7fc26651f000-7fc266522000 r--s 0003d000 08:04 396210                     /usr/lib/jvm/java-7-openjdk-amd64/jre/lib/ext/sunpkcs11.jar
7fc266522000-7fc266526000 r--s 00034000 08:04 396215                     /usr/lib/jvm/java-7-openjdk-amd64/jre/lib/ext/sunjce_provider.jar
7fc266526000-7fc26652e000 rw-s 00000000 08:04 803218                     /tmp/hsperfdata_wellysson/4044
7fc26652e000-7fc26652f000 rw-p 00000000 00:00 0 
7fc26652f000-7fc266530000 r--p 00000000 00:00 0 
7fc266530000-7fc266532000 rw-p 00000000 00:00 0 
7fc266532000-7fc266533000 r--p 00020000 08:04 4328427                    /lib/x86_64-linux-gnu/ld-2.19.so
7fc266533000-7fc266534000 rw-p 00021000 08:04 4328427                    /lib/x86_64-linux-gnu/ld-2.19.so
7fc266534000-7fc266535000 rw-p 00000000 00:00 0 
7ffc9dd77000-7ffc9dd98000 rw-p 00000000 00:00 0                          [stack]
7ffc9ddc8000-7ffc9ddca000 r-xp 00000000 00:00 0                          [vdso]
7ffc9ddca000-7ffc9ddcc000 r--p 00000000 00:00 0                          [vvar]
ffffffffff600000-ffffffffff601000 r-xp 00000000 00:00 0                  [vsyscall]

VM Arguments:
jvm_args: -agentlib:jdwp=transport=dt_socket,suspend=y,address=localhost:58655 -Dfile.encoding=UTF-8 
java_command: br.ufpi.tbd.initial.Main
Launcher Type: SUN_STANDARD

Environment Variables:
PATH=/usr/local/bin:/usr/bin:/bin:/usr/local/games:/usr/games
USERNAME=wellysson
SHELL=/bin/bash
DISPLAY=:0.0

Signal Handlers:
SIGSEGV: [libjvm.so+0x98ed60], sa_mask[0]=0x7ffbfeff, sa_flags=0x10000004
SIGBUS: [libjvm.so+0x98ed60], sa_mask[0]=0x7ffbfeff, sa_flags=0x10000004
SIGFPE: [libjvm.so+0x7fa580], sa_mask[0]=0x7ffbfeff, sa_flags=0x10000004
SIGPIPE: [libjvm.so+0x7fa580], sa_mask[0]=0x7ffbfeff, sa_flags=0x10000004
SIGXFSZ: [libjvm.so+0x7fa580], sa_mask[0]=0x7ffbfeff, sa_flags=0x10000004
SIGILL: [libjvm.so+0x7fa580], sa_mask[0]=0x7ffbfeff, sa_flags=0x10000004
SIGUSR1: SIG_DFL, sa_mask[0]=0x00000000, sa_flags=0x00000000
SIGUSR2: [libjvm.so+0x7fa6b0], sa_mask[0]=0x00000004, sa_flags=0x10000004
SIGHUP: [libjvm.so+0x7fa600], sa_mask[0]=0x7ffbfeff, sa_flags=0x10000004
SIGINT: [libjvm.so+0x7fa600], sa_mask[0]=0x7ffbfeff, sa_flags=0x10000004
SIGTERM: [libjvm.so+0x7fa600], sa_mask[0]=0x7ffbfeff, sa_flags=0x10000004
SIGQUIT: [libjvm.so+0x7fa600], sa_mask[0]=0x7ffbfeff, sa_flags=0x10000004
SIGTRAP: SIG_DFL, sa_mask[0]=0x00000000, sa_flags=0x00000000


---------------  S Y S T E M  ---------------

OS:8.6

uname:Linux 3.16.0-4-amd64 #1 SMP Debian 3.16.36-1+deb8u1 (2016-09-03) x86_64
libc:glibc 2.19 NPTL 2.19 
rlimit: STACK 8192k, CORE 0k, NPROC 30723, NOFILE 65536, AS infinity
load average:0,10 0,18 0,22

/proc/meminfo:
MemTotal:        8077076 kB
MemFree:         1124948 kB
MemAvailable:    3768932 kB
Buffers:          369056 kB
Cached:          3063804 kB
SwapCached:            0 kB
Active:          4694408 kB
Inactive:        1809928 kB
Active(anon):    3080440 kB
Inactive(anon):   814700 kB
Active(file):    1613968 kB
Inactive(file):   995228 kB
Unevictable:         172 kB
Mlocked:             172 kB
SwapTotal:             0 kB
SwapFree:              0 kB
Dirty:                68 kB
Writeback:             0 kB
AnonPages:       3071824 kB
Mapped:           915312 kB
Shmem:            823668 kB
Slab:             337116 kB
SReclaimable:     288204 kB
SUnreclaim:        48912 kB
KernelStack:       11376 kB
PageTables:        52536 kB
NFS_Unstable:          0 kB
Bounce:                0 kB
WritebackTmp:          0 kB
CommitLimit:     4038536 kB
Committed_AS:   10365640 kB
VmallocTotal:   34359738367 kB
VmallocUsed:      354376 kB
VmallocChunk:   34359375836 kB
HardwareCorrupted:     0 kB
AnonHugePages:         0 kB
HugePages_Total:       0
HugePages_Free:        0
HugePages_Rsvd:        0
HugePages_Surp:        0
Hugepagesize:       2048 kB
DirectMap4k:       75948 kB
DirectMap2M:     2951168 kB
DirectMap1G:     5242880 kB


CPU:total 4 (2 cores per cpu, 2 threads per core) family 6 model 69 stepping 1, cmov, cx8, fxsr, mmx, sse, sse2, sse3, ssse3, sse4.1, sse4.2, popcnt, avx, avx2, aes, erms, ht, tsc, tscinvbit

/proc/cpuinfo:
processor	: 0
vendor_id	: GenuineIntel
cpu family	: 6
model		: 69
model name	: Intel(R) Core(TM) i5-4200U CPU @ 1.60GHz
stepping	: 1
microcode	: 0x17
cpu MHz		: 2120.582
cache size	: 3072 KB
physical id	: 0
siblings	: 4
core id		: 0
cpu cores	: 2
apicid		: 0
initial apicid	: 0
fpu		: yes
fpu_exception	: yes
cpuid level	: 13
wp		: yes
flags		: fpu vme de pse tsc msr pae mce cx8 apic sep mtrr pge mca cmov pat pse36 clflush dts acpi mmx fxsr sse sse2 ss ht tm pbe syscall nx pdpe1gb rdtscp lm constant_tsc arch_perfmon pebs bts rep_good nopl xtopology nonstop_tsc aperfmperf eagerfpu pni pclmulqdq dtes64 monitor ds_cpl vmx est tm2 ssse3 fma cx16 xtpr pdcm pcid sse4_1 sse4_2 movbe popcnt tsc_deadline_timer aes xsave avx f16c rdrand lahf_lm abm ida arat epb xsaveopt pln pts dtherm tpr_shadow vnmi flexpriority ept vpid fsgsbase tsc_adjust bmi1 avx2 smep bmi2 erms invpcid
bogomips	: 4589.31
clflush size	: 64
cache_alignment	: 64
address sizes	: 39 bits physical, 48 bits virtual
power management:

processor	: 1
vendor_id	: GenuineIntel
cpu family	: 6
model		: 69
model name	: Intel(R) Core(TM) i5-4200U CPU @ 1.60GHz
stepping	: 1
microcode	: 0x17
cpu MHz		: 2103.421
cache size	: 3072 KB
physical id	: 0
siblings	: 4
core id		: 1
cpu cores	: 2
apicid		: 2
initial apicid	: 2
fpu		: yes
fpu_exception	: yes
cpuid level	: 13
wp		: yes
flags		: fpu vme de pse tsc msr pae mce cx8 apic sep mtrr pge mca cmov pat pse36 clflush dts acpi mmx fxsr sse sse2 ss ht tm pbe syscall nx pdpe1gb rdtscp lm constant_tsc arch_perfmon pebs bts rep_good nopl xtopology nonstop_tsc aperfmperf eagerfpu pni pclmulqdq dtes64 monitor ds_cpl vmx est tm2 ssse3 fma cx16 xtpr pdcm pcid sse4_1 sse4_2 movbe popcnt tsc_deadline_timer aes xsave avx f16c rdrand lahf_lm abm ida arat epb xsaveopt pln pts dtherm tpr_shadow vnmi flexpriority ept vpid fsgsbase tsc_adjust bmi1 avx2 smep bmi2 erms invpcid
bogomips	: 4589.31
clflush size	: 64
cache_alignment	: 64
address sizes	: 39 bits physical, 48 bits virtual
power management:

processor	: 2
vendor_id	: GenuineIntel
cpu family	: 6
model		: 69
model name	: Intel(R) Core(TM) i5-4200U CPU @ 1.60GHz
stepping	: 1
microcode	: 0x17
cpu MHz		: 2162.269
cache size	: 3072 KB
physical id	: 0
siblings	: 4
core id		: 0
cpu cores	: 2
apicid		: 1
initial apicid	: 1
fpu		: yes
fpu_exception	: yes
cpuid level	: 13
wp		: yes
flags		: fpu vme de pse tsc msr pae mce cx8 apic sep mtrr pge mca cmov pat pse36 clflush dts acpi mmx fxsr sse sse2 ss ht tm pbe syscall nx pdpe1gb rdtscp lm constant_tsc arch_perfmon pebs bts rep_good nopl xtopology nonstop_tsc aperfmperf eagerfpu pni pclmulqdq dtes64 monitor ds_cpl vmx est tm2 ssse3 fma cx16 xtpr pdcm pcid sse4_1 sse4_2 movbe popcnt tsc_deadline_timer aes xsave avx f16c rdrand lahf_lm abm ida arat epb xsaveopt pln pts dtherm tpr_shadow vnmi flexpriority ept vpid fsgsbase tsc_adjust bmi1 avx2 smep bmi2 erms invpcid
bogomips	: 4589.31
clflush size	: 64
cache_alignment	: 64
address sizes	: 39 bits physical, 48 bits virtual
power management:

processor	: 3
vendor_id	: GenuineIntel
cpu family	: 6
model		: 69
model name	: Intel(R) Core(TM) i5-4200U CPU @ 1.60GHz
stepping	: 1
microcode	: 0x17
cpu MHz		: 2374.750
cache size	: 3072 KB
physical id	: 0
siblings	: 4
core id		: 1
cpu cores	: 2
apicid		: 3
initial apicid	: 3
fpu		: yes
fpu_exception	: yes
cpuid level	: 13
wp		: yes
flags		: fpu vme de pse tsc msr pae mce cx8 apic sep mtrr pge mca cmov pat pse36 clflush dts acpi mmx fxsr sse sse2 ss ht tm pbe syscall nx pdpe1gb rdtscp lm constant_tsc arch_perfmon pebs bts rep_good nopl xtopology nonstop_tsc aperfmperf eagerfpu pni pclmulqdq dtes64 monitor ds_cpl vmx est tm2 ssse3 fma cx16 xtpr pdcm pcid sse4_1 sse4_2 movbe popcnt tsc_deadline_timer aes xsave avx f16c rdrand lahf_lm abm ida arat epb xsaveopt pln pts dtherm tpr_shadow vnmi flexpriority ept vpid fsgsbase tsc_adjust bmi1 avx2 smep bmi2 erms invpcid
bogomips	: 4589.31
clflush size	: 64
cache_alignment	: 64
address sizes	: 39 bits physical, 48 bits virtual
power management:



Memory: 4k page, physical 8077076k(1124948k free), swap 0k(0k free)

vm_info: OpenJDK 64-Bit Server VM (24.111-b01) for linux-amd64 JRE (1.7.0_111-b01), built on Jul 31 2016 18:05:06 by "jmm" with gcc 4.9.2

time: Wed Nov 16 09:25:10 2016
elapsed time: 188 seconds

