#
# A fatal error has been detected by the Java Runtime Environment:
#
#  SIGSEGV (0xb) at pc=0x00007f922a5772f6, pid=3990, tid=140265483433728
#
# JRE version: OpenJDK Runtime Environment (7.0_111-b01) (build 1.7.0_111-b01)
# Java VM: OpenJDK 64-Bit Server VM (24.111-b01 mixed mode linux-amd64 compressed oops)
# Derivative: IcedTea 2.6.7
# Distribution: Debian GNU/Linux 8.5 (jessie), package 7u111-2.6.7-1~deb8u1
# Problematic frame:
# V  [libjvm.so+0x9822f6]
#
# Failed to write core dump. Core dumps have been disabled. To enable core dumping, try "ulimit -c unlimited" before starting Java again
#
# If you would like to submit a bug report, please include
# instructions on how to reproduce the bug and visit:
#   http://icedtea.classpath.org/bugzilla
#

---------------  T H R E A D  ---------------

Current thread (0x00007f92240b5000):  JavaThread "JDWP Transport Listener: dt_socket" daemon [_thread_in_vm, id=4007, stack(0x00007f921a407000,0x00007f921a508000)]

siginfo:si_signo=SIGSEGV: si_errno=0, si_code=2 (SEGV_ACCERR), si_addr=0x00007f922b736ff8

Registers:
RAX=0x00000007d7488958, RBX=0x00007f91e40125f0, RCX=0x000000000000fc99, RDX=0x000000000000fc98
RSP=0x00007f921a5061a0, RBP=0x00007f921a506250, RSI=0x0000000000000000, RDI=0x0000000000000020
R8 =0x00007f91f4221e90, R9 =0x0000000000000000, R10=0x00007f91f4000000, R11=0x0000000000000206
R12=0x00007f91e4012bf0, R13=0x00007f922b736ff0, R14=0x00007f921a5061e0, R15=0x0000000000000000
RIP=0x00007f922a5772f6, EFLAGS=0x0000000000010246, CSGSFS=0x0000000000000033, ERR=0x0000000000000004
  TRAPNO=0x000000000000000e

Top of Stack: (sp=0x00007f921a5061a0)
0x00007f921a5061a0:   0000000000000000 00007f91f4160c50
0x00007f921a5061b0:   00007f922b833960 00007f9220bf13cb
0x00007f921a5061c0:   00007f9220bf0310 00007f9200000000
0x00007f921a5061d0:   00007f922b8339d0 00007f922b833990
0x00007f921a5061e0:   00007f922b833960 00007f9220bf13cb
0x00007f921a5061f0:   00007f9220bf0310 00007f9200000000
0x00007f921a506200:   00007f922b8339d0 00007f922b833990
0x00007f921a506210:   00007f92240acf00 260d4ae5f9709700
0x00007f921a506220:   0000000000000000 00007f92240acf00
0x00007f921a506230:   0000000000000000 00007f922400c800
0x00007f921a506240:   00007f91f4006190 00007f922400c800
0x00007f921a506250:   00007f921a506330 00007f922a2ae4a8
0x00007f921a506260:   00007f921a5062d0 00007f922a52bb39
0x00007f921a506270:   00007f922b833990 260d4ae5f9709700
0x00007f921a506280:   00000000000083b0 00000001f9709700
0x00007f921a506290:   00007f92240b5000 00007f91e4019fc8
0x00007f921a5062a0:   00007f91e4012bf0 00007f91e4011fe0
0x00007f921a5062b0:   00007f9224003a80 00007f92240acf00
0x00007f921a5062c0:   00007f921a506330 00007f922a52bb39
0x00007f921a5062d0:   00007f922b833910 260d4ae5f9709700
0x00007f921a5062e0:   00007f9220bf0310 0000000000000001
0x00007f921a5062f0:   00007f922a9f4f38 260d4ae5f9709700
0x00007f921a506300:   00007f91f4006190 0000000000000001
0x00007f921a506310:   00007f922a9f4f38 00007f922400c800
0x00007f921a506320:   00007f91f4006190 00007f91e40125f0
0x00007f921a506330:   00007f921a5069c0 00007f922a2ae915
0x00007f921a506340:   00007f921a5063e0 00000000000003d8
0x00007f921a506350:   00007f92240acf00 00007f92240b5a08
0x00007f921a506360:   00007f92240b5630 00007f91f4006190
0x00007f921a506370:   00007f921a506390 00007f92240b5620
0x00007f921a506380:   00007f92240b5000 00007f9224003a80
0x00007f921a506390:   00007f92240b5000 00007f92240b5a10 

Instructions: (pc=0x00007f922a5772f6)
0x00007f922a5772d6:   89 45 b0 48 8b 43 30 48 89 45 b8 e8 8a 95 ba ff
0x00007f922a5772e6:   49 39 c5 0f 82 11 01 00 00 31 f6 bf 20 00 00 00
0x00007f922a5772f6:   4d 8b 7d 08 e8 21 73 f0 ff 48 85 c0 49 89 c0 74
0x00007f922a577306:   17 4c 89 38 48 c7 40 10 00 00 00 00 4c 89 68 08 

Register to memory mapping:

RAX=0x00000007d7488958 is an oop
org.postgresql.util.PSQLException 
 - klass: 'org/postgresql/util/PSQLException'
RBX=0x00007f91e40125f0 is an unknown value
RCX=0x000000000000fc99 is an unknown value
RDX=0x000000000000fc98 is an unknown value
RSP=0x00007f921a5061a0 is pointing into the stack for thread: 0x00007f92240b5000
RBP=0x00007f921a506250 is pointing into the stack for thread: 0x00007f92240b5000
RSI=0x0000000000000000 is an unknown value
RDI=0x0000000000000020 is an unknown value
R8 =0x00007f91f4221e90 is an unknown value
R9 =0x0000000000000000 is an unknown value
R10=0x00007f91f4000000 is an unknown value
R11=0x0000000000000206 is an unknown value
R12=0x00007f91e4012bf0 is an unknown value
R13=0x00007f922b736ff0 is pointing into the stack for thread: 0x00007f922400c800
R14=0x00007f921a5061e0 is pointing into the stack for thread: 0x00007f92240b5000
R15=0x0000000000000000 is an unknown value


Stack: [0x00007f921a407000,0x00007f921a508000],  sp=0x00007f921a5061a0,  free space=1020k
Native frames: (J=compiled Java code, j=interpreted, Vv=VM code, C=native code)
V  [libjvm.so+0x9822f6]
V  [libjvm.so+0x6b94a8]
V  [libjvm.so+0x6b9915]
V  [libjvm.so+0x6ae8ce]
V  [libjvm.so+0x669dc7]
C  [libjdwp.so+0xa3f6]
C  [libjdwp.so+0x11b18]
C  [libjdwp.so+0x23f65]
V  [libjvm.so+0x6cf580]
V  [libjvm.so+0x939148]
V  [libjvm.so+0x9393f0]
V  [libjvm.so+0x7fc142]


---------------  P R O C E S S  ---------------

Java Threads: ( => current thread )
  0x00007f92240c0000 JavaThread "Service Thread" daemon [_thread_blocked, id=4016, stack(0x00007f9219f02000,0x00007f921a003000)]
  0x00007f92240be000 JavaThread "C2 CompilerThread1" daemon [_thread_blocked, id=4015, stack(0x00007f921a003000,0x00007f921a104000)]
  0x00007f92240bb000 JavaThread "C2 CompilerThread0" daemon [_thread_blocked, id=4014, stack(0x00007f921a104000,0x00007f921a205000)]
  0x00007f91f4001000 JavaThread "JDWP Command Reader" daemon [_thread_in_native, id=4011, stack(0x00007f921a205000,0x00007f921a306000)]
  0x00007f92240b8800 JavaThread "JDWP Event Helper Thread" daemon [_thread_blocked, id=4009, stack(0x00007f921a306000,0x00007f921a407000)]
=>0x00007f92240b5000 JavaThread "JDWP Transport Listener: dt_socket" daemon [_thread_in_vm, id=4007, stack(0x00007f921a407000,0x00007f921a508000)]
  0x00007f92240a8000 JavaThread "Signal Dispatcher" daemon [_thread_blocked, id=4005, stack(0x00007f921a70d000,0x00007f921a80e000)]
  0x00007f922407e800 JavaThread "Finalizer" daemon [_thread_blocked, id=4003, stack(0x00007f921a80e000,0x00007f921a90f000)]
  0x00007f922407c800 JavaThread "Reference Handler" daemon [_thread_blocked, id=4002, stack(0x00007f921a90f000,0x00007f921aa10000)]
  0x00007f922400c800 JavaThread "main" [_thread_blocked, id=3995, stack(0x00007f922b734000,0x00007f922b835000)]

Other Threads:
  0x00007f9224078000 VMThread [stack: 0x00007f921aa10000,0x00007f921ab11000] [id=4001]
  0x00007f92240d3000 WatcherThread [stack: 0x00007f9219e01000,0x00007f9219f02000] [id=4017]

VM state:not at safepoint (normal execution)

VM Mutex/Monitor currently owned by a thread: None

Heap
 PSYoungGen      total 37376K, used 6563K [0x00000007d6e80000, 0x00000007d9800000, 0x0000000800000000)
  eden space 32256K, 20% used [0x00000007d6e80000,0x00000007d74e8f50,0x00000007d8e00000)
  from space 5120K, 0% used [0x00000007d9300000,0x00000007d9300000,0x00000007d9800000)
  to   space 5120K, 0% used [0x00000007d8e00000,0x00000007d8e00000,0x00000007d9300000)
 ParOldGen       total 83968K, used 0K [0x0000000784c00000, 0x0000000789e00000, 0x00000007d6e80000)
  object space 83968K, 0% used [0x0000000784c00000,0x0000000784c00000,0x0000000789e00000)
 PSPermGen       total 21504K, used 6166K [0x000000077a600000, 0x000000077bb00000, 0x0000000784c00000)
  object space 21504K, 28% used [0x000000077a600000,0x000000077ac05a18,0x000000077bb00000)

Card table byte_map: [0x00007f92207bd000,0x00007f9220beb000] byte_map_base: 0x00007f921cbea000

Polling page: 0x00007f922b854000

Code Cache  [0x00007f9220beb000, 0x00007f9220e5b000, 0x00007f9223beb000)
 total_blobs=254 nmethods=16 adapters=200 free_code_cache=48712Kb largest_free_block=49866048

Compilation events (10 events):
Event: 0,266 Thread 0x00007f92240bb000 nmethod 12 0x00007f9220c4fd90 code [0x00007f9220c4fee0, 0x00007f9220c501b8]
Event: 0,266 Thread 0x00007f92240bb000   13             java.lang.String::replace (127 bytes)
Event: 0,266 Thread 0x00007f92240be000 nmethod 10 0x00007f9220c4f650 code [0x00007f9220c4f7a0, 0x00007f9220c4fb58]
Event: 0,266 Thread 0x00007f92240be000   14             java.lang.String::length (6 bytes)
Event: 0,266 Thread 0x00007f92240be000 nmethod 14 0x00007f9220c55b10 code [0x00007f9220c55c60, 0x00007f9220c55cf8]
Event: 0,274 Thread 0x00007f92240bb000 nmethod 13 0x00007f9220c56dd0 code [0x00007f9220c56f40, 0x00007f9220c57498]
Event: 0,279 Thread 0x00007f92240be000   15             sun.net.www.ParseUtil::encodePath (336 bytes)
Event: 0,282 Thread 0x00007f92240bb000   16             java.lang.Math::min (11 bytes)
Event: 0,282 Thread 0x00007f92240bb000 nmethod 16 0x00007f9220c4f290 code [0x00007f9220c4f3c0, 0x00007f9220c4f3f8]
Event: 0,293 Thread 0x00007f92240be000 nmethod 15 0x00007f9220c57ed0 code [0x00007f9220c580a0, 0x00007f9220c58b88]

GC Heap History (0 events):
No events

Deoptimization events (1 events):
Event: 0,330 Thread 0x00007f922400c800 Uncommon trap: reason=unstable_if action=reinterpret pc=0x00007f9220c5886c method=sun.net.www.ParseUtil.encodePath(Ljava/lang/String;Z)Ljava/lang/String; @ 109

Internal exceptions (10 events):
Event: 0,291 Thread 0x00007f922400c800 Threw 0x00000007d74323e8 at /home/jmm/jdk/openjdk-7-7u111-2.6.7/build/openjdk/hotspot/src/share/vm/prims/jvm.cpp:1322
Event: 0,300 Thread 0x00007f922400c800 Threw 0x00000007d7462320 at /home/jmm/jdk/openjdk-7-7u111-2.6.7/build/openjdk/hotspot/src/share/vm/prims/jvm.cpp:1322
Event: 0,328 Thread 0x00007f922400c800 Threw 0x00000007d7486c18 at /home/jmm/jdk/openjdk-7-7u111-2.6.7/build/openjdk/hotspot/src/share/vm/prims/jvm.cpp:1322
Event: 0,329 Thread 0x00007f922400c800 Threw 0x00000007d7489408 at /home/jmm/jdk/openjdk-7-7u111-2.6.7/build/openjdk/hotspot/src/share/vm/prims/jvm.cpp:1322
Event: 0,329 Thread 0x00007f922400c800 Threw 0x00000007d748d880 at /home/jmm/jdk/openjdk-7-7u111-2.6.7/build/openjdk/hotspot/src/share/vm/prims/jvm.cpp:1322
Event: 0,329 Thread 0x00007f922400c800 Threw 0x00000007d748e8e0 at /home/jmm/jdk/openjdk-7-7u111-2.6.7/build/openjdk/hotspot/src/share/vm/prims/jvm.cpp:1322
Event: 0,330 Thread 0x00007f922400c800 Threw 0x00000007d74913c0 at /home/jmm/jdk/openjdk-7-7u111-2.6.7/build/openjdk/hotspot/src/share/vm/prims/jvm.cpp:1322
Event: 0,330 Thread 0x00007f922400c800 Threw 0x00000007d7492468 at /home/jmm/jdk/openjdk-7-7u111-2.6.7/build/openjdk/hotspot/src/share/vm/prims/jvm.cpp:1322
Event: 0,330 Thread 0x00007f922400c800 Threw 0x00000007d7494f38 at /home/jmm/jdk/openjdk-7-7u111-2.6.7/build/openjdk/hotspot/src/share/vm/prims/jvm.cpp:1322
Event: 0,332 Thread 0x00007f922400c800 Threw 0x00000007d74bccf8 at /home/jmm/jdk/openjdk-7-7u111-2.6.7/build/openjdk/hotspot/src/share/vm/prims/jvm.cpp:1322

Events (10 events):
Event: 12,920 Executing VM operation: RedefineClasses
Event: 12,920 Executing VM operation: RedefineClasses done
Event: 12,921 Executing VM operation: EnterInterpOnlyMode
Event: 12,921 Executing VM operation: EnterInterpOnlyMode done
Event: 12,921 Executing VM operation: GetCurrentLocation
Event: 12,921 Executing VM operation: GetCurrentLocation done
Event: 12,921 Executing VM operation: ChangeSingleStep
Event: 12,921 Executing VM operation: ChangeSingleStep done
Event: 12,922 Executing VM operation: ChangeSingleStep
Event: 12,922 Executing VM operation: ChangeSingleStep done


Dynamic libraries:
00400000-00401000 r-xp 00000000 08:04 396247                             /usr/lib/jvm/java-7-openjdk-amd64/jre/bin/java
00600000-00601000 r--p 00000000 08:04 396247                             /usr/lib/jvm/java-7-openjdk-amd64/jre/bin/java
00601000-00602000 rw-p 00001000 08:04 396247                             /usr/lib/jvm/java-7-openjdk-amd64/jre/bin/java
01315000-01336000 rw-p 00000000 00:00 0                                  [heap]
77a600000-77bb00000 rw-p 00000000 00:00 0 
77bb00000-784c00000 rw-p 00000000 00:00 0 
784c00000-789e00000 rw-p 00000000 00:00 0 
789e00000-7d6e80000 rw-p 00000000 00:00 0 
7d6e80000-7d9800000 rw-p 00000000 00:00 0 
7d9800000-800000000 rw-p 00000000 00:00 0 
7f91d8000000-7f91d8021000 rw-p 00000000 00:00 0 
7f91d8021000-7f91dc000000 ---p 00000000 00:00 0 
7f91dc000000-7f91dc021000 rw-p 00000000 00:00 0 
7f91dc021000-7f91e0000000 ---p 00000000 00:00 0 
7f91e0000000-7f91e00fc000 rw-p 00000000 00:00 0 
7f91e00fc000-7f91e4000000 ---p 00000000 00:00 0 
7f91e4000000-7f91e40f1000 rw-p 00000000 00:00 0 
7f91e40f1000-7f91e8000000 ---p 00000000 00:00 0 
7f91e8000000-7f91e8021000 rw-p 00000000 00:00 0 
7f91e8021000-7f91ec000000 ---p 00000000 00:00 0 
7f91ec000000-7f91ec021000 rw-p 00000000 00:00 0 
7f91ec021000-7f91f0000000 ---p 00000000 00:00 0 
7f91f0000000-7f91f0021000 rw-p 00000000 00:00 0 
7f91f0021000-7f91f4000000 ---p 00000000 00:00 0 
7f91f4000000-7f91f422b000 rw-p 00000000 00:00 0 
7f91f422b000-7f91f8000000 ---p 00000000 00:00 0 
7f91f8000000-7f91f8021000 rw-p 00000000 00:00 0 
7f91f8021000-7f91fc000000 ---p 00000000 00:00 0 
7f91fc000000-7f91fc021000 rw-p 00000000 00:00 0 
7f91fc021000-7f9200000000 ---p 00000000 00:00 0 
7f9200000000-7f9200021000 rw-p 00000000 00:00 0 
7f9200021000-7f9204000000 ---p 00000000 00:00 0 
7f9207d30000-7f920c000000 rw-p 00000000 00:00 0 
7f920c000000-7f920c021000 rw-p 00000000 00:00 0 
7f920c021000-7f9210000000 ---p 00000000 00:00 0 
7f9210000000-7f9210021000 rw-p 00000000 00:00 0 
7f9210021000-7f9214000000 ---p 00000000 00:00 0 
7f9214000000-7f9214021000 rw-p 00000000 00:00 0 
7f9214021000-7f9218000000 ---p 00000000 00:00 0 
7f9218251000-7f9218644000 rw-p 00000000 00:00 0 
7f9218644000-7f92186b0000 r-xp 00000000 08:04 4325422                    /lib/x86_64-linux-gnu/libpcre.so.3.13.1
7f92186b0000-7f92188b0000 ---p 0006c000 08:04 4325422                    /lib/x86_64-linux-gnu/libpcre.so.3.13.1
7f92188b0000-7f92188b1000 r--p 0006c000 08:04 4325422                    /lib/x86_64-linux-gnu/libpcre.so.3.13.1
7f92188b1000-7f92188b2000 rw-p 0006d000 08:04 4325422                    /lib/x86_64-linux-gnu/libpcre.so.3.13.1
7f92188b2000-7f92188b9000 r-xp 00000000 08:04 6295829                    /usr/lib/x86_64-linux-gnu/libffi.so.6.0.2
7f92188b9000-7f9218ab8000 ---p 00007000 08:04 6295829                    /usr/lib/x86_64-linux-gnu/libffi.so.6.0.2
7f9218ab8000-7f9218ab9000 r--p 00006000 08:04 6295829                    /usr/lib/x86_64-linux-gnu/libffi.so.6.0.2
7f9218ab9000-7f9218aba000 rw-p 00007000 08:04 6295829                    /usr/lib/x86_64-linux-gnu/libffi.so.6.0.2
7f9218aba000-7f9218ace000 r-xp 00000000 08:04 4328444                    /lib/x86_64-linux-gnu/libresolv-2.19.so
7f9218ace000-7f9218ccd000 ---p 00014000 08:04 4328444                    /lib/x86_64-linux-gnu/libresolv-2.19.so
7f9218ccd000-7f9218cce000 r--p 00013000 08:04 4328444                    /lib/x86_64-linux-gnu/libresolv-2.19.so
7f9218cce000-7f9218ccf000 rw-p 00014000 08:04 4328444                    /lib/x86_64-linux-gnu/libresolv-2.19.so
7f9218ccf000-7f9218cd1000 rw-p 00000000 00:00 0 
7f9218cd1000-7f9218cf2000 r-xp 00000000 08:04 4325475                    /lib/x86_64-linux-gnu/libselinux.so.1
7f9218cf2000-7f9218ef2000 ---p 00021000 08:04 4325475                    /lib/x86_64-linux-gnu/libselinux.so.1
7f9218ef2000-7f9218ef3000 r--p 00021000 08:04 4325475                    /lib/x86_64-linux-gnu/libselinux.so.1
7f9218ef3000-7f9218ef4000 rw-p 00022000 08:04 4325475                    /lib/x86_64-linux-gnu/libselinux.so.1
7f9218ef4000-7f9218ef6000 rw-p 00000000 00:00 0 
7f9218ef6000-7f9218ef9000 r-xp 00000000 08:04 6298806                    /usr/lib/x86_64-linux-gnu/libgmodule-2.0.so.0.4200.1
7f9218ef9000-7f92190f8000 ---p 00003000 08:04 6298806                    /usr/lib/x86_64-linux-gnu/libgmodule-2.0.so.0.4200.1
7f92190f8000-7f92190f9000 r--p 00002000 08:04 6298806                    /usr/lib/x86_64-linux-gnu/libgmodule-2.0.so.0.4200.1
7f92190f9000-7f92190fa000 rw-p 00003000 08:04 6298806                    /usr/lib/x86_64-linux-gnu/libgmodule-2.0.so.0.4200.1
7f92190fa000-7f9219206000 r-xp 00000000 08:04 4325884                    /lib/x86_64-linux-gnu/libglib-2.0.so.0.4200.1
7f9219206000-7f9219406000 ---p 0010c000 08:04 4325884                    /lib/x86_64-linux-gnu/libglib-2.0.so.0.4200.1
7f9219406000-7f9219407000 r--p 0010c000 08:04 4325884                    /lib/x86_64-linux-gnu/libglib-2.0.so.0.4200.1
7f9219407000-7f9219408000 rw-p 0010d000 08:04 4325884                    /lib/x86_64-linux-gnu/libglib-2.0.so.0.4200.1
7f9219408000-7f9219409000 rw-p 00000000 00:00 0 
7f9219409000-7f921945a000 r-xp 00000000 08:04 6298805                    /usr/lib/x86_64-linux-gnu/libgobject-2.0.so.0.4200.1
7f921945a000-7f921965a000 ---p 00051000 08:04 6298805                    /usr/lib/x86_64-linux-gnu/libgobject-2.0.so.0.4200.1
7f921965a000-7f921965b000 r--p 00051000 08:04 6298805                    /usr/lib/x86_64-linux-gnu/libgobject-2.0.so.0.4200.1
7f921965b000-7f921965c000 rw-p 00052000 08:04 6298805                    /usr/lib/x86_64-linux-gnu/libgobject-2.0.so.0.4200.1
7f921965c000-7f92197ce000 r-xp 00000000 08:04 6298808                    /usr/lib/x86_64-linux-gnu/libgio-2.0.so.0.4200.1
7f92197ce000-7f92199ce000 ---p 00172000 08:04 6298808                    /usr/lib/x86_64-linux-gnu/libgio-2.0.so.0.4200.1
7f92199ce000-7f92199d2000 r--p 00172000 08:04 6298808                    /usr/lib/x86_64-linux-gnu/libgio-2.0.so.0.4200.1
7f92199d2000-7f92199d4000 rw-p 00176000 08:04 6298808                    /usr/lib/x86_64-linux-gnu/libgio-2.0.so.0.4200.1
7f92199d4000-7f92199d6000 rw-p 00000000 00:00 0 
7f92199d6000-7f92199ee000 r-xp 00000000 08:04 396185                     /usr/lib/jvm/java-7-openjdk-amd64/jre/lib/amd64/libnet.so
7f92199ee000-7f9219bed000 ---p 00018000 08:04 396185                     /usr/lib/jvm/java-7-openjdk-amd64/jre/lib/amd64/libnet.so
7f9219bed000-7f9219bee000 r--p 00017000 08:04 396185                     /usr/lib/jvm/java-7-openjdk-amd64/jre/lib/amd64/libnet.so
7f9219bee000-7f9219bef000 rw-p 00018000 08:04 396185                     /usr/lib/jvm/java-7-openjdk-amd64/jre/lib/amd64/libnet.so
7f9219bef000-7f9219c00000 r-xp 00000000 08:04 396188                     /usr/lib/jvm/java-7-openjdk-amd64/jre/lib/amd64/libnio.so
7f9219c00000-7f9219dff000 ---p 00011000 08:04 396188                     /usr/lib/jvm/java-7-openjdk-amd64/jre/lib/amd64/libnio.so
7f9219dff000-7f9219e00000 r--p 00010000 08:04 396188                     /usr/lib/jvm/java-7-openjdk-amd64/jre/lib/amd64/libnio.so
7f9219e00000-7f9219e01000 rw-p 00011000 08:04 396188                     /usr/lib/jvm/java-7-openjdk-amd64/jre/lib/amd64/libnio.so
7f9219e01000-7f9219e02000 ---p 00000000 00:00 0 
7f9219e02000-7f9219f02000 rw-p 00000000 00:00 0                          [stack:4017]
7f9219f02000-7f9219f05000 ---p 00000000 00:00 0 
7f9219f05000-7f921a003000 rw-p 00000000 00:00 0                          [stack:4016]
7f921a003000-7f921a006000 ---p 00000000 00:00 0 
7f921a006000-7f921a104000 rw-p 00000000 00:00 0                          [stack:4015]
7f921a104000-7f921a107000 ---p 00000000 00:00 0 
7f921a107000-7f921a205000 rw-p 00000000 00:00 0                          [stack:4014]
7f921a205000-7f921a208000 ---p 00000000 00:00 0 
7f921a208000-7f921a306000 rw-p 00000000 00:00 0                          [stack:4011]
7f921a306000-7f921a309000 ---p 00000000 00:00 0 
7f921a309000-7f921a407000 rw-p 00000000 00:00 0                          [stack:4009]
7f921a407000-7f921a40a000 ---p 00000000 00:00 0 
7f921a40a000-7f921a508000 rw-p 00000000 00:00 0                          [stack:4007]
7f921a508000-7f921a50c000 r-xp 00000000 08:04 396197                     /usr/lib/jvm/java-7-openjdk-amd64/jre/lib/amd64/libdt_socket.so
7f921a50c000-7f921a70b000 ---p 00004000 08:04 396197                     /usr/lib/jvm/java-7-openjdk-amd64/jre/lib/amd64/libdt_socket.so
7f921a70b000-7f921a70c000 r--p 00003000 08:04 396197                     /usr/lib/jvm/java-7-openjdk-amd64/jre/lib/amd64/libdt_socket.so
7f921a70c000-7f921a70d000 rw-p 00004000 08:04 396197                     /usr/lib/jvm/java-7-openjdk-amd64/jre/lib/amd64/libdt_socket.so
7f921a70d000-7f921a710000 ---p 00000000 00:00 0 
7f921a710000-7f921a80e000 rw-p 00000000 00:00 0                          [stack:4005]
7f921a80e000-7f921a811000 ---p 00000000 00:00 0 
7f921a811000-7f921a90f000 rw-p 00000000 00:00 0                          [stack:4003]
7f921a90f000-7f921a912000 ---p 00000000 00:00 0 
7f921a912000-7f921aa10000 rw-p 00000000 00:00 0                          [stack:4002]
7f921aa10000-7f921aa11000 ---p 00000000 00:00 0 
7f921aa11000-7f921ba20000 rw-p 00000000 00:00 0                          [stack:4001]
7f921ba20000-7f921bbd3000 r--s 01d3d000 08:04 396206                     /usr/lib/jvm/java-7-openjdk-amd64/jre/lib/rt.jar
7f921bbd3000-7f921c000000 rw-p 00000000 00:00 0 
7f921c000000-7f921c021000 rw-p 00000000 00:00 0 
7f921c021000-7f9220000000 ---p 00000000 00:00 0 
7f9220018000-7f9220228000 rw-p 00000000 00:00 0 
7f9220228000-7f9220229000 ---p 00000000 00:00 0 
7f9220229000-7f9220329000 rw-p 00000000 00:00 0                          [stack:4000]
7f9220329000-7f922032a000 ---p 00000000 00:00 0 
7f922032a000-7f922042a000 rw-p 00000000 00:00 0                          [stack:3999]
7f922042a000-7f922042b000 ---p 00000000 00:00 0 
7f922042b000-7f9220554000 rw-p 00000000 00:00 0                          [stack:3998]
7f9220554000-7f92207bd000 rw-p 00000000 00:00 0 
7f92207bd000-7f92207c8000 rw-p 00000000 00:00 0 
7f92207c8000-7f9220810000 rw-p 00000000 00:00 0 
7f9220810000-7f9220839000 rw-p 00000000 00:00 0 
7f9220839000-7f9220aa1000 rw-p 00000000 00:00 0 
7f9220aa1000-7f9220ab6000 rw-p 00000000 00:00 0 
7f9220ab6000-7f9220bea000 rw-p 00000000 00:00 0 
7f9220bea000-7f9220beb000 rw-p 00000000 00:00 0 
7f9220beb000-7f9220e5b000 rwxp 00000000 00:00 0 
7f9220e5b000-7f9223beb000 rw-p 00000000 00:00 0 
7f9223beb000-7f9223bf3000 r-xp 00000000 08:04 396166                     /usr/lib/jvm/java-7-openjdk-amd64/jre/lib/amd64/libzip.so
7f9223bf3000-7f9223df2000 ---p 00008000 08:04 396166                     /usr/lib/jvm/java-7-openjdk-amd64/jre/lib/amd64/libzip.so
7f9223df2000-7f9223df3000 r--p 00007000 08:04 396166                     /usr/lib/jvm/java-7-openjdk-amd64/jre/lib/amd64/libzip.so
7f9223df3000-7f9223df4000 rw-p 00008000 08:04 396166                     /usr/lib/jvm/java-7-openjdk-amd64/jre/lib/amd64/libzip.so
7f9223df4000-7f9223dff000 r-xp 00000000 08:04 4328439                    /lib/x86_64-linux-gnu/libnss_files-2.19.so
7f9223dff000-7f9223ffe000 ---p 0000b000 08:04 4328439                    /lib/x86_64-linux-gnu/libnss_files-2.19.so
7f9223ffe000-7f9223fff000 r--p 0000a000 08:04 4328439                    /lib/x86_64-linux-gnu/libnss_files-2.19.so
7f9223fff000-7f9224000000 rw-p 0000b000 08:04 4328439                    /lib/x86_64-linux-gnu/libnss_files-2.19.so
7f9224000000-7f9224277000 rw-p 00000000 00:00 0 
7f9224277000-7f9228000000 ---p 00000000 00:00 0 
7f9228017000-7f9228041000 rw-p 00000000 00:00 0 
7f9228041000-7f9228042000 ---p 00000000 00:00 0 
7f9228042000-7f922814d000 rw-p 00000000 00:00 0                          [stack:3997]
7f922814d000-7f9228195000 rw-p 00000000 00:00 0 
7f9228195000-7f922819f000 r-xp 00000000 08:04 4328441                    /lib/x86_64-linux-gnu/libnss_nis-2.19.so
7f922819f000-7f922839e000 ---p 0000a000 08:04 4328441                    /lib/x86_64-linux-gnu/libnss_nis-2.19.so
7f922839e000-7f922839f000 r--p 00009000 08:04 4328441                    /lib/x86_64-linux-gnu/libnss_nis-2.19.so
7f922839f000-7f92283a0000 rw-p 0000a000 08:04 4328441                    /lib/x86_64-linux-gnu/libnss_nis-2.19.so
7f92283a0000-7f92283b5000 r-xp 00000000 08:04 4328436                    /lib/x86_64-linux-gnu/libnsl-2.19.so
7f92283b5000-7f92285b4000 ---p 00015000 08:04 4328436                    /lib/x86_64-linux-gnu/libnsl-2.19.so
7f92285b4000-7f92285b5000 r--p 00014000 08:04 4328436                    /lib/x86_64-linux-gnu/libnsl-2.19.so
7f92285b5000-7f92285b6000 rw-p 00015000 08:04 4328436                    /lib/x86_64-linux-gnu/libnsl-2.19.so
7f92285b6000-7f92285b8000 rw-p 00000000 00:00 0 
7f92285b8000-7f92285bf000 r-xp 00000000 08:04 4328437                    /lib/x86_64-linux-gnu/libnss_compat-2.19.so
7f92285bf000-7f92287be000 ---p 00007000 08:04 4328437                    /lib/x86_64-linux-gnu/libnss_compat-2.19.so
7f92287be000-7f92287bf000 r--p 00006000 08:04 4328437                    /lib/x86_64-linux-gnu/libnss_compat-2.19.so
7f92287bf000-7f92287c0000 rw-p 00007000 08:04 4328437                    /lib/x86_64-linux-gnu/libnss_compat-2.19.so
7f92287c0000-7f9228949000 r--p 00000000 08:04 6294920                    /usr/lib/locale/locale-archive
7f9228949000-7f922894b000 r-xp 00000000 08:04 396182                     /usr/lib/jvm/java-7-openjdk-amd64/jre/lib/amd64/libnpt.so
7f922894b000-7f9228b4b000 ---p 00002000 08:04 396182                     /usr/lib/jvm/java-7-openjdk-amd64/jre/lib/amd64/libnpt.so
7f9228b4b000-7f9228b4c000 r--p 00002000 08:04 396182                     /usr/lib/jvm/java-7-openjdk-amd64/jre/lib/amd64/libnpt.so
7f9228b4c000-7f9228b4d000 rw-p 00003000 08:04 396182                     /usr/lib/jvm/java-7-openjdk-amd64/jre/lib/amd64/libnpt.so
7f9228b4d000-7f9228b88000 r-xp 00000000 08:04 396193                     /usr/lib/jvm/java-7-openjdk-amd64/jre/lib/amd64/libjdwp.so
7f9228b88000-7f9228d87000 ---p 0003b000 08:04 396193                     /usr/lib/jvm/java-7-openjdk-amd64/jre/lib/amd64/libjdwp.so
7f9228d87000-7f9228d88000 r--p 0003a000 08:04 396193                     /usr/lib/jvm/java-7-openjdk-amd64/jre/lib/amd64/libjdwp.so
7f9228d88000-7f9228d89000 rw-p 0003b000 08:04 396193                     /usr/lib/jvm/java-7-openjdk-amd64/jre/lib/amd64/libjdwp.so
7f9228d89000-7f9228d8a000 rw-p 00000000 00:00 0 
7f9228d8a000-7f9228db7000 r-xp 00000000 08:04 396192                     /usr/lib/jvm/java-7-openjdk-amd64/jre/lib/amd64/libjava.so
7f9228db7000-7f9228fb6000 ---p 0002d000 08:04 396192                     /usr/lib/jvm/java-7-openjdk-amd64/jre/lib/amd64/libjava.so
7f9228fb6000-7f9228fb7000 r--p 0002c000 08:04 396192                     /usr/lib/jvm/java-7-openjdk-amd64/jre/lib/amd64/libjava.so
7f9228fb7000-7f9228fb9000 rw-p 0002d000 08:04 396192                     /usr/lib/jvm/java-7-openjdk-amd64/jre/lib/amd64/libjava.so
7f9228fb9000-7f9228fc8000 r-xp 00000000 08:04 396196                     /usr/lib/jvm/java-7-openjdk-amd64/jre/lib/amd64/libverify.so
7f9228fc8000-7f92291c7000 ---p 0000f000 08:04 396196                     /usr/lib/jvm/java-7-openjdk-amd64/jre/lib/amd64/libverify.so
7f92291c7000-7f92291ca000 r--p 0000e000 08:04 396196                     /usr/lib/jvm/java-7-openjdk-amd64/jre/lib/amd64/libverify.so
7f92291ca000-7f92291cb000 rw-p 00011000 08:04 396196                     /usr/lib/jvm/java-7-openjdk-amd64/jre/lib/amd64/libverify.so
7f92291cb000-7f92291d2000 r-xp 00000000 08:04 4328445                    /lib/x86_64-linux-gnu/librt-2.19.so
7f92291d2000-7f92293d1000 ---p 00007000 08:04 4328445                    /lib/x86_64-linux-gnu/librt-2.19.so
7f92293d1000-7f92293d2000 r--p 00006000 08:04 4328445                    /lib/x86_64-linux-gnu/librt-2.19.so
7f92293d2000-7f92293d3000 rw-p 00007000 08:04 4328445                    /lib/x86_64-linux-gnu/librt-2.19.so
7f92293d3000-7f92293e9000 r-xp 00000000 08:04 4325380                    /lib/x86_64-linux-gnu/libgcc_s.so.1
7f92293e9000-7f92295e8000 ---p 00016000 08:04 4325380                    /lib/x86_64-linux-gnu/libgcc_s.so.1
7f92295e8000-7f92295e9000 rw-p 00015000 08:04 4325380                    /lib/x86_64-linux-gnu/libgcc_s.so.1
7f92295e9000-7f92296e9000 r-xp 00000000 08:04 4328434                    /lib/x86_64-linux-gnu/libm-2.19.so
7f92296e9000-7f92298e8000 ---p 00100000 08:04 4328434                    /lib/x86_64-linux-gnu/libm-2.19.so
7f92298e8000-7f92298e9000 r--p 000ff000 08:04 4328434                    /lib/x86_64-linux-gnu/libm-2.19.so
7f92298e9000-7f92298ea000 rw-p 00100000 08:04 4328434                    /lib/x86_64-linux-gnu/libm-2.19.so
7f92298ea000-7f92299d6000 r-xp 00000000 08:04 6296240                    /usr/lib/x86_64-linux-gnu/libstdc++.so.6.0.20
7f92299d6000-7f9229bd6000 ---p 000ec000 08:04 6296240                    /usr/lib/x86_64-linux-gnu/libstdc++.so.6.0.20
7f9229bd6000-7f9229bde000 r--p 000ec000 08:04 6296240                    /usr/lib/x86_64-linux-gnu/libstdc++.so.6.0.20
7f9229bde000-7f9229be0000 rw-p 000f4000 08:04 6296240                    /usr/lib/x86_64-linux-gnu/libstdc++.so.6.0.20
7f9229be0000-7f9229bf5000 rw-p 00000000 00:00 0 
7f9229bf5000-7f922a752000 r-xp 00000000 08:04 396161                     /usr/lib/jvm/java-7-openjdk-amd64/jre/lib/amd64/server/libjvm.so
7f922a752000-7f922a952000 ---p 00b5d000 08:04 396161                     /usr/lib/jvm/java-7-openjdk-amd64/jre/lib/amd64/server/libjvm.so
7f922a952000-7f922a9f1000 r--p 00b5d000 08:04 396161                     /usr/lib/jvm/java-7-openjdk-amd64/jre/lib/amd64/server/libjvm.so
7f922a9f1000-7f922aa14000 rw-p 00bfc000 08:04 396161                     /usr/lib/jvm/java-7-openjdk-amd64/jre/lib/amd64/server/libjvm.so
7f922aa14000-7f922aa42000 rw-p 00000000 00:00 0 
7f922aa42000-7f922aa5c000 r-xp 00000000 08:04 4325476                    /lib/x86_64-linux-gnu/libz.so.1.2.8
7f922aa5c000-7f922ac5b000 ---p 0001a000 08:04 4325476                    /lib/x86_64-linux-gnu/libz.so.1.2.8
7f922ac5b000-7f922ac5c000 r--p 00019000 08:04 4325476                    /lib/x86_64-linux-gnu/libz.so.1.2.8
7f922ac5c000-7f922ac5d000 rw-p 0001a000 08:04 4325476                    /lib/x86_64-linux-gnu/libz.so.1.2.8
7f922ac5d000-7f922adfe000 r-xp 00000000 08:04 4328430                    /lib/x86_64-linux-gnu/libc-2.19.so
7f922adfe000-7f922affe000 ---p 001a1000 08:04 4328430                    /lib/x86_64-linux-gnu/libc-2.19.so
7f922affe000-7f922b002000 r--p 001a1000 08:04 4328430                    /lib/x86_64-linux-gnu/libc-2.19.so
7f922b002000-7f922b004000 rw-p 001a5000 08:04 4328430                    /lib/x86_64-linux-gnu/libc-2.19.so
7f922b004000-7f922b008000 rw-p 00000000 00:00 0 
7f922b008000-7f922b00b000 r-xp 00000000 08:04 4328433                    /lib/x86_64-linux-gnu/libdl-2.19.so
7f922b00b000-7f922b20a000 ---p 00003000 08:04 4328433                    /lib/x86_64-linux-gnu/libdl-2.19.so
7f922b20a000-7f922b20b000 r--p 00002000 08:04 4328433                    /lib/x86_64-linux-gnu/libdl-2.19.so
7f922b20b000-7f922b20c000 rw-p 00003000 08:04 4328433                    /lib/x86_64-linux-gnu/libdl-2.19.so
7f922b20c000-7f922b219000 r-xp 00000000 08:04 396191                     /usr/lib/jvm/java-7-openjdk-amd64/jre/lib/amd64/jli/libjli.so
7f922b219000-7f922b418000 ---p 0000d000 08:04 396191                     /usr/lib/jvm/java-7-openjdk-amd64/jre/lib/amd64/jli/libjli.so
7f922b418000-7f922b419000 r--p 0000c000 08:04 396191                     /usr/lib/jvm/java-7-openjdk-amd64/jre/lib/amd64/jli/libjli.so
7f922b419000-7f922b41a000 rw-p 0000d000 08:04 396191                     /usr/lib/jvm/java-7-openjdk-amd64/jre/lib/amd64/jli/libjli.so
7f922b41a000-7f922b432000 r-xp 00000000 08:04 4328426                    /lib/x86_64-linux-gnu/libpthread-2.19.so
7f922b432000-7f922b631000 ---p 00018000 08:04 4328426                    /lib/x86_64-linux-gnu/libpthread-2.19.so
7f922b631000-7f922b632000 r--p 00017000 08:04 4328426                    /lib/x86_64-linux-gnu/libpthread-2.19.so
7f922b632000-7f922b633000 rw-p 00018000 08:04 4328426                    /lib/x86_64-linux-gnu/libpthread-2.19.so
7f922b633000-7f922b637000 rw-p 00000000 00:00 0 
7f922b637000-7f922b657000 r-xp 00000000 08:04 4328427                    /lib/x86_64-linux-gnu/ld-2.19.so
7f922b665000-7f922b667000 rw-p 00000000 00:00 0 
7f922b667000-7f922b66b000 r--s 0004f000 08:04 396137                     /usr/lib/jvm/java-7-openjdk-amd64/jre/lib/jsse.jar
7f922b66b000-7f922b672000 r--s 0009f000 08:04 3319695                    /home/wellysson/Dropbox/UFPI/UFPI-2016.2/Top_BD/trabalho2/material_postgresql_postgis/postgresql-9.4.1212.jre6.jar
7f922b672000-7f922b674000 r--s 00006000 08:04 137545                     /usr/share/java/java-atk-wrapper.jar
7f922b674000-7f922b67e000 rw-p 00000000 00:00 0 
7f922b67e000-7f922b734000 rw-p 00000000 00:00 0 
7f922b734000-7f922b737000 ---p 00000000 00:00 0 
7f922b737000-7f922b83a000 rw-p 00000000 00:00 0                          [stack:3995]
7f922b83a000-7f922b83c000 r--s 00012000 08:04 396214                     /usr/lib/jvm/java-7-openjdk-amd64/jre/lib/ext/zipfs.jar
7f922b83c000-7f922b83f000 r--s 0000f000 08:04 396212                     /usr/lib/jvm/java-7-openjdk-amd64/jre/lib/ext/icedtea-sound.jar
7f922b83f000-7f922b843000 r--s 00085000 08:04 396211                     /usr/lib/jvm/java-7-openjdk-amd64/jre/lib/ext/localedata.jar
7f922b843000-7f922b844000 r--s 00002000 08:04 396213                     /usr/lib/jvm/java-7-openjdk-amd64/jre/lib/ext/dnsns.jar
7f922b844000-7f922b847000 r--s 0003d000 08:04 396210                     /usr/lib/jvm/java-7-openjdk-amd64/jre/lib/ext/sunpkcs11.jar
7f922b847000-7f922b84b000 r--s 00034000 08:04 396215                     /usr/lib/jvm/java-7-openjdk-amd64/jre/lib/ext/sunjce_provider.jar
7f922b84b000-7f922b853000 rw-s 00000000 08:04 803218                     /tmp/hsperfdata_wellysson/3990
7f922b853000-7f922b854000 rw-p 00000000 00:00 0 
7f922b854000-7f922b855000 r--p 00000000 00:00 0 
7f922b855000-7f922b857000 rw-p 00000000 00:00 0 
7f922b857000-7f922b858000 r--p 00020000 08:04 4328427                    /lib/x86_64-linux-gnu/ld-2.19.so
7f922b858000-7f922b859000 rw-p 00021000 08:04 4328427                    /lib/x86_64-linux-gnu/ld-2.19.so
7f922b859000-7f922b85a000 rw-p 00000000 00:00 0 
7fff2de1c000-7fff2de3d000 rw-p 00000000 00:00 0                          [stack]
7fff2df9c000-7fff2df9e000 r-xp 00000000 00:00 0                          [vdso]
7fff2df9e000-7fff2dfa0000 r--p 00000000 00:00 0                          [vvar]
ffffffffff600000-ffffffffff601000 r-xp 00000000 00:00 0                  [vsyscall]

VM Arguments:
jvm_args: -agentlib:jdwp=transport=dt_socket,suspend=y,address=localhost:45554 -Dfile.encoding=UTF-8 
java_command: br.ufpi.tbd.initial.Main
Launcher Type: SUN_STANDARD

Environment Variables:
PATH=/usr/local/bin:/usr/bin:/bin:/usr/local/games:/usr/games
USERNAME=wellysson
SHELL=/bin/bash
DISPLAY=:0.0

Signal Handlers:
SIGSEGV: [libjvm.so+0x98ed60], sa_mask[0]=0x7ffbfeff, sa_flags=0x10000004
SIGBUS: [libjvm.so+0x98ed60], sa_mask[0]=0x7ffbfeff, sa_flags=0x10000004
SIGFPE: [libjvm.so+0x7fa580], sa_mask[0]=0x7ffbfeff, sa_flags=0x10000004
SIGPIPE: [libjvm.so+0x7fa580], sa_mask[0]=0x7ffbfeff, sa_flags=0x10000004
SIGXFSZ: [libjvm.so+0x7fa580], sa_mask[0]=0x7ffbfeff, sa_flags=0x10000004
SIGILL: [libjvm.so+0x7fa580], sa_mask[0]=0x7ffbfeff, sa_flags=0x10000004
SIGUSR1: SIG_DFL, sa_mask[0]=0x00000000, sa_flags=0x00000000
SIGUSR2: [libjvm.so+0x7fa6b0], sa_mask[0]=0x00000004, sa_flags=0x10000004
SIGHUP: [libjvm.so+0x7fa600], sa_mask[0]=0x7ffbfeff, sa_flags=0x10000004
SIGINT: [libjvm.so+0x7fa600], sa_mask[0]=0x7ffbfeff, sa_flags=0x10000004
SIGTERM: [libjvm.so+0x7fa600], sa_mask[0]=0x7ffbfeff, sa_flags=0x10000004
SIGQUIT: [libjvm.so+0x7fa600], sa_mask[0]=0x7ffbfeff, sa_flags=0x10000004
SIGTRAP: SIG_DFL, sa_mask[0]=0x00000000, sa_flags=0x00000000


---------------  S Y S T E M  ---------------

OS:8.6

uname:Linux 3.16.0-4-amd64 #1 SMP Debian 3.16.36-1+deb8u1 (2016-09-03) x86_64
libc:glibc 2.19 NPTL 2.19 
rlimit: STACK 8192k, CORE 0k, NPROC 30723, NOFILE 65536, AS infinity
load average:0,24 0,21 0,22

/proc/meminfo:
MemTotal:        8077076 kB
MemFree:         1098188 kB
MemAvailable:    3735964 kB
Buffers:          368980 kB
Cached:          3095244 kB
SwapCached:            0 kB
Active:          4688628 kB
Inactive:        1841860 kB
Active(anon):    3075144 kB
Inactive(anon):   852368 kB
Active(file):    1613484 kB
Inactive(file):   989492 kB
Unevictable:         172 kB
Mlocked:             172 kB
SwapTotal:             0 kB
SwapFree:              0 kB
Dirty:               276 kB
Writeback:             0 kB
AnonPages:       3066476 kB
Mapped:           919324 kB
Shmem:            861252 kB
Slab:             337348 kB
SReclaimable:     288216 kB
SUnreclaim:        49132 kB
KernelStack:       11360 kB
PageTables:        52848 kB
NFS_Unstable:          0 kB
Bounce:                0 kB
WritebackTmp:          0 kB
CommitLimit:     4038536 kB
Committed_AS:   10377732 kB
VmallocTotal:   34359738367 kB
VmallocUsed:      354376 kB
VmallocChunk:   34359375836 kB
HardwareCorrupted:     0 kB
AnonHugePages:         0 kB
HugePages_Total:       0
HugePages_Free:        0
HugePages_Rsvd:        0
HugePages_Surp:        0
Hugepagesize:       2048 kB
DirectMap4k:       75948 kB
DirectMap2M:     2951168 kB
DirectMap1G:     5242880 kB


CPU:total 4 (2 cores per cpu, 2 threads per core) family 6 model 69 stepping 1, cmov, cx8, fxsr, mmx, sse, sse2, sse3, ssse3, sse4.1, sse4.2, popcnt, avx, avx2, aes, erms, ht, tsc, tscinvbit

/proc/cpuinfo:
processor	: 0
vendor_id	: GenuineIntel
cpu family	: 6
model		: 69
model name	: Intel(R) Core(TM) i5-4200U CPU @ 1.60GHz
stepping	: 1
microcode	: 0x17
cpu MHz		: 2448.691
cache size	: 3072 KB
physical id	: 0
siblings	: 4
core id		: 0
cpu cores	: 2
apicid		: 0
initial apicid	: 0
fpu		: yes
fpu_exception	: yes
cpuid level	: 13
wp		: yes
flags		: fpu vme de pse tsc msr pae mce cx8 apic sep mtrr pge mca cmov pat pse36 clflush dts acpi mmx fxsr sse sse2 ss ht tm pbe syscall nx pdpe1gb rdtscp lm constant_tsc arch_perfmon pebs bts rep_good nopl xtopology nonstop_tsc aperfmperf eagerfpu pni pclmulqdq dtes64 monitor ds_cpl vmx est tm2 ssse3 fma cx16 xtpr pdcm pcid sse4_1 sse4_2 movbe popcnt tsc_deadline_timer aes xsave avx f16c rdrand lahf_lm abm ida arat epb xsaveopt pln pts dtherm tpr_shadow vnmi flexpriority ept vpid fsgsbase tsc_adjust bmi1 avx2 smep bmi2 erms invpcid
bogomips	: 4589.31
clflush size	: 64
cache_alignment	: 64
address sizes	: 39 bits physical, 48 bits virtual
power management:

processor	: 1
vendor_id	: GenuineIntel
cpu family	: 6
model		: 69
model name	: Intel(R) Core(TM) i5-4200U CPU @ 1.60GHz
stepping	: 1
microcode	: 0x17
cpu MHz		: 2302.066
cache size	: 3072 KB
physical id	: 0
siblings	: 4
core id		: 1
cpu cores	: 2
apicid		: 2
initial apicid	: 2
fpu		: yes
fpu_exception	: yes
cpuid level	: 13
wp		: yes
flags		: fpu vme de pse tsc msr pae mce cx8 apic sep mtrr pge mca cmov pat pse36 clflush dts acpi mmx fxsr sse sse2 ss ht tm pbe syscall nx pdpe1gb rdtscp lm constant_tsc arch_perfmon pebs bts rep_good nopl xtopology nonstop_tsc aperfmperf eagerfpu pni pclmulqdq dtes64 monitor ds_cpl vmx est tm2 ssse3 fma cx16 xtpr pdcm pcid sse4_1 sse4_2 movbe popcnt tsc_deadline_timer aes xsave avx f16c rdrand lahf_lm abm ida arat epb xsaveopt pln pts dtherm tpr_shadow vnmi flexpriority ept vpid fsgsbase tsc_adjust bmi1 avx2 smep bmi2 erms invpcid
bogomips	: 4589.31
clflush size	: 64
cache_alignment	: 64
address sizes	: 39 bits physical, 48 bits virtual
power management:

processor	: 2
vendor_id	: GenuineIntel
cpu family	: 6
model		: 69
model name	: Intel(R) Core(TM) i5-4200U CPU @ 1.60GHz
stepping	: 1
microcode	: 0x17
cpu MHz		: 2016.722
cache size	: 3072 KB
physical id	: 0
siblings	: 4
core id		: 0
cpu cores	: 2
apicid		: 1
initial apicid	: 1
fpu		: yes
fpu_exception	: yes
cpuid level	: 13
wp		: yes
flags		: fpu vme de pse tsc msr pae mce cx8 apic sep mtrr pge mca cmov pat pse36 clflush dts acpi mmx fxsr sse sse2 ss ht tm pbe syscall nx pdpe1gb rdtscp lm constant_tsc arch_perfmon pebs bts rep_good nopl xtopology nonstop_tsc aperfmperf eagerfpu pni pclmulqdq dtes64 monitor ds_cpl vmx est tm2 ssse3 fma cx16 xtpr pdcm pcid sse4_1 sse4_2 movbe popcnt tsc_deadline_timer aes xsave avx f16c rdrand lahf_lm abm ida arat epb xsaveopt pln pts dtherm tpr_shadow vnmi flexpriority ept vpid fsgsbase tsc_adjust bmi1 avx2 smep bmi2 erms invpcid
bogomips	: 4589.31
clflush size	: 64
cache_alignment	: 64
address sizes	: 39 bits physical, 48 bits virtual
power management:

processor	: 3
vendor_id	: GenuineIntel
cpu family	: 6
model		: 69
model name	: Intel(R) Core(TM) i5-4200U CPU @ 1.60GHz
stepping	: 1
microcode	: 0x17
cpu MHz		: 2300.000
cache size	: 3072 KB
physical id	: 0
siblings	: 4
core id		: 1
cpu cores	: 2
apicid		: 3
initial apicid	: 3
fpu		: yes
fpu_exception	: yes
cpuid level	: 13
wp		: yes
flags		: fpu vme de pse tsc msr pae mce cx8 apic sep mtrr pge mca cmov pat pse36 clflush dts acpi mmx fxsr sse sse2 ss ht tm pbe syscall nx pdpe1gb rdtscp lm constant_tsc arch_perfmon pebs bts rep_good nopl xtopology nonstop_tsc aperfmperf eagerfpu pni pclmulqdq dtes64 monitor ds_cpl vmx est tm2 ssse3 fma cx16 xtpr pdcm pcid sse4_1 sse4_2 movbe popcnt tsc_deadline_timer aes xsave avx f16c rdrand lahf_lm abm ida arat epb xsaveopt pln pts dtherm tpr_shadow vnmi flexpriority ept vpid fsgsbase tsc_adjust bmi1 avx2 smep bmi2 erms invpcid
bogomips	: 4589.31
clflush size	: 64
cache_alignment	: 64
address sizes	: 39 bits physical, 48 bits virtual
power management:



Memory: 4k page, physical 8077076k(1098188k free), swap 0k(0k free)

vm_info: OpenJDK 64-Bit Server VM (24.111-b01) for linux-amd64 JRE (1.7.0_111-b01), built on Jul 31 2016 18:05:06 by "jmm" with gcc 4.9.2

time: Wed Nov 16 09:21:58 2016
elapsed time: 12 seconds

