#
# A fatal error has been detected by the Java Runtime Environment:
#
#  SIGSEGV (0xb) at pc=0x00007f6dab71a2f6, pid=3792, tid=140108734867200
#
# JRE version: OpenJDK Runtime Environment (7.0_111-b01) (build 1.7.0_111-b01)
# Java VM: OpenJDK 64-Bit Server VM (24.111-b01 mixed mode linux-amd64 compressed oops)
# Derivative: IcedTea 2.6.7
# Distribution: Debian GNU/Linux 8.5 (jessie), package 7u111-2.6.7-1~deb8u1
# Problematic frame:
# V  [libjvm.so+0x9822f6]
#
# Failed to write core dump. Core dumps have been disabled. To enable core dumping, try "ulimit -c unlimited" before starting Java again
#
# If you would like to submit a bug report, please include
# instructions on how to reproduce the bug and visit:
#   http://icedtea.classpath.org/bugzilla
#

---------------  T H R E A D  ---------------

Current thread (0x00007f6da40b5000):  JavaThread "JDWP Transport Listener: dt_socket" daemon [_thread_in_vm, id=3818, stack(0x00007f6d9b4f2000,0x00007f6d9b5f3000)]

siginfo:si_signo=SIGSEGV: si_errno=0, si_code=2 (SEGV_ACCERR), si_addr=0x00007f6dac8d9ff8

Registers:
RAX=0x00000007d74889e8, RBX=0x00007f6da40c2640, RCX=0x000000000000fc99, RDX=0x000000000000fc98
RSP=0x00007f6d9b5f11a0, RBP=0x00007f6d9b5f1250, RSI=0x0000000000000000, RDI=0x0000000000000020
R8 =0x00007f6d68221e90, R9 =0x0000000000000000, R10=0x00007f6d68000000, R11=0x0000000000000206
R12=0x00007f6da40c2c40, R13=0x00007f6dac8d9ff0, R14=0x00007f6d9b5f11e0, R15=0x0000000000000000
RIP=0x00007f6dab71a2f6, EFLAGS=0x0000000000010246, CSGSFS=0x0000000000000033, ERR=0x0000000000000004
  TRAPNO=0x000000000000000e

Top of Stack: (sp=0x00007f6d9b5f11a0)
0x00007f6d9b5f11a0:   0000000000000000 00007f6d68160c50
0x00007f6d9b5f11b0:   00007f6dac9d6960 00007f6da10063cb
0x00007f6d9b5f11c0:   00007f6da1005310 00007f6d00000000
0x00007f6d9b5f11d0:   00007f6dac9d69d0 00007f6dac9d6990
0x00007f6d9b5f11e0:   00007f6dac9d6960 00007f6da10063cb
0x00007f6d9b5f11f0:   00007f6da1005310 00007f6d00000000
0x00007f6d9b5f1200:   00007f6dac9d69d0 00007f6dac9d6990
0x00007f6d9b5f1210:   00007f6da40acf00 1d7057b56da41e00
0x00007f6d9b5f1220:   0000000000000000 00007f6da40acf00
0x00007f6d9b5f1230:   0000000000000000 00007f6da400c800
0x00007f6d9b5f1240:   00007f6d68005f50 00007f6da400c800
0x00007f6d9b5f1250:   00007f6d9b5f1330 00007f6dab4514a8
0x00007f6d9b5f1260:   00007f6d9b5f12d0 00007f6dab6ceb39
0x00007f6d9b5f1270:   00007f6dac9d6990 1d7057b56da41e00
0x00007f6d9b5f1280:   00000000000083b0 000000016da41e00
0x00007f6d9b5f1290:   00007f6da40b5000 00007f6da40ca018
0x00007f6d9b5f12a0:   00007f6da40c2c40 00007f6da40c2030
0x00007f6d9b5f12b0:   00007f6da4003a80 00007f6da40acf00
0x00007f6d9b5f12c0:   00007f6d9b5f1330 00007f6dab6ceb39
0x00007f6d9b5f12d0:   00007f6dac9d6910 1d7057b56da41e00
0x00007f6d9b5f12e0:   00007f6da1005310 0000000000000001
0x00007f6d9b5f12f0:   00007f6dabb97f38 1d7057b56da41e00
0x00007f6d9b5f1300:   00007f6d68005f50 0000000000000001
0x00007f6d9b5f1310:   00007f6dabb97f38 00007f6da400c800
0x00007f6d9b5f1320:   00007f6d68005f50 00007f6da40c2640
0x00007f6d9b5f1330:   00007f6d9b5f19c0 00007f6dab451915
0x00007f6d9b5f1340:   00007f6d9b5f13e0 00000000000003d8
0x00007f6d9b5f1350:   00007f6da40acf00 00007f6da40b5a08
0x00007f6d9b5f1360:   00007f6da40b5630 00007f6d68005f50
0x00007f6d9b5f1370:   00007f6d9b5f1390 00007f6da40b5620
0x00007f6d9b5f1380:   00007f6da40b5000 00007f6da4003a80
0x00007f6d9b5f1390:   00007f6da40b5000 00007f6da40b5a10 

Instructions: (pc=0x00007f6dab71a2f6)
0x00007f6dab71a2d6:   89 45 b0 48 8b 43 30 48 89 45 b8 e8 8a 95 ba ff
0x00007f6dab71a2e6:   49 39 c5 0f 82 11 01 00 00 31 f6 bf 20 00 00 00
0x00007f6dab71a2f6:   4d 8b 7d 08 e8 21 73 f0 ff 48 85 c0 49 89 c0 74
0x00007f6dab71a306:   17 4c 89 38 48 c7 40 10 00 00 00 00 4c 89 68 08 

Register to memory mapping:

RAX=0x00000007d74889e8 is an oop
org.postgresql.util.PSQLException 
 - klass: 'org/postgresql/util/PSQLException'
RBX=0x00007f6da40c2640 is an unknown value
RCX=0x000000000000fc99 is an unknown value
RDX=0x000000000000fc98 is an unknown value
RSP=0x00007f6d9b5f11a0 is pointing into the stack for thread: 0x00007f6da40b5000
RBP=0x00007f6d9b5f1250 is pointing into the stack for thread: 0x00007f6da40b5000
RSI=0x0000000000000000 is an unknown value
RDI=0x0000000000000020 is an unknown value
R8 =0x00007f6d68221e90 is an unknown value
R9 =0x0000000000000000 is an unknown value
R10=0x00007f6d68000000 is an unknown value
R11=0x0000000000000206 is an unknown value
R12=0x00007f6da40c2c40 is an unknown value
R13=0x00007f6dac8d9ff0 is pointing into the stack for thread: 0x00007f6da400c800
R14=0x00007f6d9b5f11e0 is pointing into the stack for thread: 0x00007f6da40b5000
R15=0x0000000000000000 is an unknown value


Stack: [0x00007f6d9b4f2000,0x00007f6d9b5f3000],  sp=0x00007f6d9b5f11a0,  free space=1020k
Native frames: (J=compiled Java code, j=interpreted, Vv=VM code, C=native code)
V  [libjvm.so+0x9822f6]
V  [libjvm.so+0x6b94a8]
V  [libjvm.so+0x6b9915]
V  [libjvm.so+0x6ae8ce]
V  [libjvm.so+0x669dc7]
C  [libjdwp.so+0xa3f6]
C  [libjdwp.so+0x11b18]
C  [libjdwp.so+0x23f65]
V  [libjvm.so+0x6cf580]
V  [libjvm.so+0x939148]
V  [libjvm.so+0x9393f0]
V  [libjvm.so+0x7fc142]


---------------  P R O C E S S  ---------------

Java Threads: ( => current thread )
  0x00007f6da40c0000 JavaThread "Service Thread" daemon [_thread_blocked, id=3827, stack(0x00007f6d9afed000,0x00007f6d9b0ee000)]
  0x00007f6da40be000 JavaThread "C2 CompilerThread1" daemon [_thread_blocked, id=3826, stack(0x00007f6d9b0ee000,0x00007f6d9b1ef000)]
  0x00007f6da40bb000 JavaThread "C2 CompilerThread0" daemon [_thread_blocked, id=3825, stack(0x00007f6d9b1ef000,0x00007f6d9b2f0000)]
  0x00007f6d68001000 JavaThread "JDWP Command Reader" daemon [_thread_in_native, id=3822, stack(0x00007f6d9b2f0000,0x00007f6d9b3f1000)]
  0x00007f6da40b8800 JavaThread "JDWP Event Helper Thread" daemon [_thread_blocked, id=3819, stack(0x00007f6d9b3f1000,0x00007f6d9b4f2000)]
=>0x00007f6da40b5000 JavaThread "JDWP Transport Listener: dt_socket" daemon [_thread_in_vm, id=3818, stack(0x00007f6d9b4f2000,0x00007f6d9b5f3000)]
  0x00007f6da40a8000 JavaThread "Signal Dispatcher" daemon [_thread_blocked, id=3816, stack(0x00007f6d9b7f8000,0x00007f6d9b8f9000)]
  0x00007f6da407e800 JavaThread "Finalizer" daemon [_thread_blocked, id=3814, stack(0x00007f6d9b8f9000,0x00007f6d9b9fa000)]
  0x00007f6da407c800 JavaThread "Reference Handler" daemon [_thread_blocked, id=3813, stack(0x00007f6d9b9fa000,0x00007f6d9bafb000)]
  0x00007f6da400c800 JavaThread "main" [_thread_blocked, id=3806, stack(0x00007f6dac8d7000,0x00007f6dac9d8000)]

Other Threads:
  0x00007f6da4078000 VMThread [stack: 0x00007f6d9bafb000,0x00007f6d9bbfc000] [id=3812]
  0x00007f6da40cb000 WatcherThread [stack: 0x00007f6d9aeec000,0x00007f6d9afed000] [id=3828]

VM state:not at safepoint (normal execution)

VM Mutex/Monitor currently owned by a thread: None

Heap
 PSYoungGen      total 37376K, used 6563K [0x00000007d6e80000, 0x00000007d9800000, 0x0000000800000000)
  eden space 32256K, 20% used [0x00000007d6e80000,0x00000007d74e8ed0,0x00000007d8e00000)
  from space 5120K, 0% used [0x00000007d9300000,0x00000007d9300000,0x00000007d9800000)
  to   space 5120K, 0% used [0x00000007d8e00000,0x00000007d8e00000,0x00000007d9300000)
 ParOldGen       total 83968K, used 0K [0x0000000784c00000, 0x0000000789e00000, 0x00000007d6e80000)
  object space 83968K, 0% used [0x0000000784c00000,0x0000000784c00000,0x0000000789e00000)
 PSPermGen       total 21504K, used 6166K [0x000000077a600000, 0x000000077bb00000, 0x0000000784c00000)
  object space 21504K, 28% used [0x000000077a600000,0x000000077ac059d8,0x000000077bb00000)

Card table byte_map: [0x00007f6da8af5000,0x00007f6da8f23000] byte_map_base: 0x00007f6da4f22000

Polling page: 0x00007f6dac9f7000

Code Cache  [0x00007f6da1000000, 0x00007f6da1270000, 0x00007f6da4000000)
 total_blobs=254 nmethods=16 adapters=200 free_code_cache=48712Kb largest_free_block=49864576

Compilation events (10 events):
Event: 0,266 Thread 0x00007f6da40be000 nmethod 10 0x00007f6da1064c90 code [0x00007f6da1064de0, 0x00007f6da1065198]
Event: 0,266 Thread 0x00007f6da40be000   13             java.lang.String::replace (127 bytes)
Event: 0,270 Thread 0x00007f6da40bb000 nmethod 12 0x00007f6da1064650 code [0x00007f6da10647a0, 0x00007f6da1064a78]
Event: 0,270 Thread 0x00007f6da40bb000   14             java.lang.String::length (6 bytes)
Event: 0,270 Thread 0x00007f6da40bb000 nmethod 14 0x00007f6da106ab10 code [0x00007f6da106ac60, 0x00007f6da106acf8]
Event: 0,276 Thread 0x00007f6da40be000 nmethod 13 0x00007f6da106c190 code [0x00007f6da106c300, 0x00007f6da106c858]
Event: 0,279 Thread 0x00007f6da40bb000   15             sun.net.www.ParseUtil::encodePath (336 bytes)
Event: 0,281 Thread 0x00007f6da40be000   16             java.lang.Math::min (11 bytes)
Event: 0,282 Thread 0x00007f6da40be000 nmethod 16 0x00007f6da1064290 code [0x00007f6da10643c0, 0x00007f6da10643f8]
Event: 0,290 Thread 0x00007f6da40bb000 nmethod 15 0x00007f6da106d290 code [0x00007f6da106d460, 0x00007f6da106df48]

GC Heap History (0 events):
No events

Deoptimization events (1 events):
Event: 0,327 Thread 0x00007f6da400c800 Uncommon trap: reason=unstable_if action=reinterpret pc=0x00007f6da106dc2c method=sun.net.www.ParseUtil.encodePath(Ljava/lang/String;Z)Ljava/lang/String; @ 109

Internal exceptions (10 events):
Event: 0,290 Thread 0x00007f6da400c800 Threw 0x00000007d7432910 at /home/jmm/jdk/openjdk-7-7u111-2.6.7/build/openjdk/hotspot/src/share/vm/prims/jvm.cpp:1322
Event: 0,297 Thread 0x00007f6da400c800 Threw 0x00000007d74622b0 at /home/jmm/jdk/openjdk-7-7u111-2.6.7/build/openjdk/hotspot/src/share/vm/prims/jvm.cpp:1322
Event: 0,325 Thread 0x00007f6da400c800 Threw 0x00000007d7486ca8 at /home/jmm/jdk/openjdk-7-7u111-2.6.7/build/openjdk/hotspot/src/share/vm/prims/jvm.cpp:1322
Event: 0,326 Thread 0x00007f6da400c800 Threw 0x00000007d7489498 at /home/jmm/jdk/openjdk-7-7u111-2.6.7/build/openjdk/hotspot/src/share/vm/prims/jvm.cpp:1322
Event: 0,326 Thread 0x00007f6da400c800 Threw 0x00000007d748d910 at /home/jmm/jdk/openjdk-7-7u111-2.6.7/build/openjdk/hotspot/src/share/vm/prims/jvm.cpp:1322
Event: 0,327 Thread 0x00007f6da400c800 Threw 0x00000007d748e970 at /home/jmm/jdk/openjdk-7-7u111-2.6.7/build/openjdk/hotspot/src/share/vm/prims/jvm.cpp:1322
Event: 0,327 Thread 0x00007f6da400c800 Threw 0x00000007d7491450 at /home/jmm/jdk/openjdk-7-7u111-2.6.7/build/openjdk/hotspot/src/share/vm/prims/jvm.cpp:1322
Event: 0,327 Thread 0x00007f6da400c800 Threw 0x00000007d74924f8 at /home/jmm/jdk/openjdk-7-7u111-2.6.7/build/openjdk/hotspot/src/share/vm/prims/jvm.cpp:1322
Event: 0,327 Thread 0x00007f6da400c800 Threw 0x00000007d7495008 at /home/jmm/jdk/openjdk-7-7u111-2.6.7/build/openjdk/hotspot/src/share/vm/prims/jvm.cpp:1322
Event: 0,330 Thread 0x00007f6da400c800 Threw 0x00000007d74bce08 at /home/jmm/jdk/openjdk-7-7u111-2.6.7/build/openjdk/hotspot/src/share/vm/prims/jvm.cpp:1322

Events (10 events):
Event: 68,139 Executing VM operation: RedefineClasses
Event: 68,139 Executing VM operation: RedefineClasses done
Event: 68,140 Executing VM operation: EnterInterpOnlyMode
Event: 68,140 Executing VM operation: EnterInterpOnlyMode done
Event: 68,140 Executing VM operation: GetCurrentLocation
Event: 68,140 Executing VM operation: GetCurrentLocation done
Event: 68,140 Executing VM operation: ChangeSingleStep
Event: 68,140 Executing VM operation: ChangeSingleStep done
Event: 68,140 Executing VM operation: ChangeSingleStep
Event: 68,140 Executing VM operation: ChangeSingleStep done


Dynamic libraries:
00400000-00401000 r-xp 00000000 08:04 396247                             /usr/lib/jvm/java-7-openjdk-amd64/jre/bin/java
00600000-00601000 r--p 00000000 08:04 396247                             /usr/lib/jvm/java-7-openjdk-amd64/jre/bin/java
00601000-00602000 rw-p 00001000 08:04 396247                             /usr/lib/jvm/java-7-openjdk-amd64/jre/bin/java
00aef000-00b10000 rw-p 00000000 00:00 0                                  [heap]
77a600000-77bb00000 rw-p 00000000 00:00 0 
77bb00000-784c00000 rw-p 00000000 00:00 0 
784c00000-789e00000 rw-p 00000000 00:00 0 
789e00000-7d6e80000 rw-p 00000000 00:00 0 
7d6e80000-7d9800000 rw-p 00000000 00:00 0 
7d9800000-800000000 rw-p 00000000 00:00 0 
7f6d50000000-7f6d50021000 rw-p 00000000 00:00 0 
7f6d50021000-7f6d54000000 ---p 00000000 00:00 0 
7f6d58000000-7f6d580c3000 rw-p 00000000 00:00 0 
7f6d580c3000-7f6d5c000000 ---p 00000000 00:00 0 
7f6d5c000000-7f6d5c021000 rw-p 00000000 00:00 0 
7f6d5c021000-7f6d60000000 ---p 00000000 00:00 0 
7f6d60000000-7f6d60021000 rw-p 00000000 00:00 0 
7f6d60021000-7f6d64000000 ---p 00000000 00:00 0 
7f6d64000000-7f6d64135000 rw-p 00000000 00:00 0 
7f6d64135000-7f6d68000000 ---p 00000000 00:00 0 
7f6d68000000-7f6d6822c000 rw-p 00000000 00:00 0 
7f6d6822c000-7f6d6c000000 ---p 00000000 00:00 0 
7f6d6c000000-7f6d6c021000 rw-p 00000000 00:00 0 
7f6d6c021000-7f6d70000000 ---p 00000000 00:00 0 
7f6d70000000-7f6d70021000 rw-p 00000000 00:00 0 
7f6d70021000-7f6d74000000 ---p 00000000 00:00 0 
7f6d74000000-7f6d74021000 rw-p 00000000 00:00 0 
7f6d74021000-7f6d78000000 ---p 00000000 00:00 0 
7f6d78000000-7f6d78021000 rw-p 00000000 00:00 0 
7f6d78021000-7f6d7c000000 ---p 00000000 00:00 0 
7f6d7fd30000-7f6d84000000 rw-p 00000000 00:00 0 
7f6d84000000-7f6d84021000 rw-p 00000000 00:00 0 
7f6d84021000-7f6d88000000 ---p 00000000 00:00 0 
7f6d88000000-7f6d88021000 rw-p 00000000 00:00 0 
7f6d88021000-7f6d8c000000 ---p 00000000 00:00 0 
7f6d8c000000-7f6d8c021000 rw-p 00000000 00:00 0 
7f6d8c021000-7f6d90000000 ---p 00000000 00:00 0 
7f6d94000000-7f6d94021000 rw-p 00000000 00:00 0 
7f6d94021000-7f6d98000000 ---p 00000000 00:00 0 
7f6d9938d000-7f6d9972f000 rw-p 00000000 00:00 0 
7f6d9972f000-7f6d9979b000 r-xp 00000000 08:04 4325422                    /lib/x86_64-linux-gnu/libpcre.so.3.13.1
7f6d9979b000-7f6d9999b000 ---p 0006c000 08:04 4325422                    /lib/x86_64-linux-gnu/libpcre.so.3.13.1
7f6d9999b000-7f6d9999c000 r--p 0006c000 08:04 4325422                    /lib/x86_64-linux-gnu/libpcre.so.3.13.1
7f6d9999c000-7f6d9999d000 rw-p 0006d000 08:04 4325422                    /lib/x86_64-linux-gnu/libpcre.so.3.13.1
7f6d9999d000-7f6d999a4000 r-xp 00000000 08:04 6295829                    /usr/lib/x86_64-linux-gnu/libffi.so.6.0.2
7f6d999a4000-7f6d99ba3000 ---p 00007000 08:04 6295829                    /usr/lib/x86_64-linux-gnu/libffi.so.6.0.2
7f6d99ba3000-7f6d99ba4000 r--p 00006000 08:04 6295829                    /usr/lib/x86_64-linux-gnu/libffi.so.6.0.2
7f6d99ba4000-7f6d99ba5000 rw-p 00007000 08:04 6295829                    /usr/lib/x86_64-linux-gnu/libffi.so.6.0.2
7f6d99ba5000-7f6d99bb9000 r-xp 00000000 08:04 4328444                    /lib/x86_64-linux-gnu/libresolv-2.19.so
7f6d99bb9000-7f6d99db8000 ---p 00014000 08:04 4328444                    /lib/x86_64-linux-gnu/libresolv-2.19.so
7f6d99db8000-7f6d99db9000 r--p 00013000 08:04 4328444                    /lib/x86_64-linux-gnu/libresolv-2.19.so
7f6d99db9000-7f6d99dba000 rw-p 00014000 08:04 4328444                    /lib/x86_64-linux-gnu/libresolv-2.19.so
7f6d99dba000-7f6d99dbc000 rw-p 00000000 00:00 0 
7f6d99dbc000-7f6d99ddd000 r-xp 00000000 08:04 4325475                    /lib/x86_64-linux-gnu/libselinux.so.1
7f6d99ddd000-7f6d99fdd000 ---p 00021000 08:04 4325475                    /lib/x86_64-linux-gnu/libselinux.so.1
7f6d99fdd000-7f6d99fde000 r--p 00021000 08:04 4325475                    /lib/x86_64-linux-gnu/libselinux.so.1
7f6d99fde000-7f6d99fdf000 rw-p 00022000 08:04 4325475                    /lib/x86_64-linux-gnu/libselinux.so.1
7f6d99fdf000-7f6d99fe1000 rw-p 00000000 00:00 0 
7f6d99fe1000-7f6d99fe4000 r-xp 00000000 08:04 6298806                    /usr/lib/x86_64-linux-gnu/libgmodule-2.0.so.0.4200.1
7f6d99fe4000-7f6d9a1e3000 ---p 00003000 08:04 6298806                    /usr/lib/x86_64-linux-gnu/libgmodule-2.0.so.0.4200.1
7f6d9a1e3000-7f6d9a1e4000 r--p 00002000 08:04 6298806                    /usr/lib/x86_64-linux-gnu/libgmodule-2.0.so.0.4200.1
7f6d9a1e4000-7f6d9a1e5000 rw-p 00003000 08:04 6298806                    /usr/lib/x86_64-linux-gnu/libgmodule-2.0.so.0.4200.1
7f6d9a1e5000-7f6d9a2f1000 r-xp 00000000 08:04 4325884                    /lib/x86_64-linux-gnu/libglib-2.0.so.0.4200.1
7f6d9a2f1000-7f6d9a4f1000 ---p 0010c000 08:04 4325884                    /lib/x86_64-linux-gnu/libglib-2.0.so.0.4200.1
7f6d9a4f1000-7f6d9a4f2000 r--p 0010c000 08:04 4325884                    /lib/x86_64-linux-gnu/libglib-2.0.so.0.4200.1
7f6d9a4f2000-7f6d9a4f3000 rw-p 0010d000 08:04 4325884                    /lib/x86_64-linux-gnu/libglib-2.0.so.0.4200.1
7f6d9a4f3000-7f6d9a4f4000 rw-p 00000000 00:00 0 
7f6d9a4f4000-7f6d9a545000 r-xp 00000000 08:04 6298805                    /usr/lib/x86_64-linux-gnu/libgobject-2.0.so.0.4200.1
7f6d9a545000-7f6d9a745000 ---p 00051000 08:04 6298805                    /usr/lib/x86_64-linux-gnu/libgobject-2.0.so.0.4200.1
7f6d9a745000-7f6d9a746000 r--p 00051000 08:04 6298805                    /usr/lib/x86_64-linux-gnu/libgobject-2.0.so.0.4200.1
7f6d9a746000-7f6d9a747000 rw-p 00052000 08:04 6298805                    /usr/lib/x86_64-linux-gnu/libgobject-2.0.so.0.4200.1
7f6d9a747000-7f6d9a8b9000 r-xp 00000000 08:04 6298808                    /usr/lib/x86_64-linux-gnu/libgio-2.0.so.0.4200.1
7f6d9a8b9000-7f6d9aab9000 ---p 00172000 08:04 6298808                    /usr/lib/x86_64-linux-gnu/libgio-2.0.so.0.4200.1
7f6d9aab9000-7f6d9aabd000 r--p 00172000 08:04 6298808                    /usr/lib/x86_64-linux-gnu/libgio-2.0.so.0.4200.1
7f6d9aabd000-7f6d9aabf000 rw-p 00176000 08:04 6298808                    /usr/lib/x86_64-linux-gnu/libgio-2.0.so.0.4200.1
7f6d9aabf000-7f6d9aac1000 rw-p 00000000 00:00 0 
7f6d9aac1000-7f6d9aad9000 r-xp 00000000 08:04 396185                     /usr/lib/jvm/java-7-openjdk-amd64/jre/lib/amd64/libnet.so
7f6d9aad9000-7f6d9acd8000 ---p 00018000 08:04 396185                     /usr/lib/jvm/java-7-openjdk-amd64/jre/lib/amd64/libnet.so
7f6d9acd8000-7f6d9acd9000 r--p 00017000 08:04 396185                     /usr/lib/jvm/java-7-openjdk-amd64/jre/lib/amd64/libnet.so
7f6d9acd9000-7f6d9acda000 rw-p 00018000 08:04 396185                     /usr/lib/jvm/java-7-openjdk-amd64/jre/lib/amd64/libnet.so
7f6d9acda000-7f6d9aceb000 r-xp 00000000 08:04 396188                     /usr/lib/jvm/java-7-openjdk-amd64/jre/lib/amd64/libnio.so
7f6d9aceb000-7f6d9aeea000 ---p 00011000 08:04 396188                     /usr/lib/jvm/java-7-openjdk-amd64/jre/lib/amd64/libnio.so
7f6d9aeea000-7f6d9aeeb000 r--p 00010000 08:04 396188                     /usr/lib/jvm/java-7-openjdk-amd64/jre/lib/amd64/libnio.so
7f6d9aeeb000-7f6d9aeec000 rw-p 00011000 08:04 396188                     /usr/lib/jvm/java-7-openjdk-amd64/jre/lib/amd64/libnio.so
7f6d9aeec000-7f6d9aeed000 ---p 00000000 00:00 0 
7f6d9aeed000-7f6d9afed000 rw-p 00000000 00:00 0                          [stack:3828]
7f6d9afed000-7f6d9aff0000 ---p 00000000 00:00 0 
7f6d9aff0000-7f6d9b0ee000 rw-p 00000000 00:00 0                          [stack:3827]
7f6d9b0ee000-7f6d9b0f1000 ---p 00000000 00:00 0 
7f6d9b0f1000-7f6d9b1ef000 rw-p 00000000 00:00 0                          [stack:3826]
7f6d9b1ef000-7f6d9b1f2000 ---p 00000000 00:00 0 
7f6d9b1f2000-7f6d9b2f0000 rw-p 00000000 00:00 0                          [stack:3825]
7f6d9b2f0000-7f6d9b2f3000 ---p 00000000 00:00 0 
7f6d9b2f3000-7f6d9b3f1000 rw-p 00000000 00:00 0                          [stack:3822]
7f6d9b3f1000-7f6d9b3f4000 ---p 00000000 00:00 0 
7f6d9b3f4000-7f6d9b4f2000 rw-p 00000000 00:00 0                          [stack:3819]
7f6d9b4f2000-7f6d9b4f5000 ---p 00000000 00:00 0 
7f6d9b4f5000-7f6d9b5f3000 rw-p 00000000 00:00 0                          [stack:3818]
7f6d9b5f3000-7f6d9b5f7000 r-xp 00000000 08:04 396197                     /usr/lib/jvm/java-7-openjdk-amd64/jre/lib/amd64/libdt_socket.so
7f6d9b5f7000-7f6d9b7f6000 ---p 00004000 08:04 396197                     /usr/lib/jvm/java-7-openjdk-amd64/jre/lib/amd64/libdt_socket.so
7f6d9b7f6000-7f6d9b7f7000 r--p 00003000 08:04 396197                     /usr/lib/jvm/java-7-openjdk-amd64/jre/lib/amd64/libdt_socket.so
7f6d9b7f7000-7f6d9b7f8000 rw-p 00004000 08:04 396197                     /usr/lib/jvm/java-7-openjdk-amd64/jre/lib/amd64/libdt_socket.so
7f6d9b7f8000-7f6d9b7fb000 ---p 00000000 00:00 0 
7f6d9b7fb000-7f6d9b8f9000 rw-p 00000000 00:00 0                          [stack:3816]
7f6d9b8f9000-7f6d9b8fc000 ---p 00000000 00:00 0 
7f6d9b8fc000-7f6d9b9fa000 rw-p 00000000 00:00 0                          [stack:3814]
7f6d9b9fa000-7f6d9b9fd000 ---p 00000000 00:00 0 
7f6d9b9fd000-7f6d9bafb000 rw-p 00000000 00:00 0                          [stack:3813]
7f6d9bafb000-7f6d9bafc000 ---p 00000000 00:00 0 
7f6d9bafc000-7f6d9c000000 rw-p 00000000 00:00 0                          [stack:3812]
7f6d9c000000-7f6d9c021000 rw-p 00000000 00:00 0 
7f6d9c021000-7f6da0000000 ---p 00000000 00:00 0 
7f6da0077000-7f6da1000000 rw-p 00000000 00:00 0 
7f6da1000000-7f6da1270000 rwxp 00000000 00:00 0 
7f6da1270000-7f6da4257000 rw-p 00000000 00:00 0 
7f6da4257000-7f6da8000000 ---p 00000000 00:00 0 
7f6da801f000-7f6da8136000 rw-p 00000000 00:00 0 
7f6da8136000-7f6da82e9000 r--s 01d3d000 08:04 396206                     /usr/lib/jvm/java-7-openjdk-amd64/jre/lib/rt.jar
7f6da82e9000-7f6da840c000 rw-p 00000000 00:00 0 
7f6da840c000-7f6da840d000 ---p 00000000 00:00 0 
7f6da840d000-7f6da850d000 rw-p 00000000 00:00 0                          [stack:3811]
7f6da850d000-7f6da850e000 ---p 00000000 00:00 0 
7f6da850e000-7f6da860e000 rw-p 00000000 00:00 0                          [stack:3810]
7f6da860e000-7f6da860f000 ---p 00000000 00:00 0 
7f6da860f000-7f6da870f000 rw-p 00000000 00:00 0                          [stack:3809]
7f6da870f000-7f6da8710000 ---p 00000000 00:00 0 
7f6da8710000-7f6da881b000 rw-p 00000000 00:00 0                          [stack:3808]
7f6da881b000-7f6da8863000 rw-p 00000000 00:00 0 
7f6da8863000-7f6da888c000 rw-p 00000000 00:00 0 
7f6da888c000-7f6da8af5000 rw-p 00000000 00:00 0 
7f6da8af5000-7f6da8b00000 rw-p 00000000 00:00 0 
7f6da8b00000-7f6da8b48000 rw-p 00000000 00:00 0 
7f6da8b48000-7f6da8b71000 rw-p 00000000 00:00 0 
7f6da8b71000-7f6da8dd9000 rw-p 00000000 00:00 0 
7f6da8dd9000-7f6da8dee000 rw-p 00000000 00:00 0 
7f6da8dee000-7f6da8f22000 rw-p 00000000 00:00 0 
7f6da8f22000-7f6da8f23000 rw-p 00000000 00:00 0 
7f6da8f23000-7f6da8f2b000 r-xp 00000000 08:04 396166                     /usr/lib/jvm/java-7-openjdk-amd64/jre/lib/amd64/libzip.so
7f6da8f2b000-7f6da912a000 ---p 00008000 08:04 396166                     /usr/lib/jvm/java-7-openjdk-amd64/jre/lib/amd64/libzip.so
7f6da912a000-7f6da912b000 r--p 00007000 08:04 396166                     /usr/lib/jvm/java-7-openjdk-amd64/jre/lib/amd64/libzip.so
7f6da912b000-7f6da912c000 rw-p 00008000 08:04 396166                     /usr/lib/jvm/java-7-openjdk-amd64/jre/lib/amd64/libzip.so
7f6da912c000-7f6da9137000 r-xp 00000000 08:04 4328439                    /lib/x86_64-linux-gnu/libnss_files-2.19.so
7f6da9137000-7f6da9336000 ---p 0000b000 08:04 4328439                    /lib/x86_64-linux-gnu/libnss_files-2.19.so
7f6da9336000-7f6da9337000 r--p 0000a000 08:04 4328439                    /lib/x86_64-linux-gnu/libnss_files-2.19.so
7f6da9337000-7f6da9338000 rw-p 0000b000 08:04 4328439                    /lib/x86_64-linux-gnu/libnss_files-2.19.so
7f6da9338000-7f6da9342000 r-xp 00000000 08:04 4328441                    /lib/x86_64-linux-gnu/libnss_nis-2.19.so
7f6da9342000-7f6da9541000 ---p 0000a000 08:04 4328441                    /lib/x86_64-linux-gnu/libnss_nis-2.19.so
7f6da9541000-7f6da9542000 r--p 00009000 08:04 4328441                    /lib/x86_64-linux-gnu/libnss_nis-2.19.so
7f6da9542000-7f6da9543000 rw-p 0000a000 08:04 4328441                    /lib/x86_64-linux-gnu/libnss_nis-2.19.so
7f6da9543000-7f6da9558000 r-xp 00000000 08:04 4328436                    /lib/x86_64-linux-gnu/libnsl-2.19.so
7f6da9558000-7f6da9757000 ---p 00015000 08:04 4328436                    /lib/x86_64-linux-gnu/libnsl-2.19.so
7f6da9757000-7f6da9758000 r--p 00014000 08:04 4328436                    /lib/x86_64-linux-gnu/libnsl-2.19.so
7f6da9758000-7f6da9759000 rw-p 00015000 08:04 4328436                    /lib/x86_64-linux-gnu/libnsl-2.19.so
7f6da9759000-7f6da975b000 rw-p 00000000 00:00 0 
7f6da975b000-7f6da9762000 r-xp 00000000 08:04 4328437                    /lib/x86_64-linux-gnu/libnss_compat-2.19.so
7f6da9762000-7f6da9961000 ---p 00007000 08:04 4328437                    /lib/x86_64-linux-gnu/libnss_compat-2.19.so
7f6da9961000-7f6da9962000 r--p 00006000 08:04 4328437                    /lib/x86_64-linux-gnu/libnss_compat-2.19.so
7f6da9962000-7f6da9963000 rw-p 00007000 08:04 4328437                    /lib/x86_64-linux-gnu/libnss_compat-2.19.so
7f6da9963000-7f6da9aec000 r--p 00000000 08:04 6294920                    /usr/lib/locale/locale-archive
7f6da9aec000-7f6da9aee000 r-xp 00000000 08:04 396182                     /usr/lib/jvm/java-7-openjdk-amd64/jre/lib/amd64/libnpt.so
7f6da9aee000-7f6da9cee000 ---p 00002000 08:04 396182                     /usr/lib/jvm/java-7-openjdk-amd64/jre/lib/amd64/libnpt.so
7f6da9cee000-7f6da9cef000 r--p 00002000 08:04 396182                     /usr/lib/jvm/java-7-openjdk-amd64/jre/lib/amd64/libnpt.so
7f6da9cef000-7f6da9cf0000 rw-p 00003000 08:04 396182                     /usr/lib/jvm/java-7-openjdk-amd64/jre/lib/amd64/libnpt.so
7f6da9cf0000-7f6da9d2b000 r-xp 00000000 08:04 396193                     /usr/lib/jvm/java-7-openjdk-amd64/jre/lib/amd64/libjdwp.so
7f6da9d2b000-7f6da9f2a000 ---p 0003b000 08:04 396193                     /usr/lib/jvm/java-7-openjdk-amd64/jre/lib/amd64/libjdwp.so
7f6da9f2a000-7f6da9f2b000 r--p 0003a000 08:04 396193                     /usr/lib/jvm/java-7-openjdk-amd64/jre/lib/amd64/libjdwp.so
7f6da9f2b000-7f6da9f2c000 rw-p 0003b000 08:04 396193                     /usr/lib/jvm/java-7-openjdk-amd64/jre/lib/amd64/libjdwp.so
7f6da9f2c000-7f6da9f2d000 rw-p 00000000 00:00 0 
7f6da9f2d000-7f6da9f5a000 r-xp 00000000 08:04 396192                     /usr/lib/jvm/java-7-openjdk-amd64/jre/lib/amd64/libjava.so
7f6da9f5a000-7f6daa159000 ---p 0002d000 08:04 396192                     /usr/lib/jvm/java-7-openjdk-amd64/jre/lib/amd64/libjava.so
7f6daa159000-7f6daa15a000 r--p 0002c000 08:04 396192                     /usr/lib/jvm/java-7-openjdk-amd64/jre/lib/amd64/libjava.so
7f6daa15a000-7f6daa15c000 rw-p 0002d000 08:04 396192                     /usr/lib/jvm/java-7-openjdk-amd64/jre/lib/amd64/libjava.so
7f6daa15c000-7f6daa16b000 r-xp 00000000 08:04 396196                     /usr/lib/jvm/java-7-openjdk-amd64/jre/lib/amd64/libverify.so
7f6daa16b000-7f6daa36a000 ---p 0000f000 08:04 396196                     /usr/lib/jvm/java-7-openjdk-amd64/jre/lib/amd64/libverify.so
7f6daa36a000-7f6daa36d000 r--p 0000e000 08:04 396196                     /usr/lib/jvm/java-7-openjdk-amd64/jre/lib/amd64/libverify.so
7f6daa36d000-7f6daa36e000 rw-p 00011000 08:04 396196                     /usr/lib/jvm/java-7-openjdk-amd64/jre/lib/amd64/libverify.so
7f6daa36e000-7f6daa375000 r-xp 00000000 08:04 4328445                    /lib/x86_64-linux-gnu/librt-2.19.so
7f6daa375000-7f6daa574000 ---p 00007000 08:04 4328445                    /lib/x86_64-linux-gnu/librt-2.19.so
7f6daa574000-7f6daa575000 r--p 00006000 08:04 4328445                    /lib/x86_64-linux-gnu/librt-2.19.so
7f6daa575000-7f6daa576000 rw-p 00007000 08:04 4328445                    /lib/x86_64-linux-gnu/librt-2.19.so
7f6daa576000-7f6daa58c000 r-xp 00000000 08:04 4325380                    /lib/x86_64-linux-gnu/libgcc_s.so.1
7f6daa58c000-7f6daa78b000 ---p 00016000 08:04 4325380                    /lib/x86_64-linux-gnu/libgcc_s.so.1
7f6daa78b000-7f6daa78c000 rw-p 00015000 08:04 4325380                    /lib/x86_64-linux-gnu/libgcc_s.so.1
7f6daa78c000-7f6daa88c000 r-xp 00000000 08:04 4328434                    /lib/x86_64-linux-gnu/libm-2.19.so
7f6daa88c000-7f6daaa8b000 ---p 00100000 08:04 4328434                    /lib/x86_64-linux-gnu/libm-2.19.so
7f6daaa8b000-7f6daaa8c000 r--p 000ff000 08:04 4328434                    /lib/x86_64-linux-gnu/libm-2.19.so
7f6daaa8c000-7f6daaa8d000 rw-p 00100000 08:04 4328434                    /lib/x86_64-linux-gnu/libm-2.19.so
7f6daaa8d000-7f6daab79000 r-xp 00000000 08:04 6296240                    /usr/lib/x86_64-linux-gnu/libstdc++.so.6.0.20
7f6daab79000-7f6daad79000 ---p 000ec000 08:04 6296240                    /usr/lib/x86_64-linux-gnu/libstdc++.so.6.0.20
7f6daad79000-7f6daad81000 r--p 000ec000 08:04 6296240                    /usr/lib/x86_64-linux-gnu/libstdc++.so.6.0.20
7f6daad81000-7f6daad83000 rw-p 000f4000 08:04 6296240                    /usr/lib/x86_64-linux-gnu/libstdc++.so.6.0.20
7f6daad83000-7f6daad98000 rw-p 00000000 00:00 0 
7f6daad98000-7f6dab8f5000 r-xp 00000000 08:04 396161                     /usr/lib/jvm/java-7-openjdk-amd64/jre/lib/amd64/server/libjvm.so
7f6dab8f5000-7f6dabaf5000 ---p 00b5d000 08:04 396161                     /usr/lib/jvm/java-7-openjdk-amd64/jre/lib/amd64/server/libjvm.so
7f6dabaf5000-7f6dabb94000 r--p 00b5d000 08:04 396161                     /usr/lib/jvm/java-7-openjdk-amd64/jre/lib/amd64/server/libjvm.so
7f6dabb94000-7f6dabbb7000 rw-p 00bfc000 08:04 396161                     /usr/lib/jvm/java-7-openjdk-amd64/jre/lib/amd64/server/libjvm.so
7f6dabbb7000-7f6dabbe5000 rw-p 00000000 00:00 0 
7f6dabbe5000-7f6dabbff000 r-xp 00000000 08:04 4325476                    /lib/x86_64-linux-gnu/libz.so.1.2.8
7f6dabbff000-7f6dabdfe000 ---p 0001a000 08:04 4325476                    /lib/x86_64-linux-gnu/libz.so.1.2.8
7f6dabdfe000-7f6dabdff000 r--p 00019000 08:04 4325476                    /lib/x86_64-linux-gnu/libz.so.1.2.8
7f6dabdff000-7f6dabe00000 rw-p 0001a000 08:04 4325476                    /lib/x86_64-linux-gnu/libz.so.1.2.8
7f6dabe00000-7f6dabfa1000 r-xp 00000000 08:04 4328430                    /lib/x86_64-linux-gnu/libc-2.19.so
7f6dabfa1000-7f6dac1a1000 ---p 001a1000 08:04 4328430                    /lib/x86_64-linux-gnu/libc-2.19.so
7f6dac1a1000-7f6dac1a5000 r--p 001a1000 08:04 4328430                    /lib/x86_64-linux-gnu/libc-2.19.so
7f6dac1a5000-7f6dac1a7000 rw-p 001a5000 08:04 4328430                    /lib/x86_64-linux-gnu/libc-2.19.so
7f6dac1a7000-7f6dac1ab000 rw-p 00000000 00:00 0 
7f6dac1ab000-7f6dac1ae000 r-xp 00000000 08:04 4328433                    /lib/x86_64-linux-gnu/libdl-2.19.so
7f6dac1ae000-7f6dac3ad000 ---p 00003000 08:04 4328433                    /lib/x86_64-linux-gnu/libdl-2.19.so
7f6dac3ad000-7f6dac3ae000 r--p 00002000 08:04 4328433                    /lib/x86_64-linux-gnu/libdl-2.19.so
7f6dac3ae000-7f6dac3af000 rw-p 00003000 08:04 4328433                    /lib/x86_64-linux-gnu/libdl-2.19.so
7f6dac3af000-7f6dac3bc000 r-xp 00000000 08:04 396191                     /usr/lib/jvm/java-7-openjdk-amd64/jre/lib/amd64/jli/libjli.so
7f6dac3bc000-7f6dac5bb000 ---p 0000d000 08:04 396191                     /usr/lib/jvm/java-7-openjdk-amd64/jre/lib/amd64/jli/libjli.so
7f6dac5bb000-7f6dac5bc000 r--p 0000c000 08:04 396191                     /usr/lib/jvm/java-7-openjdk-amd64/jre/lib/amd64/jli/libjli.so
7f6dac5bc000-7f6dac5bd000 rw-p 0000d000 08:04 396191                     /usr/lib/jvm/java-7-openjdk-amd64/jre/lib/amd64/jli/libjli.so
7f6dac5bd000-7f6dac5d5000 r-xp 00000000 08:04 4328426                    /lib/x86_64-linux-gnu/libpthread-2.19.so
7f6dac5d5000-7f6dac7d4000 ---p 00018000 08:04 4328426                    /lib/x86_64-linux-gnu/libpthread-2.19.so
7f6dac7d4000-7f6dac7d5000 r--p 00017000 08:04 4328426                    /lib/x86_64-linux-gnu/libpthread-2.19.so
7f6dac7d5000-7f6dac7d6000 rw-p 00018000 08:04 4328426                    /lib/x86_64-linux-gnu/libpthread-2.19.so
7f6dac7d6000-7f6dac7da000 rw-p 00000000 00:00 0 
7f6dac7da000-7f6dac7fa000 r-xp 00000000 08:04 4328427                    /lib/x86_64-linux-gnu/ld-2.19.so
7f6dac808000-7f6dac80a000 rw-p 00000000 00:00 0 
7f6dac80a000-7f6dac80e000 r--s 0004f000 08:04 396137                     /usr/lib/jvm/java-7-openjdk-amd64/jre/lib/jsse.jar
7f6dac80e000-7f6dac815000 r--s 0009f000 08:04 3319695                    /home/wellysson/Dropbox/UFPI/UFPI-2016.2/Top_BD/trabalho2/material_postgresql_postgis/postgresql-9.4.1212.jre6.jar
7f6dac815000-7f6dac817000 r--s 00006000 08:04 137545                     /usr/share/java/java-atk-wrapper.jar
7f6dac817000-7f6dac821000 rw-p 00000000 00:00 0 
7f6dac821000-7f6dac8d7000 rw-p 00000000 00:00 0 
7f6dac8d7000-7f6dac8da000 ---p 00000000 00:00 0 
7f6dac8da000-7f6dac9dd000 rw-p 00000000 00:00 0                          [stack:3806]
7f6dac9dd000-7f6dac9df000 r--s 00012000 08:04 396214                     /usr/lib/jvm/java-7-openjdk-amd64/jre/lib/ext/zipfs.jar
7f6dac9df000-7f6dac9e2000 r--s 0000f000 08:04 396212                     /usr/lib/jvm/java-7-openjdk-amd64/jre/lib/ext/icedtea-sound.jar
7f6dac9e2000-7f6dac9e6000 r--s 00085000 08:04 396211                     /usr/lib/jvm/java-7-openjdk-amd64/jre/lib/ext/localedata.jar
7f6dac9e6000-7f6dac9e7000 r--s 00002000 08:04 396213                     /usr/lib/jvm/java-7-openjdk-amd64/jre/lib/ext/dnsns.jar
7f6dac9e7000-7f6dac9ea000 r--s 0003d000 08:04 396210                     /usr/lib/jvm/java-7-openjdk-amd64/jre/lib/ext/sunpkcs11.jar
7f6dac9ea000-7f6dac9ee000 r--s 00034000 08:04 396215                     /usr/lib/jvm/java-7-openjdk-amd64/jre/lib/ext/sunjce_provider.jar
7f6dac9ee000-7f6dac9f6000 rw-s 00000000 08:04 803218                     /tmp/hsperfdata_wellysson/3792
7f6dac9f6000-7f6dac9f7000 rw-p 00000000 00:00 0 
7f6dac9f7000-7f6dac9f8000 r--p 00000000 00:00 0 
7f6dac9f8000-7f6dac9fa000 rw-p 00000000 00:00 0 
7f6dac9fa000-7f6dac9fb000 r--p 00020000 08:04 4328427                    /lib/x86_64-linux-gnu/ld-2.19.so
7f6dac9fb000-7f6dac9fc000 rw-p 00021000 08:04 4328427                    /lib/x86_64-linux-gnu/ld-2.19.so
7f6dac9fc000-7f6dac9fd000 rw-p 00000000 00:00 0 
7ffcae2ee000-7ffcae30f000 rw-p 00000000 00:00 0                          [stack]
7ffcae347000-7ffcae349000 r-xp 00000000 00:00 0                          [vdso]
7ffcae349000-7ffcae34b000 r--p 00000000 00:00 0                          [vvar]
ffffffffff600000-ffffffffff601000 r-xp 00000000 00:00 0                  [vsyscall]

VM Arguments:
jvm_args: -agentlib:jdwp=transport=dt_socket,suspend=y,address=localhost:51690 -Dfile.encoding=UTF-8 
java_command: br.ufpi.tbd.initial.Main
Launcher Type: SUN_STANDARD

Environment Variables:
PATH=/usr/local/bin:/usr/bin:/bin:/usr/local/games:/usr/games
USERNAME=wellysson
SHELL=/bin/bash
DISPLAY=:0.0

Signal Handlers:
SIGSEGV: [libjvm.so+0x98ed60], sa_mask[0]=0x7ffbfeff, sa_flags=0x10000004
SIGBUS: [libjvm.so+0x98ed60], sa_mask[0]=0x7ffbfeff, sa_flags=0x10000004
SIGFPE: [libjvm.so+0x7fa580], sa_mask[0]=0x7ffbfeff, sa_flags=0x10000004
SIGPIPE: [libjvm.so+0x7fa580], sa_mask[0]=0x7ffbfeff, sa_flags=0x10000004
SIGXFSZ: [libjvm.so+0x7fa580], sa_mask[0]=0x7ffbfeff, sa_flags=0x10000004
SIGILL: [libjvm.so+0x7fa580], sa_mask[0]=0x7ffbfeff, sa_flags=0x10000004
SIGUSR1: SIG_DFL, sa_mask[0]=0x00000000, sa_flags=0x00000000
SIGUSR2: [libjvm.so+0x7fa6b0], sa_mask[0]=0x00000004, sa_flags=0x10000004
SIGHUP: [libjvm.so+0x7fa600], sa_mask[0]=0x7ffbfeff, sa_flags=0x10000004
SIGINT: [libjvm.so+0x7fa600], sa_mask[0]=0x7ffbfeff, sa_flags=0x10000004
SIGTERM: [libjvm.so+0x7fa600], sa_mask[0]=0x7ffbfeff, sa_flags=0x10000004
SIGQUIT: [libjvm.so+0x7fa600], sa_mask[0]=0x7ffbfeff, sa_flags=0x10000004
SIGTRAP: SIG_DFL, sa_mask[0]=0x00000000, sa_flags=0x00000000


---------------  S Y S T E M  ---------------

OS:8.6

uname:Linux 3.16.0-4-amd64 #1 SMP Debian 3.16.36-1+deb8u1 (2016-09-03) x86_64
libc:glibc 2.19 NPTL 2.19 
rlimit: STACK 8192k, CORE 0k, NPROC 30723, NOFILE 65536, AS infinity
load average:0,15 0,17 0,21

/proc/meminfo:
MemTotal:        8077076 kB
MemFree:         1101428 kB
MemAvailable:    3736932 kB
Buffers:          368952 kB
Cached:          3091440 kB
SwapCached:            0 kB
Active:          4687620 kB
Inactive:        1837908 kB
Active(anon):    3074248 kB
Inactive(anon):   850592 kB
Active(file):    1613372 kB
Inactive(file):   987316 kB
Unevictable:         172 kB
Mlocked:             172 kB
SwapTotal:             0 kB
SwapFree:              0 kB
Dirty:                28 kB
Writeback:             0 kB
AnonPages:       3065584 kB
Mapped:           918964 kB
Shmem:            859708 kB
Slab:             337368 kB
SReclaimable:     288232 kB
SUnreclaim:        49136 kB
KernelStack:       11392 kB
PageTables:        52820 kB
NFS_Unstable:          0 kB
Bounce:                0 kB
WritebackTmp:          0 kB
CommitLimit:     4038536 kB
Committed_AS:   10373588 kB
VmallocTotal:   34359738367 kB
VmallocUsed:      354376 kB
VmallocChunk:   34359375836 kB
HardwareCorrupted:     0 kB
AnonHugePages:         0 kB
HugePages_Total:       0
HugePages_Free:        0
HugePages_Rsvd:        0
HugePages_Surp:        0
Hugepagesize:       2048 kB
DirectMap4k:       75948 kB
DirectMap2M:     2951168 kB
DirectMap1G:     5242880 kB


CPU:total 4 (2 cores per cpu, 2 threads per core) family 6 model 69 stepping 1, cmov, cx8, fxsr, mmx, sse, sse2, sse3, ssse3, sse4.1, sse4.2, popcnt, avx, avx2, aes, erms, ht, tsc, tscinvbit

/proc/cpuinfo:
processor	: 0
vendor_id	: GenuineIntel
cpu family	: 6
model		: 69
model name	: Intel(R) Core(TM) i5-4200U CPU @ 1.60GHz
stepping	: 1
microcode	: 0x17
cpu MHz		: 2178.441
cache size	: 3072 KB
physical id	: 0
siblings	: 4
core id		: 0
cpu cores	: 2
apicid		: 0
initial apicid	: 0
fpu		: yes
fpu_exception	: yes
cpuid level	: 13
wp		: yes
flags		: fpu vme de pse tsc msr pae mce cx8 apic sep mtrr pge mca cmov pat pse36 clflush dts acpi mmx fxsr sse sse2 ss ht tm pbe syscall nx pdpe1gb rdtscp lm constant_tsc arch_perfmon pebs bts rep_good nopl xtopology nonstop_tsc aperfmperf eagerfpu pni pclmulqdq dtes64 monitor ds_cpl vmx est tm2 ssse3 fma cx16 xtpr pdcm pcid sse4_1 sse4_2 movbe popcnt tsc_deadline_timer aes xsave avx f16c rdrand lahf_lm abm ida arat epb xsaveopt pln pts dtherm tpr_shadow vnmi flexpriority ept vpid fsgsbase tsc_adjust bmi1 avx2 smep bmi2 erms invpcid
bogomips	: 4589.31
clflush size	: 64
cache_alignment	: 64
address sizes	: 39 bits physical, 48 bits virtual
power management:

processor	: 1
vendor_id	: GenuineIntel
cpu family	: 6
model		: 69
model name	: Intel(R) Core(TM) i5-4200U CPU @ 1.60GHz
stepping	: 1
microcode	: 0x17
cpu MHz		: 2266.218
cache size	: 3072 KB
physical id	: 0
siblings	: 4
core id		: 1
cpu cores	: 2
apicid		: 2
initial apicid	: 2
fpu		: yes
fpu_exception	: yes
cpuid level	: 13
wp		: yes
flags		: fpu vme de pse tsc msr pae mce cx8 apic sep mtrr pge mca cmov pat pse36 clflush dts acpi mmx fxsr sse sse2 ss ht tm pbe syscall nx pdpe1gb rdtscp lm constant_tsc arch_perfmon pebs bts rep_good nopl xtopology nonstop_tsc aperfmperf eagerfpu pni pclmulqdq dtes64 monitor ds_cpl vmx est tm2 ssse3 fma cx16 xtpr pdcm pcid sse4_1 sse4_2 movbe popcnt tsc_deadline_timer aes xsave avx f16c rdrand lahf_lm abm ida arat epb xsaveopt pln pts dtherm tpr_shadow vnmi flexpriority ept vpid fsgsbase tsc_adjust bmi1 avx2 smep bmi2 erms invpcid
bogomips	: 4589.31
clflush size	: 64
cache_alignment	: 64
address sizes	: 39 bits physical, 48 bits virtual
power management:

processor	: 2
vendor_id	: GenuineIntel
cpu family	: 6
model		: 69
model name	: Intel(R) Core(TM) i5-4200U CPU @ 1.60GHz
stepping	: 1
microcode	: 0x17
cpu MHz		: 2363.519
cache size	: 3072 KB
physical id	: 0
siblings	: 4
core id		: 0
cpu cores	: 2
apicid		: 1
initial apicid	: 1
fpu		: yes
fpu_exception	: yes
cpuid level	: 13
wp		: yes
flags		: fpu vme de pse tsc msr pae mce cx8 apic sep mtrr pge mca cmov pat pse36 clflush dts acpi mmx fxsr sse sse2 ss ht tm pbe syscall nx pdpe1gb rdtscp lm constant_tsc arch_perfmon pebs bts rep_good nopl xtopology nonstop_tsc aperfmperf eagerfpu pni pclmulqdq dtes64 monitor ds_cpl vmx est tm2 ssse3 fma cx16 xtpr pdcm pcid sse4_1 sse4_2 movbe popcnt tsc_deadline_timer aes xsave avx f16c rdrand lahf_lm abm ida arat epb xsaveopt pln pts dtherm tpr_shadow vnmi flexpriority ept vpid fsgsbase tsc_adjust bmi1 avx2 smep bmi2 erms invpcid
bogomips	: 4589.31
clflush size	: 64
cache_alignment	: 64
address sizes	: 39 bits physical, 48 bits virtual
power management:

processor	: 3
vendor_id	: GenuineIntel
cpu family	: 6
model		: 69
model name	: Intel(R) Core(TM) i5-4200U CPU @ 1.60GHz
stepping	: 1
microcode	: 0x17
cpu MHz		: 2305.480
cache size	: 3072 KB
physical id	: 0
siblings	: 4
core id		: 1
cpu cores	: 2
apicid		: 3
initial apicid	: 3
fpu		: yes
fpu_exception	: yes
cpuid level	: 13
wp		: yes
flags		: fpu vme de pse tsc msr pae mce cx8 apic sep mtrr pge mca cmov pat pse36 clflush dts acpi mmx fxsr sse sse2 ss ht tm pbe syscall nx pdpe1gb rdtscp lm constant_tsc arch_perfmon pebs bts rep_good nopl xtopology nonstop_tsc aperfmperf eagerfpu pni pclmulqdq dtes64 monitor ds_cpl vmx est tm2 ssse3 fma cx16 xtpr pdcm pcid sse4_1 sse4_2 movbe popcnt tsc_deadline_timer aes xsave avx f16c rdrand lahf_lm abm ida arat epb xsaveopt pln pts dtherm tpr_shadow vnmi flexpriority ept vpid fsgsbase tsc_adjust bmi1 avx2 smep bmi2 erms invpcid
bogomips	: 4589.31
clflush size	: 64
cache_alignment	: 64
address sizes	: 39 bits physical, 48 bits virtual
power management:



Memory: 4k page, physical 8077076k(1101428k free), swap 0k(0k free)

vm_info: OpenJDK 64-Bit Server VM (24.111-b01) for linux-amd64 JRE (1.7.0_111-b01), built on Jul 31 2016 18:05:06 by "jmm" with gcc 4.9.2

time: Wed Nov 16 09:20:48 2016
elapsed time: 68 seconds

