#
# A fatal error has been detected by the Java Runtime Environment:
#
#  SIGSEGV (0xb) at pc=0x00007fe787f472f6, pid=5567, tid=140632125318912
#
# JRE version: OpenJDK Runtime Environment (7.0_111-b01) (build 1.7.0_111-b01)
# Java VM: OpenJDK 64-Bit Server VM (24.111-b01 mixed mode linux-amd64 compressed oops)
# Derivative: IcedTea 2.6.7
# Distribution: Debian GNU/Linux 8.5 (jessie), package 7u111-2.6.7-1~deb8u1
# Problematic frame:
# V  [libjvm.so+0x9822f6]
#
# Failed to write core dump. Core dumps have been disabled. To enable core dumping, try "ulimit -c unlimited" before starting Java again
#
# If you would like to submit a bug report, please include
# instructions on how to reproduce the bug and visit:
#   http://icedtea.classpath.org/bugzilla
#

---------------  T H R E A D  ---------------

Current thread (0x00007fe7800b5000):  JavaThread "JDWP Transport Listener: dt_socket" daemon [_thread_in_vm, id=5584, stack(0x00007fe777cfa000,0x00007fe777dfb000)]

siginfo:si_signo=SIGSEGV: si_errno=0, si_code=2 (SEGV_ACCERR), si_addr=0x00007fe789106ff0

Registers:
RAX=0x00000007d746d428, RBX=0x00007fe74002dd70, RCX=0x000000000000fca0, RDX=0x000000000000fc9f
RSP=0x00007fe777df91a0, RBP=0x00007fe777df9250, RSI=0x0000000000000000, RDI=0x0000000000000020
R8 =0x00007fe7442217f0, R9 =0x0000000000000000, R10=0x00007fe744000000, R11=0x0000000000000206
R12=0x00007fe74002e370, R13=0x00007fe789106fe8, R14=0x00007fe777df91e0, R15=0x0000000000000000
RIP=0x00007fe787f472f6, EFLAGS=0x0000000000010246, CSGSFS=0x0000000000000033, ERR=0x0000000000000004
  TRAPNO=0x000000000000000e

Top of Stack: (sp=0x00007fe777df91a0)
0x00007fe777df91a0:   0000000000000000 00007fe7441604d0
0x00007fe777df91b0:   00007fe7892039e8 00007fe77d0061f0
0x00007fe777df91c0:   00007fe77d005310 00007fe700000000
0x00007fe777df91d0:   00007fe789203a38 00007fe7892039f8
0x00007fe777df91e0:   00007fe7892039e8 00007fe77d0061f0
0x00007fe777df91f0:   00007fe77d005310 00007fe700000000
0x00007fe777df9200:   00007fe789203a38 00007fe7892039f8
0x00007fe777df9210:   00007fe7800ace40 9f8ed61bf3069400
0x00007fe777df9220:   0000000000000000 00007fe7800ace40
0x00007fe777df9230:   0000000000000000 00007fe78000c800
0x00007fe777df9240:   00007fe744005110 00007fe78000c800
0x00007fe777df9250:   00007fe777df9330 00007fe787c7e4a8
0x00007fe777df9260:   00007fe777df92d0 00007fe787efbb39
0x00007fe777df9270:   00007fe7892039f8 9f8ed61bf3069400
0x00007fe777df9280:   00000000000083b0 00000001f3069400
0x00007fe777df9290:   00007fe7800b5000 00007fe740035748
0x00007fe777df92a0:   00007fe74002e370 00007fe74002d760
0x00007fe777df92b0:   00007fe780003a80 00007fe7800ace40
0x00007fe777df92c0:   00007fe777df9330 00007fe787efbb39
0x00007fe777df92d0:   00007fe789203998 9f8ed61bf3069400
0x00007fe777df92e0:   00007fe77d005310 0000000000000001
0x00007fe777df92f0:   00007fe7883c4f38 9f8ed61bf3069400
0x00007fe777df9300:   00007fe744005110 0000000000000001
0x00007fe777df9310:   00007fe7883c4f38 00007fe78000c800
0x00007fe777df9320:   00007fe744005110 00007fe74002dd70
0x00007fe777df9330:   00007fe777df99c0 00007fe787c7e915
0x00007fe777df9340:   00007fe777df93e0 00000000000003d8
0x00007fe777df9350:   00007fe7800ace40 00007fe7800b5968
0x00007fe777df9360:   00007fe7800b5590 00007fe744005110
0x00007fe777df9370:   00007fe777df9390 00007fe7800b5580
0x00007fe777df9380:   00007fe7800b5000 00007fe780003a80
0x00007fe777df9390:   00007fe7800b5000 00007fe7800b5970 

Instructions: (pc=0x00007fe787f472f6)
0x00007fe787f472d6:   89 45 b0 48 8b 43 30 48 89 45 b8 e8 8a 95 ba ff
0x00007fe787f472e6:   49 39 c5 0f 82 11 01 00 00 31 f6 bf 20 00 00 00
0x00007fe787f472f6:   4d 8b 7d 08 e8 21 73 f0 ff 48 85 c0 49 89 c0 74
0x00007fe787f47306:   17 4c 89 38 48 c7 40 10 00 00 00 00 4c 89 68 08 

Register to memory mapping:

RAX=0x00000007d746d428 is an oop
org.postgresql.util.PSQLException 
 - klass: 'org/postgresql/util/PSQLException'
RBX=0x00007fe74002dd70 is an unknown value
RCX=0x000000000000fca0 is an unknown value
RDX=0x000000000000fc9f is an unknown value
RSP=0x00007fe777df91a0 is pointing into the stack for thread: 0x00007fe7800b5000
RBP=0x00007fe777df9250 is pointing into the stack for thread: 0x00007fe7800b5000
RSI=0x0000000000000000 is an unknown value
RDI=0x0000000000000020 is an unknown value
R8 =0x00007fe7442217f0 is an unknown value
R9 =0x0000000000000000 is an unknown value
R10=0x00007fe744000000 is an unknown value
R11=0x0000000000000206 is an unknown value
R12=0x00007fe74002e370 is an unknown value
R13=0x00007fe789106fe8 is pointing into the stack for thread: 0x00007fe78000c800
R14=0x00007fe777df91e0 is pointing into the stack for thread: 0x00007fe7800b5000
R15=0x0000000000000000 is an unknown value


Stack: [0x00007fe777cfa000,0x00007fe777dfb000],  sp=0x00007fe777df91a0,  free space=1020k
Native frames: (J=compiled Java code, j=interpreted, Vv=VM code, C=native code)
V  [libjvm.so+0x9822f6]
V  [libjvm.so+0x6b94a8]
V  [libjvm.so+0x6b9915]
V  [libjvm.so+0x6ae8ce]
V  [libjvm.so+0x669dc7]
C  [libjdwp.so+0xa3f6]
C  [libjdwp.so+0x11b18]
C  [libjdwp.so+0x23f65]
V  [libjvm.so+0x6cf580]
V  [libjvm.so+0x939148]
V  [libjvm.so+0x9393f0]
V  [libjvm.so+0x7fc142]


---------------  P R O C E S S  ---------------

Java Threads: ( => current thread )
  0x00007fe7800c0000 JavaThread "Service Thread" daemon [_thread_blocked, id=5593, stack(0x00007fe7777f5000,0x00007fe7778f6000)]
  0x00007fe7800bd800 JavaThread "C2 CompilerThread1" daemon [_thread_blocked, id=5592, stack(0x00007fe7778f6000,0x00007fe7779f7000)]
  0x00007fe7800bb000 JavaThread "C2 CompilerThread0" daemon [_thread_blocked, id=5591, stack(0x00007fe7779f7000,0x00007fe777af8000)]
  0x00007fe744001000 JavaThread "JDWP Command Reader" daemon [_thread_in_native, id=5588, stack(0x00007fe777af8000,0x00007fe777bf9000)]
  0x00007fe7800b8800 JavaThread "JDWP Event Helper Thread" daemon [_thread_blocked, id=5586, stack(0x00007fe777bf9000,0x00007fe777cfa000)]
=>0x00007fe7800b5000 JavaThread "JDWP Transport Listener: dt_socket" daemon [_thread_in_vm, id=5584, stack(0x00007fe777cfa000,0x00007fe777dfb000)]
  0x00007fe7800a8000 JavaThread "Signal Dispatcher" daemon [_thread_blocked, id=5582, stack(0x00007fe77c0f1000,0x00007fe77c1f2000)]
  0x00007fe78007e800 JavaThread "Finalizer" daemon [_thread_blocked, id=5580, stack(0x00007fe77c1f2000,0x00007fe77c2f3000)]
  0x00007fe78007c800 JavaThread "Reference Handler" daemon [_thread_blocked, id=5579, stack(0x00007fe77c2f3000,0x00007fe77c3f4000)]
  0x00007fe78000c800 JavaThread "main" [_thread_blocked, id=5571, stack(0x00007fe789104000,0x00007fe789205000)]

Other Threads:
  0x00007fe780078000 VMThread [stack: 0x00007fe77c3f4000,0x00007fe77c4f5000] [id=5578]
  0x00007fe7800ca800 WatcherThread [stack: 0x00007fe7776f4000,0x00007fe7777f5000] [id=5594]

VM state:not at safepoint (normal execution)

VM Mutex/Monitor currently owned by a thread: None

Heap
 PSYoungGen      total 37376K, used 6563K [0x00000007d6e80000, 0x00000007d9800000, 0x0000000800000000)
  eden space 32256K, 20% used [0x00000007d6e80000,0x00000007d74e8f20,0x00000007d8e00000)
  from space 5120K, 0% used [0x00000007d9300000,0x00000007d9300000,0x00000007d9800000)
  to   space 5120K, 0% used [0x00000007d8e00000,0x00000007d8e00000,0x00000007d9300000)
 ParOldGen       total 83968K, used 0K [0x0000000784c00000, 0x0000000789e00000, 0x00000007d6e80000)
  object space 83968K, 0% used [0x0000000784c00000,0x0000000784c00000,0x0000000789e00000)
 PSPermGen       total 21504K, used 6113K [0x000000077a600000, 0x000000077bb00000, 0x0000000784c00000)
  object space 21504K, 28% used [0x000000077a600000,0x000000077abf8768,0x000000077bb00000)

Card table byte_map: [0x00007fe785322000,0x00007fe785750000] byte_map_base: 0x00007fe78174f000

Polling page: 0x00007fe789224000

Code Cache  [0x00007fe77d000000, 0x00007fe77d270000, 0x00007fe780000000)
 total_blobs=253 nmethods=16 adapters=199 free_code_cache=48712Kb largest_free_block=49864576

Compilation events (10 events):
Event: 0,278 Thread 0x00007fe7800bb000 nmethod 12 0x00007fe77d064d90 code [0x00007fe77d064ee0, 0x00007fe77d0651b8]
Event: 0,278 Thread 0x00007fe7800bb000   13             java.lang.String::replace (127 bytes)
Event: 0,279 Thread 0x00007fe7800bd800 nmethod 10 0x00007fe77d064650 code [0x00007fe77d0647a0, 0x00007fe77d064b58]
Event: 0,279 Thread 0x00007fe7800bd800   14             java.lang.String::length (6 bytes)
Event: 0,280 Thread 0x00007fe7800bd800 nmethod 14 0x00007fe77d06ab10 code [0x00007fe77d06ac60, 0x00007fe77d06acf8]
Event: 0,289 Thread 0x00007fe7800bb000 nmethod 13 0x00007fe77d06c390 code [0x00007fe77d06c500, 0x00007fe77d06ca58]
Event: 0,296 Thread 0x00007fe7800bd800   15             sun.net.www.ParseUtil::encodePath (336 bytes)
Event: 0,299 Thread 0x00007fe7800bb000   16             java.lang.Math::min (11 bytes)
Event: 0,306 Thread 0x00007fe7800bb000 nmethod 16 0x00007fe77d064290 code [0x00007fe77d0643c0, 0x00007fe77d0643f8]
Event: 0,313 Thread 0x00007fe7800bd800 nmethod 15 0x00007fe77d06d490 code [0x00007fe77d06d660, 0x00007fe77d06e148]

GC Heap History (0 events):
No events

Deoptimization events (2 events):
Event: 0,320 Thread 0x00007fe78000c800 Uncommon trap: reason=unstable_if action=reinterpret pc=0x00007fe77d0649dc method=sun.nio.cs.UTF_8$Decoder.decode([BII[C)I @ 30
Event: 0,323 Thread 0x00007fe78000c800 Uncommon trap: reason=unstable_if action=reinterpret pc=0x00007fe77d06de2c method=sun.net.www.ParseUtil.encodePath(Ljava/lang/String;Z)Ljava/lang/String; @ 109

Internal exceptions (10 events):
Event: 0,312 Thread 0x00007fe78000c800 Threw 0x00000007d7432960 at /home/jmm/jdk/openjdk-7-7u111-2.6.7/build/openjdk/hotspot/src/share/vm/prims/jvm.cpp:1322
Event: 0,321 Thread 0x00007fe78000c800 Threw 0x00000007d7462d68 at /home/jmm/jdk/openjdk-7-7u111-2.6.7/build/openjdk/hotspot/src/share/vm/prims/jvm.cpp:1322
Event: 0,321 Thread 0x00007fe78000c800 Threw 0x00000007d74667a8 at /home/jmm/jdk/openjdk-7-7u111-2.6.7/build/openjdk/hotspot/src/share/vm/prims/jvm.cpp:1322
Event: 0,322 Thread 0x00007fe78000c800 Threw 0x00000007d746e058 at /home/jmm/jdk/openjdk-7-7u111-2.6.7/build/openjdk/hotspot/src/share/vm/prims/jvm.cpp:1322
Event: 0,322 Thread 0x00007fe78000c800 Threw 0x00000007d74724d0 at /home/jmm/jdk/openjdk-7-7u111-2.6.7/build/openjdk/hotspot/src/share/vm/prims/jvm.cpp:1322
Event: 0,322 Thread 0x00007fe78000c800 Threw 0x00000007d7473530 at /home/jmm/jdk/openjdk-7-7u111-2.6.7/build/openjdk/hotspot/src/share/vm/prims/jvm.cpp:1322
Event: 0,323 Thread 0x00007fe78000c800 Threw 0x00000007d7475fb0 at /home/jmm/jdk/openjdk-7-7u111-2.6.7/build/openjdk/hotspot/src/share/vm/prims/jvm.cpp:1322
Event: 0,323 Thread 0x00007fe78000c800 Threw 0x00000007d7477058 at /home/jmm/jdk/openjdk-7-7u111-2.6.7/build/openjdk/hotspot/src/share/vm/prims/jvm.cpp:1322
Event: 0,323 Thread 0x00007fe78000c800 Threw 0x00000007d7479b08 at /home/jmm/jdk/openjdk-7-7u111-2.6.7/build/openjdk/hotspot/src/share/vm/prims/jvm.cpp:1322
Event: 0,325 Thread 0x00007fe78000c800 Threw 0x00000007d74a1790 at /home/jmm/jdk/openjdk-7-7u111-2.6.7/build/openjdk/hotspot/src/share/vm/prims/jvm.cpp:1322

Events (10 events):
Event: 38,411 Executing VM operation: RedefineClasses
Event: 38,412 Executing VM operation: RedefineClasses done
Event: 38,412 Executing VM operation: EnterInterpOnlyMode
Event: 38,412 Executing VM operation: EnterInterpOnlyMode done
Event: 38,412 Executing VM operation: GetCurrentLocation
Event: 38,412 Executing VM operation: GetCurrentLocation done
Event: 38,412 Executing VM operation: ChangeSingleStep
Event: 38,412 Executing VM operation: ChangeSingleStep done
Event: 38,413 Executing VM operation: ChangeSingleStep
Event: 38,413 Executing VM operation: ChangeSingleStep done


Dynamic libraries:
00400000-00401000 r-xp 00000000 08:04 396247                             /usr/lib/jvm/java-7-openjdk-amd64/jre/bin/java
00600000-00601000 r--p 00000000 08:04 396247                             /usr/lib/jvm/java-7-openjdk-amd64/jre/bin/java
00601000-00602000 rw-p 00001000 08:04 396247                             /usr/lib/jvm/java-7-openjdk-amd64/jre/bin/java
01898000-018b9000 rw-p 00000000 00:00 0                                  [heap]
77a600000-77bb00000 rw-p 00000000 00:00 0 
77bb00000-784c00000 rw-p 00000000 00:00 0 
784c00000-789e00000 rw-p 00000000 00:00 0 
789e00000-7d6e80000 rw-p 00000000 00:00 0 
7d6e80000-7d9800000 rw-p 00000000 00:00 0 
7d9800000-800000000 rw-p 00000000 00:00 0 
7fe72c000000-7fe72c021000 rw-p 00000000 00:00 0 
7fe72c021000-7fe730000000 ---p 00000000 00:00 0 
7fe734000000-7fe734103000 rw-p 00000000 00:00 0 
7fe734103000-7fe738000000 ---p 00000000 00:00 0 
7fe738000000-7fe738021000 rw-p 00000000 00:00 0 
7fe738021000-7fe73c000000 ---p 00000000 00:00 0 
7fe73c000000-7fe73c021000 rw-p 00000000 00:00 0 
7fe73c021000-7fe740000000 ---p 00000000 00:00 0 
7fe740000000-7fe740116000 rw-p 00000000 00:00 0 
7fe740116000-7fe744000000 ---p 00000000 00:00 0 
7fe744000000-7fe74422d000 rw-p 00000000 00:00 0 
7fe74422d000-7fe748000000 ---p 00000000 00:00 0 
7fe748000000-7fe748021000 rw-p 00000000 00:00 0 
7fe748021000-7fe74c000000 ---p 00000000 00:00 0 
7fe74c000000-7fe74c021000 rw-p 00000000 00:00 0 
7fe74c021000-7fe750000000 ---p 00000000 00:00 0 
7fe750000000-7fe750021000 rw-p 00000000 00:00 0 
7fe750021000-7fe754000000 ---p 00000000 00:00 0 
7fe754000000-7fe754021000 rw-p 00000000 00:00 0 
7fe754021000-7fe758000000 ---p 00000000 00:00 0 
7fe75bd30000-7fe760000000 rw-p 00000000 00:00 0 
7fe760000000-7fe760021000 rw-p 00000000 00:00 0 
7fe760021000-7fe764000000 ---p 00000000 00:00 0 
7fe764000000-7fe764021000 rw-p 00000000 00:00 0 
7fe764021000-7fe768000000 ---p 00000000 00:00 0 
7fe768000000-7fe768021000 rw-p 00000000 00:00 0 
7fe768021000-7fe76c000000 ---p 00000000 00:00 0 
7fe770000000-7fe770021000 rw-p 00000000 00:00 0 
7fe770021000-7fe774000000 ---p 00000000 00:00 0 
7fe775b95000-7fe775f37000 rw-p 00000000 00:00 0 
7fe775f37000-7fe775fa3000 r-xp 00000000 08:04 4325422                    /lib/x86_64-linux-gnu/libpcre.so.3.13.1
7fe775fa3000-7fe7761a3000 ---p 0006c000 08:04 4325422                    /lib/x86_64-linux-gnu/libpcre.so.3.13.1
7fe7761a3000-7fe7761a4000 r--p 0006c000 08:04 4325422                    /lib/x86_64-linux-gnu/libpcre.so.3.13.1
7fe7761a4000-7fe7761a5000 rw-p 0006d000 08:04 4325422                    /lib/x86_64-linux-gnu/libpcre.so.3.13.1
7fe7761a5000-7fe7761ac000 r-xp 00000000 08:04 6295829                    /usr/lib/x86_64-linux-gnu/libffi.so.6.0.2
7fe7761ac000-7fe7763ab000 ---p 00007000 08:04 6295829                    /usr/lib/x86_64-linux-gnu/libffi.so.6.0.2
7fe7763ab000-7fe7763ac000 r--p 00006000 08:04 6295829                    /usr/lib/x86_64-linux-gnu/libffi.so.6.0.2
7fe7763ac000-7fe7763ad000 rw-p 00007000 08:04 6295829                    /usr/lib/x86_64-linux-gnu/libffi.so.6.0.2
7fe7763ad000-7fe7763c1000 r-xp 00000000 08:04 4328444                    /lib/x86_64-linux-gnu/libresolv-2.19.so
7fe7763c1000-7fe7765c0000 ---p 00014000 08:04 4328444                    /lib/x86_64-linux-gnu/libresolv-2.19.so
7fe7765c0000-7fe7765c1000 r--p 00013000 08:04 4328444                    /lib/x86_64-linux-gnu/libresolv-2.19.so
7fe7765c1000-7fe7765c2000 rw-p 00014000 08:04 4328444                    /lib/x86_64-linux-gnu/libresolv-2.19.so
7fe7765c2000-7fe7765c4000 rw-p 00000000 00:00 0 
7fe7765c4000-7fe7765e5000 r-xp 00000000 08:04 4325475                    /lib/x86_64-linux-gnu/libselinux.so.1
7fe7765e5000-7fe7767e5000 ---p 00021000 08:04 4325475                    /lib/x86_64-linux-gnu/libselinux.so.1
7fe7767e5000-7fe7767e6000 r--p 00021000 08:04 4325475                    /lib/x86_64-linux-gnu/libselinux.so.1
7fe7767e6000-7fe7767e7000 rw-p 00022000 08:04 4325475                    /lib/x86_64-linux-gnu/libselinux.so.1
7fe7767e7000-7fe7767e9000 rw-p 00000000 00:00 0 
7fe7767e9000-7fe7767ec000 r-xp 00000000 08:04 6298806                    /usr/lib/x86_64-linux-gnu/libgmodule-2.0.so.0.4200.1
7fe7767ec000-7fe7769eb000 ---p 00003000 08:04 6298806                    /usr/lib/x86_64-linux-gnu/libgmodule-2.0.so.0.4200.1
7fe7769eb000-7fe7769ec000 r--p 00002000 08:04 6298806                    /usr/lib/x86_64-linux-gnu/libgmodule-2.0.so.0.4200.1
7fe7769ec000-7fe7769ed000 rw-p 00003000 08:04 6298806                    /usr/lib/x86_64-linux-gnu/libgmodule-2.0.so.0.4200.1
7fe7769ed000-7fe776af9000 r-xp 00000000 08:04 4325884                    /lib/x86_64-linux-gnu/libglib-2.0.so.0.4200.1
7fe776af9000-7fe776cf9000 ---p 0010c000 08:04 4325884                    /lib/x86_64-linux-gnu/libglib-2.0.so.0.4200.1
7fe776cf9000-7fe776cfa000 r--p 0010c000 08:04 4325884                    /lib/x86_64-linux-gnu/libglib-2.0.so.0.4200.1
7fe776cfa000-7fe776cfb000 rw-p 0010d000 08:04 4325884                    /lib/x86_64-linux-gnu/libglib-2.0.so.0.4200.1
7fe776cfb000-7fe776cfc000 rw-p 00000000 00:00 0 
7fe776cfc000-7fe776d4d000 r-xp 00000000 08:04 6298805                    /usr/lib/x86_64-linux-gnu/libgobject-2.0.so.0.4200.1
7fe776d4d000-7fe776f4d000 ---p 00051000 08:04 6298805                    /usr/lib/x86_64-linux-gnu/libgobject-2.0.so.0.4200.1
7fe776f4d000-7fe776f4e000 r--p 00051000 08:04 6298805                    /usr/lib/x86_64-linux-gnu/libgobject-2.0.so.0.4200.1
7fe776f4e000-7fe776f4f000 rw-p 00052000 08:04 6298805                    /usr/lib/x86_64-linux-gnu/libgobject-2.0.so.0.4200.1
7fe776f4f000-7fe7770c1000 r-xp 00000000 08:04 6298808                    /usr/lib/x86_64-linux-gnu/libgio-2.0.so.0.4200.1
7fe7770c1000-7fe7772c1000 ---p 00172000 08:04 6298808                    /usr/lib/x86_64-linux-gnu/libgio-2.0.so.0.4200.1
7fe7772c1000-7fe7772c5000 r--p 00172000 08:04 6298808                    /usr/lib/x86_64-linux-gnu/libgio-2.0.so.0.4200.1
7fe7772c5000-7fe7772c7000 rw-p 00176000 08:04 6298808                    /usr/lib/x86_64-linux-gnu/libgio-2.0.so.0.4200.1
7fe7772c7000-7fe7772c9000 rw-p 00000000 00:00 0 
7fe7772c9000-7fe7772e1000 r-xp 00000000 08:04 396185                     /usr/lib/jvm/java-7-openjdk-amd64/jre/lib/amd64/libnet.so
7fe7772e1000-7fe7774e0000 ---p 00018000 08:04 396185                     /usr/lib/jvm/java-7-openjdk-amd64/jre/lib/amd64/libnet.so
7fe7774e0000-7fe7774e1000 r--p 00017000 08:04 396185                     /usr/lib/jvm/java-7-openjdk-amd64/jre/lib/amd64/libnet.so
7fe7774e1000-7fe7774e2000 rw-p 00018000 08:04 396185                     /usr/lib/jvm/java-7-openjdk-amd64/jre/lib/amd64/libnet.so
7fe7774e2000-7fe7774f3000 r-xp 00000000 08:04 396188                     /usr/lib/jvm/java-7-openjdk-amd64/jre/lib/amd64/libnio.so
7fe7774f3000-7fe7776f2000 ---p 00011000 08:04 396188                     /usr/lib/jvm/java-7-openjdk-amd64/jre/lib/amd64/libnio.so
7fe7776f2000-7fe7776f3000 r--p 00010000 08:04 396188                     /usr/lib/jvm/java-7-openjdk-amd64/jre/lib/amd64/libnio.so
7fe7776f3000-7fe7776f4000 rw-p 00011000 08:04 396188                     /usr/lib/jvm/java-7-openjdk-amd64/jre/lib/amd64/libnio.so
7fe7776f4000-7fe7776f5000 ---p 00000000 00:00 0 
7fe7776f5000-7fe7777f5000 rw-p 00000000 00:00 0                          [stack:5594]
7fe7777f5000-7fe7777f8000 ---p 00000000 00:00 0 
7fe7777f8000-7fe7778f6000 rw-p 00000000 00:00 0                          [stack:5593]
7fe7778f6000-7fe7778f9000 ---p 00000000 00:00 0 
7fe7778f9000-7fe7779f7000 rw-p 00000000 00:00 0                          [stack:5592]
7fe7779f7000-7fe7779fa000 ---p 00000000 00:00 0 
7fe7779fa000-7fe777af8000 rw-p 00000000 00:00 0                          [stack:5591]
7fe777af8000-7fe777afb000 ---p 00000000 00:00 0 
7fe777afb000-7fe777bf9000 rw-p 00000000 00:00 0                          [stack:5588]
7fe777bf9000-7fe777bfc000 ---p 00000000 00:00 0 
7fe777bfc000-7fe777cfa000 rw-p 00000000 00:00 0                          [stack:5586]
7fe777cfa000-7fe777cfd000 ---p 00000000 00:00 0 
7fe777cfd000-7fe777dfb000 rw-p 00000000 00:00 0                          [stack:5584]
7fe777dfb000-7fe777dff000 r-xp 00000000 08:04 396197                     /usr/lib/jvm/java-7-openjdk-amd64/jre/lib/amd64/libdt_socket.so
7fe777dff000-7fe777ffe000 ---p 00004000 08:04 396197                     /usr/lib/jvm/java-7-openjdk-amd64/jre/lib/amd64/libdt_socket.so
7fe777ffe000-7fe777fff000 r--p 00003000 08:04 396197                     /usr/lib/jvm/java-7-openjdk-amd64/jre/lib/amd64/libdt_socket.so
7fe777fff000-7fe778000000 rw-p 00004000 08:04 396197                     /usr/lib/jvm/java-7-openjdk-amd64/jre/lib/amd64/libdt_socket.so
7fe778000000-7fe778021000 rw-p 00000000 00:00 0 
7fe778021000-7fe77c000000 ---p 00000000 00:00 0 
7fe77c0a0000-7fe77c0f1000 rw-p 00000000 00:00 0 
7fe77c0f1000-7fe77c0f4000 ---p 00000000 00:00 0 
7fe77c0f4000-7fe77c1f2000 rw-p 00000000 00:00 0                          [stack:5582]
7fe77c1f2000-7fe77c1f5000 ---p 00000000 00:00 0 
7fe77c1f5000-7fe77c2f3000 rw-p 00000000 00:00 0                          [stack:5580]
7fe77c2f3000-7fe77c2f6000 ---p 00000000 00:00 0 
7fe77c2f6000-7fe77c3f4000 rw-p 00000000 00:00 0                          [stack:5579]
7fe77c3f4000-7fe77c3f5000 ---p 00000000 00:00 0 
7fe77c3f5000-7fe77d000000 rw-p 00000000 00:00 0                          [stack:5578]
7fe77d000000-7fe77d270000 rwxp 00000000 00:00 0 
7fe77d270000-7fe780257000 rw-p 00000000 00:00 0 
7fe780257000-7fe784000000 ---p 00000000 00:00 0 
7fe78401b000-7fe784536000 rw-p 00000000 00:00 0 
7fe784536000-7fe7846e9000 r--s 01d3d000 08:04 396206                     /usr/lib/jvm/java-7-openjdk-amd64/jre/lib/rt.jar
7fe7846e9000-7fe784c39000 rw-p 00000000 00:00 0 
7fe784c39000-7fe784c3a000 ---p 00000000 00:00 0 
7fe784c3a000-7fe784d3a000 rw-p 00000000 00:00 0                          [stack:5576]
7fe784d3a000-7fe784d3b000 ---p 00000000 00:00 0 
7fe784d3b000-7fe784e3b000 rw-p 00000000 00:00 0                          [stack:5575]
7fe784e3b000-7fe784e3c000 ---p 00000000 00:00 0 
7fe784e3c000-7fe784f3c000 rw-p 00000000 00:00 0                          [stack:5574]
7fe784f3c000-7fe784f3d000 ---p 00000000 00:00 0 
7fe784f3d000-7fe785048000 rw-p 00000000 00:00 0                          [stack:5573]
7fe785048000-7fe785090000 rw-p 00000000 00:00 0 
7fe785090000-7fe7850b9000 rw-p 00000000 00:00 0 
7fe7850b9000-7fe785322000 rw-p 00000000 00:00 0 
7fe785322000-7fe78532d000 rw-p 00000000 00:00 0 
7fe78532d000-7fe785375000 rw-p 00000000 00:00 0 
7fe785375000-7fe78539e000 rw-p 00000000 00:00 0 
7fe78539e000-7fe785606000 rw-p 00000000 00:00 0 
7fe785606000-7fe78561b000 rw-p 00000000 00:00 0 
7fe78561b000-7fe78574f000 rw-p 00000000 00:00 0 
7fe78574f000-7fe785750000 rw-p 00000000 00:00 0 
7fe785750000-7fe785758000 r-xp 00000000 08:04 396166                     /usr/lib/jvm/java-7-openjdk-amd64/jre/lib/amd64/libzip.so
7fe785758000-7fe785957000 ---p 00008000 08:04 396166                     /usr/lib/jvm/java-7-openjdk-amd64/jre/lib/amd64/libzip.so
7fe785957000-7fe785958000 r--p 00007000 08:04 396166                     /usr/lib/jvm/java-7-openjdk-amd64/jre/lib/amd64/libzip.so
7fe785958000-7fe785959000 rw-p 00008000 08:04 396166                     /usr/lib/jvm/java-7-openjdk-amd64/jre/lib/amd64/libzip.so
7fe785959000-7fe785964000 r-xp 00000000 08:04 4328439                    /lib/x86_64-linux-gnu/libnss_files-2.19.so
7fe785964000-7fe785b63000 ---p 0000b000 08:04 4328439                    /lib/x86_64-linux-gnu/libnss_files-2.19.so
7fe785b63000-7fe785b64000 r--p 0000a000 08:04 4328439                    /lib/x86_64-linux-gnu/libnss_files-2.19.so
7fe785b64000-7fe785b65000 rw-p 0000b000 08:04 4328439                    /lib/x86_64-linux-gnu/libnss_files-2.19.so
7fe785b65000-7fe785b6f000 r-xp 00000000 08:04 4328441                    /lib/x86_64-linux-gnu/libnss_nis-2.19.so
7fe785b6f000-7fe785d6e000 ---p 0000a000 08:04 4328441                    /lib/x86_64-linux-gnu/libnss_nis-2.19.so
7fe785d6e000-7fe785d6f000 r--p 00009000 08:04 4328441                    /lib/x86_64-linux-gnu/libnss_nis-2.19.so
7fe785d6f000-7fe785d70000 rw-p 0000a000 08:04 4328441                    /lib/x86_64-linux-gnu/libnss_nis-2.19.so
7fe785d70000-7fe785d85000 r-xp 00000000 08:04 4328436                    /lib/x86_64-linux-gnu/libnsl-2.19.so
7fe785d85000-7fe785f84000 ---p 00015000 08:04 4328436                    /lib/x86_64-linux-gnu/libnsl-2.19.so
7fe785f84000-7fe785f85000 r--p 00014000 08:04 4328436                    /lib/x86_64-linux-gnu/libnsl-2.19.so
7fe785f85000-7fe785f86000 rw-p 00015000 08:04 4328436                    /lib/x86_64-linux-gnu/libnsl-2.19.so
7fe785f86000-7fe785f88000 rw-p 00000000 00:00 0 
7fe785f88000-7fe785f8f000 r-xp 00000000 08:04 4328437                    /lib/x86_64-linux-gnu/libnss_compat-2.19.so
7fe785f8f000-7fe78618e000 ---p 00007000 08:04 4328437                    /lib/x86_64-linux-gnu/libnss_compat-2.19.so
7fe78618e000-7fe78618f000 r--p 00006000 08:04 4328437                    /lib/x86_64-linux-gnu/libnss_compat-2.19.so
7fe78618f000-7fe786190000 rw-p 00007000 08:04 4328437                    /lib/x86_64-linux-gnu/libnss_compat-2.19.so
7fe786190000-7fe786319000 r--p 00000000 08:04 6294920                    /usr/lib/locale/locale-archive
7fe786319000-7fe78631b000 r-xp 00000000 08:04 396182                     /usr/lib/jvm/java-7-openjdk-amd64/jre/lib/amd64/libnpt.so
7fe78631b000-7fe78651b000 ---p 00002000 08:04 396182                     /usr/lib/jvm/java-7-openjdk-amd64/jre/lib/amd64/libnpt.so
7fe78651b000-7fe78651c000 r--p 00002000 08:04 396182                     /usr/lib/jvm/java-7-openjdk-amd64/jre/lib/amd64/libnpt.so
7fe78651c000-7fe78651d000 rw-p 00003000 08:04 396182                     /usr/lib/jvm/java-7-openjdk-amd64/jre/lib/amd64/libnpt.so
7fe78651d000-7fe786558000 r-xp 00000000 08:04 396193                     /usr/lib/jvm/java-7-openjdk-amd64/jre/lib/amd64/libjdwp.so
7fe786558000-7fe786757000 ---p 0003b000 08:04 396193                     /usr/lib/jvm/java-7-openjdk-amd64/jre/lib/amd64/libjdwp.so
7fe786757000-7fe786758000 r--p 0003a000 08:04 396193                     /usr/lib/jvm/java-7-openjdk-amd64/jre/lib/amd64/libjdwp.so
7fe786758000-7fe786759000 rw-p 0003b000 08:04 396193                     /usr/lib/jvm/java-7-openjdk-amd64/jre/lib/amd64/libjdwp.so
7fe786759000-7fe78675a000 rw-p 00000000 00:00 0 
7fe78675a000-7fe786787000 r-xp 00000000 08:04 396192                     /usr/lib/jvm/java-7-openjdk-amd64/jre/lib/amd64/libjava.so
7fe786787000-7fe786986000 ---p 0002d000 08:04 396192                     /usr/lib/jvm/java-7-openjdk-amd64/jre/lib/amd64/libjava.so
7fe786986000-7fe786987000 r--p 0002c000 08:04 396192                     /usr/lib/jvm/java-7-openjdk-amd64/jre/lib/amd64/libjava.so
7fe786987000-7fe786989000 rw-p 0002d000 08:04 396192                     /usr/lib/jvm/java-7-openjdk-amd64/jre/lib/amd64/libjava.so
7fe786989000-7fe786998000 r-xp 00000000 08:04 396196                     /usr/lib/jvm/java-7-openjdk-amd64/jre/lib/amd64/libverify.so
7fe786998000-7fe786b97000 ---p 0000f000 08:04 396196                     /usr/lib/jvm/java-7-openjdk-amd64/jre/lib/amd64/libverify.so
7fe786b97000-7fe786b9a000 r--p 0000e000 08:04 396196                     /usr/lib/jvm/java-7-openjdk-amd64/jre/lib/amd64/libverify.so
7fe786b9a000-7fe786b9b000 rw-p 00011000 08:04 396196                     /usr/lib/jvm/java-7-openjdk-amd64/jre/lib/amd64/libverify.so
7fe786b9b000-7fe786ba2000 r-xp 00000000 08:04 4328445                    /lib/x86_64-linux-gnu/librt-2.19.so
7fe786ba2000-7fe786da1000 ---p 00007000 08:04 4328445                    /lib/x86_64-linux-gnu/librt-2.19.so
7fe786da1000-7fe786da2000 r--p 00006000 08:04 4328445                    /lib/x86_64-linux-gnu/librt-2.19.so
7fe786da2000-7fe786da3000 rw-p 00007000 08:04 4328445                    /lib/x86_64-linux-gnu/librt-2.19.so
7fe786da3000-7fe786db9000 r-xp 00000000 08:04 4325380                    /lib/x86_64-linux-gnu/libgcc_s.so.1
7fe786db9000-7fe786fb8000 ---p 00016000 08:04 4325380                    /lib/x86_64-linux-gnu/libgcc_s.so.1
7fe786fb8000-7fe786fb9000 rw-p 00015000 08:04 4325380                    /lib/x86_64-linux-gnu/libgcc_s.so.1
7fe786fb9000-7fe7870b9000 r-xp 00000000 08:04 4328434                    /lib/x86_64-linux-gnu/libm-2.19.so
7fe7870b9000-7fe7872b8000 ---p 00100000 08:04 4328434                    /lib/x86_64-linux-gnu/libm-2.19.so
7fe7872b8000-7fe7872b9000 r--p 000ff000 08:04 4328434                    /lib/x86_64-linux-gnu/libm-2.19.so
7fe7872b9000-7fe7872ba000 rw-p 00100000 08:04 4328434                    /lib/x86_64-linux-gnu/libm-2.19.so
7fe7872ba000-7fe7873a6000 r-xp 00000000 08:04 6296240                    /usr/lib/x86_64-linux-gnu/libstdc++.so.6.0.20
7fe7873a6000-7fe7875a6000 ---p 000ec000 08:04 6296240                    /usr/lib/x86_64-linux-gnu/libstdc++.so.6.0.20
7fe7875a6000-7fe7875ae000 r--p 000ec000 08:04 6296240                    /usr/lib/x86_64-linux-gnu/libstdc++.so.6.0.20
7fe7875ae000-7fe7875b0000 rw-p 000f4000 08:04 6296240                    /usr/lib/x86_64-linux-gnu/libstdc++.so.6.0.20
7fe7875b0000-7fe7875c5000 rw-p 00000000 00:00 0 
7fe7875c5000-7fe788122000 r-xp 00000000 08:04 396161                     /usr/lib/jvm/java-7-openjdk-amd64/jre/lib/amd64/server/libjvm.so
7fe788122000-7fe788322000 ---p 00b5d000 08:04 396161                     /usr/lib/jvm/java-7-openjdk-amd64/jre/lib/amd64/server/libjvm.so
7fe788322000-7fe7883c1000 r--p 00b5d000 08:04 396161                     /usr/lib/jvm/java-7-openjdk-amd64/jre/lib/amd64/server/libjvm.so
7fe7883c1000-7fe7883e4000 rw-p 00bfc000 08:04 396161                     /usr/lib/jvm/java-7-openjdk-amd64/jre/lib/amd64/server/libjvm.so
7fe7883e4000-7fe788412000 rw-p 00000000 00:00 0 
7fe788412000-7fe78842c000 r-xp 00000000 08:04 4325476                    /lib/x86_64-linux-gnu/libz.so.1.2.8
7fe78842c000-7fe78862b000 ---p 0001a000 08:04 4325476                    /lib/x86_64-linux-gnu/libz.so.1.2.8
7fe78862b000-7fe78862c000 r--p 00019000 08:04 4325476                    /lib/x86_64-linux-gnu/libz.so.1.2.8
7fe78862c000-7fe78862d000 rw-p 0001a000 08:04 4325476                    /lib/x86_64-linux-gnu/libz.so.1.2.8
7fe78862d000-7fe7887ce000 r-xp 00000000 08:04 4328430                    /lib/x86_64-linux-gnu/libc-2.19.so
7fe7887ce000-7fe7889ce000 ---p 001a1000 08:04 4328430                    /lib/x86_64-linux-gnu/libc-2.19.so
7fe7889ce000-7fe7889d2000 r--p 001a1000 08:04 4328430                    /lib/x86_64-linux-gnu/libc-2.19.so
7fe7889d2000-7fe7889d4000 rw-p 001a5000 08:04 4328430                    /lib/x86_64-linux-gnu/libc-2.19.so
7fe7889d4000-7fe7889d8000 rw-p 00000000 00:00 0 
7fe7889d8000-7fe7889db000 r-xp 00000000 08:04 4328433                    /lib/x86_64-linux-gnu/libdl-2.19.so
7fe7889db000-7fe788bda000 ---p 00003000 08:04 4328433                    /lib/x86_64-linux-gnu/libdl-2.19.so
7fe788bda000-7fe788bdb000 r--p 00002000 08:04 4328433                    /lib/x86_64-linux-gnu/libdl-2.19.so
7fe788bdb000-7fe788bdc000 rw-p 00003000 08:04 4328433                    /lib/x86_64-linux-gnu/libdl-2.19.so
7fe788bdc000-7fe788be9000 r-xp 00000000 08:04 396191                     /usr/lib/jvm/java-7-openjdk-amd64/jre/lib/amd64/jli/libjli.so
7fe788be9000-7fe788de8000 ---p 0000d000 08:04 396191                     /usr/lib/jvm/java-7-openjdk-amd64/jre/lib/amd64/jli/libjli.so
7fe788de8000-7fe788de9000 r--p 0000c000 08:04 396191                     /usr/lib/jvm/java-7-openjdk-amd64/jre/lib/amd64/jli/libjli.so
7fe788de9000-7fe788dea000 rw-p 0000d000 08:04 396191                     /usr/lib/jvm/java-7-openjdk-amd64/jre/lib/amd64/jli/libjli.so
7fe788dea000-7fe788e02000 r-xp 00000000 08:04 4328426                    /lib/x86_64-linux-gnu/libpthread-2.19.so
7fe788e02000-7fe789001000 ---p 00018000 08:04 4328426                    /lib/x86_64-linux-gnu/libpthread-2.19.so
7fe789001000-7fe789002000 r--p 00017000 08:04 4328426                    /lib/x86_64-linux-gnu/libpthread-2.19.so
7fe789002000-7fe789003000 rw-p 00018000 08:04 4328426                    /lib/x86_64-linux-gnu/libpthread-2.19.so
7fe789003000-7fe789007000 rw-p 00000000 00:00 0 
7fe789007000-7fe789027000 r-xp 00000000 08:04 4328427                    /lib/x86_64-linux-gnu/ld-2.19.so
7fe789035000-7fe789037000 rw-p 00000000 00:00 0 
7fe789037000-7fe78903b000 r--s 0004f000 08:04 396137                     /usr/lib/jvm/java-7-openjdk-amd64/jre/lib/jsse.jar
7fe78903b000-7fe789042000 r--s 0009f000 08:04 3319695                    /home/wellysson/Dropbox/UFPI/UFPI-2016.2/Top_BD/trabalho2/material_postgresql_postgis/postgresql-9.4.1212.jre6.jar
7fe789042000-7fe789044000 r--s 00006000 08:04 137545                     /usr/share/java/java-atk-wrapper.jar
7fe789044000-7fe78904e000 rw-p 00000000 00:00 0 
7fe78904e000-7fe789104000 rw-p 00000000 00:00 0 
7fe789104000-7fe789107000 ---p 00000000 00:00 0 
7fe789107000-7fe78920a000 rw-p 00000000 00:00 0                          [stack:5571]
7fe78920a000-7fe78920c000 r--s 00012000 08:04 396214                     /usr/lib/jvm/java-7-openjdk-amd64/jre/lib/ext/zipfs.jar
7fe78920c000-7fe78920f000 r--s 0000f000 08:04 396212                     /usr/lib/jvm/java-7-openjdk-amd64/jre/lib/ext/icedtea-sound.jar
7fe78920f000-7fe789213000 r--s 00085000 08:04 396211                     /usr/lib/jvm/java-7-openjdk-amd64/jre/lib/ext/localedata.jar
7fe789213000-7fe789214000 r--s 00002000 08:04 396213                     /usr/lib/jvm/java-7-openjdk-amd64/jre/lib/ext/dnsns.jar
7fe789214000-7fe789217000 r--s 0003d000 08:04 396210                     /usr/lib/jvm/java-7-openjdk-amd64/jre/lib/ext/sunpkcs11.jar
7fe789217000-7fe78921b000 r--s 00034000 08:04 396215                     /usr/lib/jvm/java-7-openjdk-amd64/jre/lib/ext/sunjce_provider.jar
7fe78921b000-7fe789223000 rw-s 00000000 08:04 803218                     /tmp/hsperfdata_wellysson/5567
7fe789223000-7fe789224000 rw-p 00000000 00:00 0 
7fe789224000-7fe789225000 r--p 00000000 00:00 0 
7fe789225000-7fe789227000 rw-p 00000000 00:00 0 
7fe789227000-7fe789228000 r--p 00020000 08:04 4328427                    /lib/x86_64-linux-gnu/ld-2.19.so
7fe789228000-7fe789229000 rw-p 00021000 08:04 4328427                    /lib/x86_64-linux-gnu/ld-2.19.so
7fe789229000-7fe78922a000 rw-p 00000000 00:00 0 
7ffef88d9000-7ffef88fa000 rw-p 00000000 00:00 0                          [stack]
7ffef8901000-7ffef8903000 r-xp 00000000 00:00 0                          [vdso]
7ffef8903000-7ffef8905000 r--p 00000000 00:00 0                          [vvar]
ffffffffff600000-ffffffffff601000 r-xp 00000000 00:00 0                  [vsyscall]

VM Arguments:
jvm_args: -agentlib:jdwp=transport=dt_socket,suspend=y,address=localhost:36726 -Dfile.encoding=UTF-8 
java_command: br.ufpi.tbd.initial.Main
Launcher Type: SUN_STANDARD

Environment Variables:
PATH=/usr/local/bin:/usr/bin:/bin:/usr/local/games:/usr/games
USERNAME=wellysson
SHELL=/bin/bash
DISPLAY=:0.0

Signal Handlers:
SIGSEGV: [libjvm.so+0x98ed60], sa_mask[0]=0x7ffbfeff, sa_flags=0x10000004
SIGBUS: [libjvm.so+0x98ed60], sa_mask[0]=0x7ffbfeff, sa_flags=0x10000004
SIGFPE: [libjvm.so+0x7fa580], sa_mask[0]=0x7ffbfeff, sa_flags=0x10000004
SIGPIPE: [libjvm.so+0x7fa580], sa_mask[0]=0x7ffbfeff, sa_flags=0x10000004
SIGXFSZ: [libjvm.so+0x7fa580], sa_mask[0]=0x7ffbfeff, sa_flags=0x10000004
SIGILL: [libjvm.so+0x7fa580], sa_mask[0]=0x7ffbfeff, sa_flags=0x10000004
SIGUSR1: SIG_DFL, sa_mask[0]=0x00000000, sa_flags=0x00000000
SIGUSR2: [libjvm.so+0x7fa6b0], sa_mask[0]=0x00000004, sa_flags=0x10000004
SIGHUP: [libjvm.so+0x7fa600], sa_mask[0]=0x7ffbfeff, sa_flags=0x10000004
SIGINT: [libjvm.so+0x7fa600], sa_mask[0]=0x7ffbfeff, sa_flags=0x10000004
SIGTERM: [libjvm.so+0x7fa600], sa_mask[0]=0x7ffbfeff, sa_flags=0x10000004
SIGQUIT: [libjvm.so+0x7fa600], sa_mask[0]=0x7ffbfeff, sa_flags=0x10000004
SIGTRAP: SIG_DFL, sa_mask[0]=0x00000000, sa_flags=0x00000000


---------------  S Y S T E M  ---------------

OS:8.6

uname:Linux 3.16.0-4-amd64 #1 SMP Debian 3.16.36-1+deb8u1 (2016-09-03) x86_64
libc:glibc 2.19 NPTL 2.19 
rlimit: STACK 8192k, CORE 0k, NPROC 30723, NOFILE 65536, AS infinity
load average:0,46 0,24 0,22

/proc/meminfo:
MemTotal:        8077076 kB
MemFree:         1075512 kB
MemAvailable:    3755116 kB
Buffers:          369488 kB
Cached:          3108092 kB
SwapCached:            0 kB
Active:          4699340 kB
Inactive:        1853760 kB
Active(anon):    3084448 kB
Inactive(anon):   823880 kB
Active(file):    1614892 kB
Inactive(file):  1029880 kB
Unevictable:         172 kB
Mlocked:             172 kB
SwapTotal:             0 kB
SwapFree:              0 kB
Dirty:               104 kB
Writeback:             0 kB
AnonPages:       3075648 kB
Mapped:           909940 kB
Shmem:            832884 kB
Slab:             337152 kB
SReclaimable:     288248 kB
SUnreclaim:        48904 kB
KernelStack:       11264 kB
PageTables:        52492 kB
NFS_Unstable:          0 kB
Bounce:                0 kB
WritebackTmp:          0 kB
CommitLimit:     4038536 kB
Committed_AS:   10300812 kB
VmallocTotal:   34359738367 kB
VmallocUsed:      354376 kB
VmallocChunk:   34359375836 kB
HardwareCorrupted:     0 kB
AnonHugePages:         0 kB
HugePages_Total:       0
HugePages_Free:        0
HugePages_Rsvd:        0
HugePages_Surp:        0
Hugepagesize:       2048 kB
DirectMap4k:       75948 kB
DirectMap2M:     2951168 kB
DirectMap1G:     5242880 kB


CPU:total 4 (2 cores per cpu, 2 threads per core) family 6 model 69 stepping 1, cmov, cx8, fxsr, mmx, sse, sse2, sse3, ssse3, sse4.1, sse4.2, popcnt, avx, avx2, aes, erms, ht, tsc, tscinvbit

/proc/cpuinfo:
processor	: 0
vendor_id	: GenuineIntel
cpu family	: 6
model		: 69
model name	: Intel(R) Core(TM) i5-4200U CPU @ 1.60GHz
stepping	: 1
microcode	: 0x17
cpu MHz		: 2300.000
cache size	: 3072 KB
physical id	: 0
siblings	: 4
core id		: 0
cpu cores	: 2
apicid		: 0
initial apicid	: 0
fpu		: yes
fpu_exception	: yes
cpuid level	: 13
wp		: yes
flags		: fpu vme de pse tsc msr pae mce cx8 apic sep mtrr pge mca cmov pat pse36 clflush dts acpi mmx fxsr sse sse2 ss ht tm pbe syscall nx pdpe1gb rdtscp lm constant_tsc arch_perfmon pebs bts rep_good nopl xtopology nonstop_tsc aperfmperf eagerfpu pni pclmulqdq dtes64 monitor ds_cpl vmx est tm2 ssse3 fma cx16 xtpr pdcm pcid sse4_1 sse4_2 movbe popcnt tsc_deadline_timer aes xsave avx f16c rdrand lahf_lm abm ida arat epb xsaveopt pln pts dtherm tpr_shadow vnmi flexpriority ept vpid fsgsbase tsc_adjust bmi1 avx2 smep bmi2 erms invpcid
bogomips	: 4589.31
clflush size	: 64
cache_alignment	: 64
address sizes	: 39 bits physical, 48 bits virtual
power management:

processor	: 1
vendor_id	: GenuineIntel
cpu family	: 6
model		: 69
model name	: Intel(R) Core(TM) i5-4200U CPU @ 1.60GHz
stepping	: 1
microcode	: 0x17
cpu MHz		: 2428.746
cache size	: 3072 KB
physical id	: 0
siblings	: 4
core id		: 1
cpu cores	: 2
apicid		: 2
initial apicid	: 2
fpu		: yes
fpu_exception	: yes
cpuid level	: 13
wp		: yes
flags		: fpu vme de pse tsc msr pae mce cx8 apic sep mtrr pge mca cmov pat pse36 clflush dts acpi mmx fxsr sse sse2 ss ht tm pbe syscall nx pdpe1gb rdtscp lm constant_tsc arch_perfmon pebs bts rep_good nopl xtopology nonstop_tsc aperfmperf eagerfpu pni pclmulqdq dtes64 monitor ds_cpl vmx est tm2 ssse3 fma cx16 xtpr pdcm pcid sse4_1 sse4_2 movbe popcnt tsc_deadline_timer aes xsave avx f16c rdrand lahf_lm abm ida arat epb xsaveopt pln pts dtherm tpr_shadow vnmi flexpriority ept vpid fsgsbase tsc_adjust bmi1 avx2 smep bmi2 erms invpcid
bogomips	: 4589.31
clflush size	: 64
cache_alignment	: 64
address sizes	: 39 bits physical, 48 bits virtual
power management:

processor	: 2
vendor_id	: GenuineIntel
cpu family	: 6
model		: 69
model name	: Intel(R) Core(TM) i5-4200U CPU @ 1.60GHz
stepping	: 1
microcode	: 0x17
cpu MHz		: 2300.718
cache size	: 3072 KB
physical id	: 0
siblings	: 4
core id		: 0
cpu cores	: 2
apicid		: 1
initial apicid	: 1
fpu		: yes
fpu_exception	: yes
cpuid level	: 13
wp		: yes
flags		: fpu vme de pse tsc msr pae mce cx8 apic sep mtrr pge mca cmov pat pse36 clflush dts acpi mmx fxsr sse sse2 ss ht tm pbe syscall nx pdpe1gb rdtscp lm constant_tsc arch_perfmon pebs bts rep_good nopl xtopology nonstop_tsc aperfmperf eagerfpu pni pclmulqdq dtes64 monitor ds_cpl vmx est tm2 ssse3 fma cx16 xtpr pdcm pcid sse4_1 sse4_2 movbe popcnt tsc_deadline_timer aes xsave avx f16c rdrand lahf_lm abm ida arat epb xsaveopt pln pts dtherm tpr_shadow vnmi flexpriority ept vpid fsgsbase tsc_adjust bmi1 avx2 smep bmi2 erms invpcid
bogomips	: 4589.31
clflush size	: 64
cache_alignment	: 64
address sizes	: 39 bits physical, 48 bits virtual
power management:

processor	: 3
vendor_id	: GenuineIntel
cpu family	: 6
model		: 69
model name	: Intel(R) Core(TM) i5-4200U CPU @ 1.60GHz
stepping	: 1
microcode	: 0x17
cpu MHz		: 2306.828
cache size	: 3072 KB
physical id	: 0
siblings	: 4
core id		: 1
cpu cores	: 2
apicid		: 3
initial apicid	: 3
fpu		: yes
fpu_exception	: yes
cpuid level	: 13
wp		: yes
flags		: fpu vme de pse tsc msr pae mce cx8 apic sep mtrr pge mca cmov pat pse36 clflush dts acpi mmx fxsr sse sse2 ss ht tm pbe syscall nx pdpe1gb rdtscp lm constant_tsc arch_perfmon pebs bts rep_good nopl xtopology nonstop_tsc aperfmperf eagerfpu pni pclmulqdq dtes64 monitor ds_cpl vmx est tm2 ssse3 fma cx16 xtpr pdcm pcid sse4_1 sse4_2 movbe popcnt tsc_deadline_timer aes xsave avx f16c rdrand lahf_lm abm ida arat epb xsaveopt pln pts dtherm tpr_shadow vnmi flexpriority ept vpid fsgsbase tsc_adjust bmi1 avx2 smep bmi2 erms invpcid
bogomips	: 4589.31
clflush size	: 64
cache_alignment	: 64
address sizes	: 39 bits physical, 48 bits virtual
power management:



Memory: 4k page, physical 8077076k(1075512k free), swap 0k(0k free)

vm_info: OpenJDK 64-Bit Server VM (24.111-b01) for linux-amd64 JRE (1.7.0_111-b01), built on Jul 31 2016 18:05:06 by "jmm" with gcc 4.9.2

time: Wed Nov 16 09:40:22 2016
elapsed time: 38 seconds

